running egg_info
creating ../build/number_counter_py/number_counter_py.egg-info
writing ../build/number_counter_py/number_counter_py.egg-info/PKG-INFO
writing dependency_links to ../build/number_counter_py/number_counter_py.egg-info/dependency_links.txt
writing entry points to ../build/number_counter_py/number_counter_py.egg-info/entry_points.txt
writing requirements to ../build/number_counter_py/number_counter_py.egg-info/requires.txt
writing top-level names to ../build/number_counter_py/number_counter_py.egg-info/top_level.txt
writing manifest file '../build/number_counter_py/number_counter_py.egg-info/SOURCES.txt'
reading manifest file '../build/number_counter_py/number_counter_py.egg-info/SOURCES.txt'
adding license file 'LICENSE'
writing manifest file '../build/number_counter_py/number_counter_py.egg-info/SOURCES.txt'
running build
running build_py
creating /home/tommi/ros2/ws/build/number_counter_py/build
creating /home/tommi/ros2/ws/build/number_counter_py/build/lib
creating /home/tommi/ros2/ws/build/number_counter_py/build/lib/number_counter_py
copying number_counter_py/number_counter_py.py -> /home/tommi/ros2/ws/build/number_counter_py/build/lib/number_counter_py
copying number_counter_py/__init__.py -> /home/tommi/ros2/ws/build/number_counter_py/build/lib/number_counter_py
running install
running install_lib
creating /home/tommi/ros2/ws/install/number_counter_py/lib/python3.12/site-packages/number_counter_py
copying /home/tommi/ros2/ws/build/number_counter_py/build/lib/number_counter_py/number_counter_py.py -> /home/tommi/ros2/ws/install/number_counter_py/lib/python3.12/site-packages/number_counter_py
copying /home/tommi/ros2/ws/build/number_counter_py/build/lib/number_counter_py/__init__.py -> /home/tommi/ros2/ws/install/number_counter_py/lib/python3.12/site-packages/number_counter_py
byte-compiling /home/tommi/ros2/ws/install/number_counter_py/lib/python3.12/site-packages/number_counter_py/number_counter_py.py to number_counter_py.cpython-312.pyc
byte-compiling /home/tommi/ros2/ws/install/number_counter_py/lib/python3.12/site-packages/number_counter_py/__init__.py to __init__.cpython-312.pyc
running install_data
creating /home/tommi/ros2/ws/install/number_counter_py/share/ament_index
creating /home/tommi/ros2/ws/install/number_counter_py/share/ament_index/resource_index
creating /home/tommi/ros2/ws/install/number_counter_py/share/ament_index/resource_index/packages
copying resource/number_counter_py -> /home/tommi/ros2/ws/install/number_counter_py/share/ament_index/resource_index/packages
copying package.xml -> /home/tommi/ros2/ws/install/number_counter_py/share/number_counter_py
running install_egg_info
Copying ../build/number_counter_py/number_counter_py.egg-info to /home/tommi/ros2/ws/install/number_counter_py/lib/python3.12/site-packages/number_counter_py-0.0.0-py3.12.egg-info
running install_scripts
Installing number_counter_py script to /home/tommi/ros2/ws/install/number_counter_py/lib/number_counter_py
writing list of installed files to '/home/tommi/ros2/ws/build/number_counter_py/install.log'
