[0.937s] Invoking command in '/home/tommi/ros2/ws/my_py_pkg': CMAKE_PREFIX_PATH=/home/tommi/ros2/ws/install/my_robot_interfaces:/home/tommi/ros2/ws/install/turtle_challenge_cpp:/home/tommi/ros2/ws/install/service_client_cpp:/opt/ros/jazzy/opt/gz_sim_vendor:/opt/ros/jazzy/opt/gz_sensors_vendor:/opt/ros/jazzy/opt/gz_physics_vendor:/opt/ros/jazzy/opt/sdformat_vendor:/opt/ros/jazzy/opt/gz_gui_vendor:/opt/ros/jazzy/opt/gz_transport_vendor:/opt/ros/jazzy/opt/gz_rendering_vendor:/opt/ros/jazzy/opt/gz_plugin_vendor:/opt/ros/jazzy/opt/gz_fuel_tools_vendor:/opt/ros/jazzy/opt/gz_msgs_vendor:/opt/ros/jazzy/opt/gz_common_vendor:/opt/ros/jazzy/opt/gz_math_vendor:/opt/ros/jazzy/opt/gz_utils_vendor:/opt/ros/jazzy/opt/gz_tools_vendor:/opt/ros/jazzy/opt/gz_ogre_next_vendor:/opt/ros/jazzy/opt/gz_dartsim_vendor:/opt/ros/jazzy/opt/gz_cmake_vendor DEBUGINFOD_URLS=https://debuginfod.ubuntu.com PYTHONPATH=/home/tommi/ros2/ws/build/my_py_pkg/prefix_override:/usr/lib/python3/dist-packages/colcon_core/task/python/colcon_distutils_commands:/home/tommi/ros2/ws/install/my_py_pkg/lib/python3.12/site-packages:/home/tommi/ros2/ws/install/my_robot_interfaces/lib/python3.12/site-packages:/home/tommi/ros2/ws/install/my_py_pkg/lib/python3.12/site-packages:/home/tommi/ros2/ws/install/number_publisher/lib/python3.12/site-packages:/home/tommi/ros2/ws/install/number_counter_py/lib/python3.12/site-packages:/home/tommi/ros2/ws/build/temperature:/home/tommi/ros2/ws/install/temperature/lib/python3.12/site-packages:/opt/ros/jazzy/lib/python3.12/site-packages /usr/bin/python3 -W ignore:setup.py install is deprecated -W ignore:easy_install command is deprecated setup.py egg_info --egg-base ../build/my_py_pkg build --build-base /home/tommi/ros2/ws/build/my_py_pkg/build install --record /home/tommi/ros2/ws/build/my_py_pkg/install.log --single-version-externally-managed install_data
[1.251s] running egg_info
[1.274s] writing ../build/my_py_pkg/my_py_pkg.egg-info/PKG-INFO
[1.274s] writing dependency_links to ../build/my_py_pkg/my_py_pkg.egg-info/dependency_links.txt
[1.275s] writing entry points to ../build/my_py_pkg/my_py_pkg.egg-info/entry_points.txt
[1.275s] writing requirements to ../build/my_py_pkg/my_py_pkg.egg-info/requires.txt
[1.275s] writing top-level names to ../build/my_py_pkg/my_py_pkg.egg-info/top_level.txt
[1.325s] reading manifest file '../build/my_py_pkg/my_py_pkg.egg-info/SOURCES.txt'
[1.326s] writing manifest file '../build/my_py_pkg/my_py_pkg.egg-info/SOURCES.txt'
[1.326s] running build
[1.327s] running build_py
[1.327s] copying my_py_pkg/count_until_client_minimal.py -> /home/tommi/ros2/ws/build/my_py_pkg/build/lib/my_py_pkg
[1.328s] running install
[1.334s] running install_lib
[1.358s] copying /home/tommi/ros2/ws/build/my_py_pkg/build/lib/my_py_pkg/count_until_client_minimal.py -> /home/tommi/ros2/ws/install/my_py_pkg/lib/python3.12/site-packages/my_py_pkg
[1.359s] byte-compiling /home/tommi/ros2/ws/install/my_py_pkg/lib/python3.12/site-packages/my_py_pkg/count_until_client_minimal.py to count_until_client_minimal.cpython-312.pyc
[1.359s] running install_data
[1.360s] running install_egg_info
[1.384s] removing '/home/tommi/ros2/ws/install/my_py_pkg/lib/python3.12/site-packages/my_py_pkg-0.0.0-py3.12.egg-info' (and everything under it)
[1.384s] Copying ../build/my_py_pkg/my_py_pkg.egg-info to /home/tommi/ros2/ws/install/my_py_pkg/lib/python3.12/site-packages/my_py_pkg-0.0.0-py3.12.egg-info
[1.385s] running install_scripts
[1.547s] Installing count_until_client_minimal script to /home/tommi/ros2/ws/install/my_py_pkg/lib/my_py_pkg
[1.547s] Installing count_until_server_minimal script to /home/tommi/ros2/ws/install/my_py_pkg/lib/my_py_pkg
[1.548s] Installing number_counter script to /home/tommi/ros2/ws/install/my_py_pkg/lib/my_py_pkg
[1.548s] Installing number_publisher script to /home/tommi/ros2/ws/install/my_py_pkg/lib/my_py_pkg
[1.548s] Installing reset_counter_client script to /home/tommi/ros2/ws/install/my_py_pkg/lib/my_py_pkg
[1.548s] Installing test_node script to /home/tommi/ros2/ws/install/my_py_pkg/lib/my_py_pkg
[1.548s] writing list of installed files to '/home/tommi/ros2/ws/build/my_py_pkg/install.log'
[1.574s] Invoked command in '/home/tommi/ros2/ws/my_py_pkg' returned '0': CMAKE_PREFIX_PATH=/home/tommi/ros2/ws/install/my_robot_interfaces:/home/tommi/ros2/ws/install/turtle_challenge_cpp:/home/tommi/ros2/ws/install/service_client_cpp:/opt/ros/jazzy/opt/gz_sim_vendor:/opt/ros/jazzy/opt/gz_sensors_vendor:/opt/ros/jazzy/opt/gz_physics_vendor:/opt/ros/jazzy/opt/sdformat_vendor:/opt/ros/jazzy/opt/gz_gui_vendor:/opt/ros/jazzy/opt/gz_transport_vendor:/opt/ros/jazzy/opt/gz_rendering_vendor:/opt/ros/jazzy/opt/gz_plugin_vendor:/opt/ros/jazzy/opt/gz_fuel_tools_vendor:/opt/ros/jazzy/opt/gz_msgs_vendor:/opt/ros/jazzy/opt/gz_common_vendor:/opt/ros/jazzy/opt/gz_math_vendor:/opt/ros/jazzy/opt/gz_utils_vendor:/opt/ros/jazzy/opt/gz_tools_vendor:/opt/ros/jazzy/opt/gz_ogre_next_vendor:/opt/ros/jazzy/opt/gz_dartsim_vendor:/opt/ros/jazzy/opt/gz_cmake_vendor DEBUGINFOD_URLS=https://debuginfod.ubuntu.com PYTHONPATH=/home/tommi/ros2/ws/build/my_py_pkg/prefix_override:/usr/lib/python3/dist-packages/colcon_core/task/python/colcon_distutils_commands:/home/tommi/ros2/ws/install/my_py_pkg/lib/python3.12/site-packages:/home/tommi/ros2/ws/install/my_robot_interfaces/lib/python3.12/site-packages:/home/tommi/ros2/ws/install/my_py_pkg/lib/python3.12/site-packages:/home/tommi/ros2/ws/install/number_publisher/lib/python3.12/site-packages:/home/tommi/ros2/ws/install/number_counter_py/lib/python3.12/site-packages:/home/tommi/ros2/ws/build/temperature:/home/tommi/ros2/ws/install/temperature/lib/python3.12/site-packages:/opt/ros/jazzy/lib/python3.12/site-packages /usr/bin/python3 -W ignore:setup.py install is deprecated -W ignore:easy_install command is deprecated setup.py egg_info --egg-base ../build/my_py_pkg build --build-base /home/tommi/ros2/ws/build/my_py_pkg/build install --record /home/tommi/ros2/ws/build/my_py_pkg/install.log --single-version-externally-managed install_data
