[0.105s] DEBUG:colcon:Command line arguments: ['/usr/bin/colcon', 'build', '--packages-select', 'number_publisher']
[0.105s] DEBUG:colcon:Parsed command line arguments: Namespace(log_base=None, log_level=None, verb_name='build', build_base='build', install_base='install', merge_install=False, symlink_install=False, test_result_base=None, continue_on_error=False, executor='parallel', parallel_workers=8, event_handlers=None, ignore_user_meta=False, metas=['./colcon.meta'], base_paths=['.'], packages_ignore=None, packages_ignore_regex=None, paths=None, packages_up_to=None, packages_up_to_regex=None, packages_above=None, packages_above_and_dependencies=None, packages_above_depth=None, packages_select_by_dep=None, packages_skip_by_dep=None, packages_skip_up_to=None, packages_select_build_failed=False, packages_skip_build_finished=False, packages_select_test_failures=False, packages_skip_test_passed=False, packages_select=['number_publisher'], packages_skip=None, packages_select_regex=None, packages_skip_regex=None, packages_start=None, packages_end=None, allow_overriding=[], cmake_args=None, cmake_target=None, cmake_target_skip_unavailable=False, cmake_clean_cache=False, cmake_clean_first=False, cmake_force_configure=False, ament_cmake_args=None, catkin_cmake_args=None, catkin_skip_building_tests=False, mixin_files=None, mixin=None, verb_parser=<colcon_mixin.mixin.mixin_argument.MixinArgumentDecorator object at 0x7fdd73ca8230>, verb_extension=<colcon_core.verb.build.BuildVerb object at 0x7fdd73dcc650>, main=<bound method BuildVerb.main of <colcon_core.verb.build.BuildVerb object at 0x7fdd73dcc650>>, mixin_verb=('build',))
[0.143s] Level 1:colcon.colcon_core.package_discovery:discover_packages(colcon_meta) check parameters
[0.143s] Level 1:colcon.colcon_core.package_discovery:discover_packages(recursive) check parameters
[0.143s] Level 1:colcon.colcon_core.package_discovery:discover_packages(ignore) check parameters
[0.143s] Level 1:colcon.colcon_core.package_discovery:discover_packages(path) check parameters
[0.143s] Level 1:colcon.colcon_core.package_discovery:discover_packages(colcon_meta) discover
[0.143s] Level 1:colcon.colcon_core.package_discovery:discover_packages(recursive) discover
[0.143s] INFO:colcon.colcon_core.package_discovery:Crawling recursively for packages in '/home/tommi/ros2/ws'
[0.143s] Level 1:colcon.colcon_core.package_identification:_identify(.) by extensions ['ignore', 'ignore_ament_install']
[0.143s] Level 1:colcon.colcon_core.package_identification:_identify(.) by extension 'ignore'
[0.144s] Level 1:colcon.colcon_core.package_identification:_identify(.) by extension 'ignore_ament_install'
[0.144s] Level 1:colcon.colcon_core.package_identification:_identify(.) by extensions ['colcon_pkg']
[0.144s] Level 1:colcon.colcon_core.package_identification:_identify(.) by extension 'colcon_pkg'
[0.144s] Level 1:colcon.colcon_core.package_identification:_identify(.) by extensions ['colcon_meta']
[0.144s] Level 1:colcon.colcon_core.package_identification:_identify(.) by extension 'colcon_meta'
[0.144s] Level 1:colcon.colcon_core.package_identification:_identify(.) by extensions ['ros']
[0.144s] Level 1:colcon.colcon_core.package_identification:_identify(.) by extension 'ros'
[0.167s] Level 1:colcon.colcon_core.package_identification:_identify(.) by extensions ['cmake', 'python']
[0.167s] Level 1:colcon.colcon_core.package_identification:_identify(.) by extension 'cmake'
[0.167s] Level 1:colcon.colcon_core.package_identification:_identify(.) by extension 'python'
[0.167s] Level 1:colcon.colcon_core.package_identification:_identify(.) by extensions ['python_setup_py']
[0.167s] Level 1:colcon.colcon_core.package_identification:_identify(.) by extension 'python_setup_py'
[0.167s] Level 1:colcon.colcon_core.package_identification:_identify(build) by extensions ['ignore', 'ignore_ament_install']
[0.167s] Level 1:colcon.colcon_core.package_identification:_identify(build) by extension 'ignore'
[0.167s] Level 1:colcon.colcon_core.package_identification:_identify(build) ignored
[0.167s] Level 1:colcon.colcon_core.package_identification:_identify(install) by extensions ['ignore', 'ignore_ament_install']
[0.168s] Level 1:colcon.colcon_core.package_identification:_identify(install) by extension 'ignore'
[0.168s] Level 1:colcon.colcon_core.package_identification:_identify(install) ignored
[0.168s] Level 1:colcon.colcon_core.package_identification:_identify(log) by extensions ['ignore', 'ignore_ament_install']
[0.168s] Level 1:colcon.colcon_core.package_identification:_identify(log) by extension 'ignore'
[0.168s] Level 1:colcon.colcon_core.package_identification:_identify(log) ignored
[0.168s] Level 1:colcon.colcon_core.package_identification:_identify(my_robot_interfaces) by extensions ['ignore', 'ignore_ament_install']
[0.168s] Level 1:colcon.colcon_core.package_identification:_identify(my_robot_interfaces) by extension 'ignore'
[0.168s] Level 1:colcon.colcon_core.package_identification:_identify(my_robot_interfaces) by extension 'ignore_ament_install'
[0.168s] Level 1:colcon.colcon_core.package_identification:_identify(my_robot_interfaces) by extensions ['colcon_pkg']
[0.168s] Level 1:colcon.colcon_core.package_identification:_identify(my_robot_interfaces) by extension 'colcon_pkg'
[0.168s] Level 1:colcon.colcon_core.package_identification:_identify(my_robot_interfaces) by extensions ['colcon_meta']
[0.168s] Level 1:colcon.colcon_core.package_identification:_identify(my_robot_interfaces) by extension 'colcon_meta'
[0.168s] Level 1:colcon.colcon_core.package_identification:_identify(my_robot_interfaces) by extensions ['ros']
[0.168s] Level 1:colcon.colcon_core.package_identification:_identify(my_robot_interfaces) by extension 'ros'
[0.170s] DEBUG:colcon.colcon_core.package_identification:Package 'my_robot_interfaces' with type 'ros.ament_cmake' and name 'my_robot_interfaces'
[0.171s] Level 1:colcon.colcon_core.package_identification:_identify(number_publisher) by extensions ['ignore', 'ignore_ament_install']
[0.171s] Level 1:colcon.colcon_core.package_identification:_identify(number_publisher) by extension 'ignore'
[0.171s] Level 1:colcon.colcon_core.package_identification:_identify(number_publisher) by extension 'ignore_ament_install'
[0.171s] Level 1:colcon.colcon_core.package_identification:_identify(number_publisher) by extensions ['colcon_pkg']
[0.171s] Level 1:colcon.colcon_core.package_identification:_identify(number_publisher) by extension 'colcon_pkg'
[0.171s] Level 1:colcon.colcon_core.package_identification:_identify(number_publisher) by extensions ['colcon_meta']
[0.171s] Level 1:colcon.colcon_core.package_identification:_identify(number_publisher) by extension 'colcon_meta'
[0.171s] Level 1:colcon.colcon_core.package_identification:_identify(number_publisher) by extensions ['ros']
[0.171s] Level 1:colcon.colcon_core.package_identification:_identify(number_publisher) by extension 'ros'
[0.171s] DEBUG:colcon.colcon_core.package_identification:Package 'number_publisher' with type 'ros.ament_python' and name 'number_publisher'
[0.172s] Level 1:colcon.colcon_core.package_identification:_identify(src) by extensions ['ignore', 'ignore_ament_install']
[0.172s] Level 1:colcon.colcon_core.package_identification:_identify(src) by extension 'ignore'
[0.172s] Level 1:colcon.colcon_core.package_identification:_identify(src) by extension 'ignore_ament_install'
[0.172s] Level 1:colcon.colcon_core.package_identification:_identify(src) by extensions ['colcon_pkg']
[0.172s] Level 1:colcon.colcon_core.package_identification:_identify(src) by extension 'colcon_pkg'
[0.172s] Level 1:colcon.colcon_core.package_identification:_identify(src) by extensions ['colcon_meta']
[0.172s] Level 1:colcon.colcon_core.package_identification:_identify(src) by extension 'colcon_meta'
[0.172s] Level 1:colcon.colcon_core.package_identification:_identify(src) by extensions ['ros']
[0.172s] Level 1:colcon.colcon_core.package_identification:_identify(src) by extension 'ros'
[0.172s] Level 1:colcon.colcon_core.package_identification:_identify(src) by extensions ['cmake', 'python']
[0.172s] Level 1:colcon.colcon_core.package_identification:_identify(src) by extension 'cmake'
[0.172s] Level 1:colcon.colcon_core.package_identification:_identify(src) by extension 'python'
[0.172s] Level 1:colcon.colcon_core.package_identification:_identify(src) by extensions ['python_setup_py']
[0.172s] Level 1:colcon.colcon_core.package_identification:_identify(src) by extension 'python_setup_py'
[0.172s] Level 1:colcon.colcon_core.package_identification:_identify(temperature) by extensions ['ignore', 'ignore_ament_install']
[0.172s] Level 1:colcon.colcon_core.package_identification:_identify(temperature) by extension 'ignore'
[0.172s] Level 1:colcon.colcon_core.package_identification:_identify(temperature) by extension 'ignore_ament_install'
[0.172s] Level 1:colcon.colcon_core.package_identification:_identify(temperature) by extensions ['colcon_pkg']
[0.172s] Level 1:colcon.colcon_core.package_identification:_identify(temperature) by extension 'colcon_pkg'
[0.172s] Level 1:colcon.colcon_core.package_identification:_identify(temperature) by extensions ['colcon_meta']
[0.172s] Level 1:colcon.colcon_core.package_identification:_identify(temperature) by extension 'colcon_meta'
[0.173s] Level 1:colcon.colcon_core.package_identification:_identify(temperature) by extensions ['ros']
[0.173s] Level 1:colcon.colcon_core.package_identification:_identify(temperature) by extension 'ros'
[0.173s] DEBUG:colcon.colcon_core.package_identification:Package 'temperature' with type 'ros.ament_python' and name 'temperature'
[0.173s] Level 1:colcon.colcon_core.package_discovery:discover_packages(recursive) using defaults
[0.173s] Level 1:colcon.colcon_core.package_discovery:discover_packages(ignore) discover
[0.173s] Level 1:colcon.colcon_core.package_discovery:discover_packages(ignore) using defaults
[0.173s] Level 1:colcon.colcon_core.package_discovery:discover_packages(path) discover
[0.173s] Level 1:colcon.colcon_core.package_discovery:discover_packages(path) using defaults
[0.191s] INFO:colcon.colcon_core.package_selection:Skipping not selected package 'my_robot_interfaces' in 'my_robot_interfaces'
[0.192s] INFO:colcon.colcon_core.package_selection:Skipping not selected package 'temperature' in 'temperature'
[0.192s] Level 1:colcon.colcon_core.package_discovery:discover_packages(prefix_path) check parameters
[0.192s] Level 1:colcon.colcon_core.package_discovery:discover_packages(prefix_path) discover
[0.194s] DEBUG:colcon.colcon_installed_package_information.package_discovery:Found 2 installed packages in /home/tommi/ros2/ws/install
[0.195s] DEBUG:colcon.colcon_installed_package_information.package_discovery:Found 327 installed packages in /opt/ros/jazzy
[0.196s] Level 1:colcon.colcon_core.package_discovery:discover_packages(prefix_path) using defaults
[0.244s] Level 5:colcon.colcon_core.verb:set package 'number_publisher' build argument 'cmake_args' from command line to 'None'
[0.244s] Level 5:colcon.colcon_core.verb:set package 'number_publisher' build argument 'cmake_target' from command line to 'None'
[0.244s] Level 5:colcon.colcon_core.verb:set package 'number_publisher' build argument 'cmake_target_skip_unavailable' from command line to 'False'
[0.244s] Level 5:colcon.colcon_core.verb:set package 'number_publisher' build argument 'cmake_clean_cache' from command line to 'False'
[0.244s] Level 5:colcon.colcon_core.verb:set package 'number_publisher' build argument 'cmake_clean_first' from command line to 'False'
[0.244s] Level 5:colcon.colcon_core.verb:set package 'number_publisher' build argument 'cmake_force_configure' from command line to 'False'
[0.244s] Level 5:colcon.colcon_core.verb:set package 'number_publisher' build argument 'ament_cmake_args' from command line to 'None'
[0.244s] Level 5:colcon.colcon_core.verb:set package 'number_publisher' build argument 'catkin_cmake_args' from command line to 'None'
[0.244s] Level 5:colcon.colcon_core.verb:set package 'number_publisher' build argument 'catkin_skip_building_tests' from command line to 'False'
[0.244s] DEBUG:colcon.colcon_core.verb:Building package 'number_publisher' with the following arguments: {'ament_cmake_args': None, 'build_base': '/home/tommi/ros2/ws/build/number_publisher', 'catkin_cmake_args': None, 'catkin_skip_building_tests': False, 'cmake_args': None, 'cmake_clean_cache': False, 'cmake_clean_first': False, 'cmake_force_configure': False, 'cmake_target': None, 'cmake_target_skip_unavailable': False, 'install_base': '/home/tommi/ros2/ws/install/number_publisher', 'merge_install': False, 'path': '/home/tommi/ros2/ws/number_publisher', 'symlink_install': False, 'test_result_base': None}
[0.244s] INFO:colcon.colcon_core.executor:Executing jobs using 'parallel' executor
[0.245s] DEBUG:colcon.colcon_parallel_executor.executor.parallel:run_until_complete
[0.245s] INFO:colcon.colcon_ros.task.ament_python.build:Building ROS package in '/home/tommi/ros2/ws/number_publisher' with build type 'ament_python'
[0.245s] Level 1:colcon.colcon_core.shell:create_environment_hook('number_publisher', 'ament_prefix_path')
[0.247s] INFO:colcon.colcon_core.plugin_system:Skipping extension 'colcon_core.shell.bat': Not used on non-Windows systems
[0.248s] INFO:colcon.colcon_core.shell:Creating environment hook '/home/tommi/ros2/ws/install/number_publisher/share/number_publisher/hook/ament_prefix_path.ps1'
[0.248s] INFO:colcon.colcon_core.shell:Creating environment descriptor '/home/tommi/ros2/ws/install/number_publisher/share/number_publisher/hook/ament_prefix_path.dsv'
[0.249s] INFO:colcon.colcon_core.shell:Creating environment hook '/home/tommi/ros2/ws/install/number_publisher/share/number_publisher/hook/ament_prefix_path.sh'
[0.250s] INFO:colcon.colcon_core.shell:Skip shell extension 'powershell' for command environment: Not usable outside of PowerShell
[0.250s] DEBUG:colcon.colcon_core.shell:Skip shell extension 'dsv' for command environment
[0.472s] INFO:colcon.colcon_core.task.python.build:Building Python package in '/home/tommi/ros2/ws/number_publisher'
[0.472s] INFO:colcon.colcon_core.shell:Skip shell extension 'powershell' for command environment: Not usable outside of PowerShell
[0.472s] DEBUG:colcon.colcon_core.shell:Skip shell extension 'dsv' for command environment
[1.098s] DEBUG:colcon.colcon_core.event_handler.log_command:Invoking command in '/home/tommi/ros2/ws/number_publisher': DEBUGINFOD_URLS=https://debuginfod.ubuntu.com PYTHONPATH=/home/tommi/ros2/ws/build/number_publisher/prefix_override:/usr/lib/python3/dist-packages/colcon_core/task/python/colcon_distutils_commands:/home/tommi/ros2/ws/install/number_publisher/lib/python3.12/site-packages:/home/tommi/ros2/ws/install/my_robot_interfaces/lib/python3.12/site-packages:/home/tommi/ros2/ws/build/temperature:/home/tommi/ros2/ws/install/temperature/lib/python3.12/site-packages:/opt/ros/jazzy/lib/python3.12/site-packages /usr/bin/python3 -W ignore:setup.py install is deprecated -W ignore:easy_install command is deprecated setup.py egg_info --egg-base ../build/number_publisher build --build-base /home/tommi/ros2/ws/build/number_publisher/build install --record /home/tommi/ros2/ws/build/number_publisher/install.log --single-version-externally-managed install_data
[1.680s] DEBUG:colcon.colcon_core.event_handler.log_command:Invoked command in '/home/tommi/ros2/ws/number_publisher' returned '0': DEBUGINFOD_URLS=https://debuginfod.ubuntu.com PYTHONPATH=/home/tommi/ros2/ws/build/number_publisher/prefix_override:/usr/lib/python3/dist-packages/colcon_core/task/python/colcon_distutils_commands:/home/tommi/ros2/ws/install/number_publisher/lib/python3.12/site-packages:/home/tommi/ros2/ws/install/my_robot_interfaces/lib/python3.12/site-packages:/home/tommi/ros2/ws/build/temperature:/home/tommi/ros2/ws/install/temperature/lib/python3.12/site-packages:/opt/ros/jazzy/lib/python3.12/site-packages /usr/bin/python3 -W ignore:setup.py install is deprecated -W ignore:easy_install command is deprecated setup.py egg_info --egg-base ../build/number_publisher build --build-base /home/tommi/ros2/ws/build/number_publisher/build install --record /home/tommi/ros2/ws/build/number_publisher/install.log --single-version-externally-managed install_data
[1.682s] Level 1:colcon.colcon_core.environment:checking '/home/tommi/ros2/ws/install/number_publisher' for CMake module files
[1.683s] Level 1:colcon.colcon_core.environment:checking '/home/tommi/ros2/ws/install/number_publisher' for CMake config files
[1.683s] Level 1:colcon.colcon_core.environment:checking '/home/tommi/ros2/ws/install/number_publisher/lib'
[1.684s] Level 1:colcon.colcon_core.environment:checking '/home/tommi/ros2/ws/install/number_publisher/bin'
[1.684s] Level 1:colcon.colcon_core.environment:checking '/home/tommi/ros2/ws/install/number_publisher/lib/pkgconfig/number_publisher.pc'
[1.684s] Level 1:colcon.colcon_core.environment:checking '/home/tommi/ros2/ws/install/number_publisher/lib/python3.12/site-packages'
[1.684s] Level 1:colcon.colcon_core.shell:create_environment_hook('number_publisher', 'pythonpath')
[1.684s] INFO:colcon.colcon_core.shell:Creating environment hook '/home/tommi/ros2/ws/install/number_publisher/share/number_publisher/hook/pythonpath.ps1'
[1.685s] INFO:colcon.colcon_core.shell:Creating environment descriptor '/home/tommi/ros2/ws/install/number_publisher/share/number_publisher/hook/pythonpath.dsv'
[1.685s] INFO:colcon.colcon_core.shell:Creating environment hook '/home/tommi/ros2/ws/install/number_publisher/share/number_publisher/hook/pythonpath.sh'
[1.685s] Level 1:colcon.colcon_core.environment:checking '/home/tommi/ros2/ws/install/number_publisher/bin'
[1.685s] Level 1:colcon.colcon_core.environment:create_environment_scripts_only(number_publisher)
[1.686s] INFO:colcon.colcon_core.shell:Creating package script '/home/tommi/ros2/ws/install/number_publisher/share/number_publisher/package.ps1'
[1.686s] INFO:colcon.colcon_core.shell:Creating package descriptor '/home/tommi/ros2/ws/install/number_publisher/share/number_publisher/package.dsv'
[1.687s] INFO:colcon.colcon_core.shell:Creating package script '/home/tommi/ros2/ws/install/number_publisher/share/number_publisher/package.sh'
[1.687s] INFO:colcon.colcon_core.shell:Creating package script '/home/tommi/ros2/ws/install/number_publisher/share/number_publisher/package.bash'
[1.688s] INFO:colcon.colcon_core.shell:Creating package script '/home/tommi/ros2/ws/install/number_publisher/share/number_publisher/package.zsh'
[1.688s] Level 1:colcon.colcon_core.environment:create_file_with_runtime_dependencies(/home/tommi/ros2/ws/install/number_publisher/share/colcon-core/packages/number_publisher)
[1.689s] DEBUG:colcon.colcon_parallel_executor.executor.parallel:closing loop
[1.689s] DEBUG:colcon.colcon_parallel_executor.executor.parallel:loop closed
[1.689s] DEBUG:colcon.colcon_parallel_executor.executor.parallel:run_until_complete finished with '0'
[1.689s] DEBUG:colcon.colcon_core.event_reactor:joining thread
[1.695s] INFO:colcon.colcon_core.plugin_system:Skipping extension 'colcon_notification.desktop_notification.terminal_notifier': Not used on non-Darwin systems
[1.695s] INFO:colcon.colcon_core.plugin_system:Skipping extension 'colcon_notification.desktop_notification.win32': Not used on non-Windows systems
[1.695s] INFO:colcon.colcon_notification.desktop_notification:Sending desktop notification using 'notify2'
[1.707s] DEBUG:colcon.colcon_core.event_reactor:joined thread
[1.707s] INFO:colcon.colcon_core.shell:Creating prefix script '/home/tommi/ros2/ws/install/local_setup.ps1'
[1.708s] INFO:colcon.colcon_core.shell:Creating prefix util module '/home/tommi/ros2/ws/install/_local_setup_util_ps1.py'
[1.709s] INFO:colcon.colcon_core.shell:Creating prefix chain script '/home/tommi/ros2/ws/install/setup.ps1'
[1.710s] INFO:colcon.colcon_core.shell:Creating prefix script '/home/tommi/ros2/ws/install/local_setup.sh'
[1.710s] INFO:colcon.colcon_core.shell:Creating prefix util module '/home/tommi/ros2/ws/install/_local_setup_util_sh.py'
[1.711s] INFO:colcon.colcon_core.shell:Creating prefix chain script '/home/tommi/ros2/ws/install/setup.sh'
[1.711s] INFO:colcon.colcon_core.shell:Creating prefix script '/home/tommi/ros2/ws/install/local_setup.bash'
[1.712s] INFO:colcon.colcon_core.shell:Creating prefix chain script '/home/tommi/ros2/ws/install/setup.bash'
[1.713s] INFO:colcon.colcon_core.shell:Creating prefix script '/home/tommi/ros2/ws/install/local_setup.zsh'
[1.713s] INFO:colcon.colcon_core.shell:Creating prefix chain script '/home/tommi/ros2/ws/install/setup.zsh'
