[0.113s] DEBUG:colcon:Command line arguments: ['/usr/bin/colcon', 'build']
[0.113s] DEBUG:colcon:Parsed command line arguments: Namespace(log_base=None, log_level=None, verb_name='build', build_base='build', install_base='install', merge_install=False, symlink_install=False, test_result_base=None, continue_on_error=False, executor='parallel', parallel_workers=8, event_handlers=None, ignore_user_meta=False, metas=['./colcon.meta'], base_paths=['.'], packages_ignore=None, packages_ignore_regex=None, paths=None, packages_up_to=None, packages_up_to_regex=None, packages_above=None, packages_above_and_dependencies=None, packages_above_depth=None, packages_select_by_dep=None, packages_skip_by_dep=None, packages_skip_up_to=None, packages_select_build_failed=False, packages_skip_build_finished=False, packages_select_test_failures=False, packages_skip_test_passed=False, packages_select=None, packages_skip=None, packages_select_regex=None, packages_skip_regex=None, packages_start=None, packages_end=None, allow_overriding=[], cmake_args=None, cmake_target=None, cmake_target_skip_unavailable=False, cmake_clean_cache=False, cmake_clean_first=False, cmake_force_configure=False, ament_cmake_args=None, catkin_cmake_args=None, catkin_skip_building_tests=False, mixin_files=None, mixin=None, verb_parser=<colcon_mixin.mixin.mixin_argument.MixinArgumentDecorator object at 0x73cf105441a0>, verb_extension=<colcon_core.verb.build.BuildVerb object at 0x73cf106c02c0>, main=<bound method BuildVerb.main of <colcon_core.verb.build.BuildVerb object at 0x73cf106c02c0>>, mixin_verb=('build',))
[0.152s] Level 1:colcon.colcon_core.package_discovery:discover_packages(colcon_meta) check parameters
[0.152s] Level 1:colcon.colcon_core.package_discovery:discover_packages(recursive) check parameters
[0.152s] Level 1:colcon.colcon_core.package_discovery:discover_packages(ignore) check parameters
[0.152s] Level 1:colcon.colcon_core.package_discovery:discover_packages(path) check parameters
[0.152s] Level 1:colcon.colcon_core.package_discovery:discover_packages(colcon_meta) discover
[0.152s] Level 1:colcon.colcon_core.package_discovery:discover_packages(recursive) discover
[0.153s] INFO:colcon.colcon_core.package_discovery:Crawling recursively for packages in '/home/tommi/ros2/ws'
[0.153s] Level 1:colcon.colcon_core.package_identification:_identify(.) by extensions ['ignore', 'ignore_ament_install']
[0.153s] Level 1:colcon.colcon_core.package_identification:_identify(.) by extension 'ignore'
[0.153s] Level 1:colcon.colcon_core.package_identification:_identify(.) by extension 'ignore_ament_install'
[0.153s] Level 1:colcon.colcon_core.package_identification:_identify(.) by extensions ['colcon_pkg']
[0.153s] Level 1:colcon.colcon_core.package_identification:_identify(.) by extension 'colcon_pkg'
[0.153s] Level 1:colcon.colcon_core.package_identification:_identify(.) by extensions ['colcon_meta']
[0.153s] Level 1:colcon.colcon_core.package_identification:_identify(.) by extension 'colcon_meta'
[0.153s] Level 1:colcon.colcon_core.package_identification:_identify(.) by extensions ['ros']
[0.153s] Level 1:colcon.colcon_core.package_identification:_identify(.) by extension 'ros'
[0.177s] Level 1:colcon.colcon_core.package_identification:_identify(.) by extensions ['cmake', 'python']
[0.177s] Level 1:colcon.colcon_core.package_identification:_identify(.) by extension 'cmake'
[0.177s] Level 1:colcon.colcon_core.package_identification:_identify(.) by extension 'python'
[0.177s] Level 1:colcon.colcon_core.package_identification:_identify(.) by extensions ['python_setup_py']
[0.177s] Level 1:colcon.colcon_core.package_identification:_identify(.) by extension 'python_setup_py'
[0.178s] Level 1:colcon.colcon_core.package_identification:_identify(build) by extensions ['ignore', 'ignore_ament_install']
[0.178s] Level 1:colcon.colcon_core.package_identification:_identify(build) by extension 'ignore'
[0.178s] Level 1:colcon.colcon_core.package_identification:_identify(build) ignored
[0.178s] Level 1:colcon.colcon_core.package_identification:_identify(install) by extensions ['ignore', 'ignore_ament_install']
[0.178s] Level 1:colcon.colcon_core.package_identification:_identify(install) by extension 'ignore'
[0.178s] Level 1:colcon.colcon_core.package_identification:_identify(install) ignored
[0.178s] Level 1:colcon.colcon_core.package_identification:_identify(log) by extensions ['ignore', 'ignore_ament_install']
[0.178s] Level 1:colcon.colcon_core.package_identification:_identify(log) by extension 'ignore'
[0.178s] Level 1:colcon.colcon_core.package_identification:_identify(log) ignored
[0.178s] Level 1:colcon.colcon_core.package_identification:_identify(src) by extensions ['ignore', 'ignore_ament_install']
[0.178s] Level 1:colcon.colcon_core.package_identification:_identify(src) by extension 'ignore'
[0.179s] Level 1:colcon.colcon_core.package_identification:_identify(src) by extension 'ignore_ament_install'
[0.179s] Level 1:colcon.colcon_core.package_identification:_identify(src) by extensions ['colcon_pkg']
[0.179s] Level 1:colcon.colcon_core.package_identification:_identify(src) by extension 'colcon_pkg'
[0.179s] Level 1:colcon.colcon_core.package_identification:_identify(src) by extensions ['colcon_meta']
[0.179s] Level 1:colcon.colcon_core.package_identification:_identify(src) by extension 'colcon_meta'
[0.179s] Level 1:colcon.colcon_core.package_identification:_identify(src) by extensions ['ros']
[0.179s] Level 1:colcon.colcon_core.package_identification:_identify(src) by extension 'ros'
[0.179s] Level 1:colcon.colcon_core.package_identification:_identify(src) by extensions ['cmake', 'python']
[0.179s] Level 1:colcon.colcon_core.package_identification:_identify(src) by extension 'cmake'
[0.179s] Level 1:colcon.colcon_core.package_identification:_identify(src) by extension 'python'
[0.179s] Level 1:colcon.colcon_core.package_identification:_identify(src) by extensions ['python_setup_py']
[0.179s] Level 1:colcon.colcon_core.package_identification:_identify(src) by extension 'python_setup_py'
[0.179s] Level 1:colcon.colcon_core.package_identification:_identify(temperature) by extensions ['ignore', 'ignore_ament_install']
[0.179s] Level 1:colcon.colcon_core.package_identification:_identify(temperature) by extension 'ignore'
[0.179s] Level 1:colcon.colcon_core.package_identification:_identify(temperature) by extension 'ignore_ament_install'
[0.179s] Level 1:colcon.colcon_core.package_identification:_identify(temperature) by extensions ['colcon_pkg']
[0.179s] Level 1:colcon.colcon_core.package_identification:_identify(temperature) by extension 'colcon_pkg'
[0.179s] Level 1:colcon.colcon_core.package_identification:_identify(temperature) by extensions ['colcon_meta']
[0.179s] Level 1:colcon.colcon_core.package_identification:_identify(temperature) by extension 'colcon_meta'
[0.179s] Level 1:colcon.colcon_core.package_identification:_identify(temperature) by extensions ['ros']
[0.180s] Level 1:colcon.colcon_core.package_identification:_identify(temperature) by extension 'ros'
[0.182s] DEBUG:colcon.colcon_core.package_identification:Package 'temperature' with type 'ros.ament_python' and name 'temperature'
[0.182s] Level 1:colcon.colcon_core.package_discovery:discover_packages(recursive) using defaults
[0.182s] Level 1:colcon.colcon_core.package_discovery:discover_packages(ignore) discover
[0.182s] Level 1:colcon.colcon_core.package_discovery:discover_packages(ignore) using defaults
[0.182s] Level 1:colcon.colcon_core.package_discovery:discover_packages(path) discover
[0.182s] Level 1:colcon.colcon_core.package_discovery:discover_packages(path) using defaults
[0.199s] Level 1:colcon.colcon_core.package_discovery:discover_packages(prefix_path) check parameters
[0.199s] Level 1:colcon.colcon_core.package_discovery:discover_packages(prefix_path) discover
[0.201s] DEBUG:colcon.colcon_installed_package_information.package_discovery:Found 1 installed packages in /home/tommi/ros2/ws/install
[0.203s] DEBUG:colcon.colcon_installed_package_information.package_discovery:Found 327 installed packages in /opt/ros/jazzy
[0.204s] Level 1:colcon.colcon_core.package_discovery:discover_packages(prefix_path) using defaults
[0.252s] Level 5:colcon.colcon_core.verb:set package 'temperature' build argument 'cmake_args' from command line to 'None'
[0.252s] Level 5:colcon.colcon_core.verb:set package 'temperature' build argument 'cmake_target' from command line to 'None'
[0.252s] Level 5:colcon.colcon_core.verb:set package 'temperature' build argument 'cmake_target_skip_unavailable' from command line to 'False'
[0.252s] Level 5:colcon.colcon_core.verb:set package 'temperature' build argument 'cmake_clean_cache' from command line to 'False'
[0.252s] Level 5:colcon.colcon_core.verb:set package 'temperature' build argument 'cmake_clean_first' from command line to 'False'
[0.252s] Level 5:colcon.colcon_core.verb:set package 'temperature' build argument 'cmake_force_configure' from command line to 'False'
[0.252s] Level 5:colcon.colcon_core.verb:set package 'temperature' build argument 'ament_cmake_args' from command line to 'None'
[0.252s] Level 5:colcon.colcon_core.verb:set package 'temperature' build argument 'catkin_cmake_args' from command line to 'None'
[0.253s] Level 5:colcon.colcon_core.verb:set package 'temperature' build argument 'catkin_skip_building_tests' from command line to 'False'
[0.253s] DEBUG:colcon.colcon_core.verb:Building package 'temperature' with the following arguments: {'ament_cmake_args': None, 'build_base': '/home/tommi/ros2/ws/build/temperature', 'catkin_cmake_args': None, 'catkin_skip_building_tests': False, 'cmake_args': None, 'cmake_clean_cache': False, 'cmake_clean_first': False, 'cmake_force_configure': False, 'cmake_target': None, 'cmake_target_skip_unavailable': False, 'install_base': '/home/tommi/ros2/ws/install/temperature', 'merge_install': False, 'path': '/home/tommi/ros2/ws/temperature', 'symlink_install': False, 'test_result_base': None}
[0.253s] INFO:colcon.colcon_core.executor:Executing jobs using 'parallel' executor
[0.253s] DEBUG:colcon.colcon_parallel_executor.executor.parallel:run_until_complete
[0.254s] INFO:colcon.colcon_ros.task.ament_python.build:Building ROS package in '/home/tommi/ros2/ws/temperature' with build type 'ament_python'
[0.254s] Level 1:colcon.colcon_core.shell:create_environment_hook('temperature', 'ament_prefix_path')
[0.256s] INFO:colcon.colcon_core.plugin_system:Skipping extension 'colcon_core.shell.bat': Not used on non-Windows systems
[0.256s] INFO:colcon.colcon_core.shell:Creating environment hook '/home/tommi/ros2/ws/install/temperature/share/temperature/hook/ament_prefix_path.ps1'
[0.257s] INFO:colcon.colcon_core.shell:Creating environment descriptor '/home/tommi/ros2/ws/install/temperature/share/temperature/hook/ament_prefix_path.dsv'
[0.257s] INFO:colcon.colcon_core.shell:Creating environment hook '/home/tommi/ros2/ws/install/temperature/share/temperature/hook/ament_prefix_path.sh'
[0.258s] INFO:colcon.colcon_core.shell:Skip shell extension 'powershell' for command environment: Not usable outside of PowerShell
[0.258s] DEBUG:colcon.colcon_core.shell:Skip shell extension 'dsv' for command environment
[0.502s] INFO:colcon.colcon_core.task.python.build:Building Python package in '/home/tommi/ros2/ws/temperature'
[0.502s] INFO:colcon.colcon_core.shell:Skip shell extension 'powershell' for command environment: Not usable outside of PowerShell
[0.502s] DEBUG:colcon.colcon_core.shell:Skip shell extension 'dsv' for command environment
[1.189s] DEBUG:colcon.colcon_core.event_handler.log_command:Invoking command in '/home/tommi/ros2/ws/temperature': DEBUGINFOD_URLS=https://debuginfod.ubuntu.com PYTHONPATH=/home/tommi/ros2/ws/build/temperature/prefix_override:/usr/lib/python3/dist-packages/colcon_core/task/python/colcon_distutils_commands:/home/tommi/ros2/ws/install/temperature/lib/python3.12/site-packages:${PYTHONPATH} /usr/bin/python3 -W ignore:setup.py install is deprecated -W ignore:easy_install command is deprecated setup.py egg_info --egg-base ../build/temperature build --build-base /home/tommi/ros2/ws/build/temperature/build install --record /home/tommi/ros2/ws/build/temperature/install.log --single-version-externally-managed install_data
[1.827s] DEBUG:colcon.colcon_core.event_handler.log_command:Invoked command in '/home/tommi/ros2/ws/temperature' returned '0': DEBUGINFOD_URLS=https://debuginfod.ubuntu.com PYTHONPATH=/home/tommi/ros2/ws/build/temperature/prefix_override:/usr/lib/python3/dist-packages/colcon_core/task/python/colcon_distutils_commands:/home/tommi/ros2/ws/install/temperature/lib/python3.12/site-packages:${PYTHONPATH} /usr/bin/python3 -W ignore:setup.py install is deprecated -W ignore:easy_install command is deprecated setup.py egg_info --egg-base ../build/temperature build --build-base /home/tommi/ros2/ws/build/temperature/build install --record /home/tommi/ros2/ws/build/temperature/install.log --single-version-externally-managed install_data
[1.829s] Level 1:colcon.colcon_core.environment:checking '/home/tommi/ros2/ws/install/temperature' for CMake module files
[1.830s] Level 1:colcon.colcon_core.environment:checking '/home/tommi/ros2/ws/install/temperature' for CMake config files
[1.831s] Level 1:colcon.colcon_core.environment:checking '/home/tommi/ros2/ws/install/temperature/lib'
[1.831s] Level 1:colcon.colcon_core.environment:checking '/home/tommi/ros2/ws/install/temperature/bin'
[1.831s] Level 1:colcon.colcon_core.environment:checking '/home/tommi/ros2/ws/install/temperature/lib/pkgconfig/temperature.pc'
[1.831s] Level 1:colcon.colcon_core.environment:checking '/home/tommi/ros2/ws/install/temperature/lib/python3.12/site-packages'
[1.831s] Level 1:colcon.colcon_core.shell:create_environment_hook('temperature', 'pythonpath')
[1.831s] INFO:colcon.colcon_core.shell:Creating environment hook '/home/tommi/ros2/ws/install/temperature/share/temperature/hook/pythonpath.ps1'
[1.832s] INFO:colcon.colcon_core.shell:Creating environment descriptor '/home/tommi/ros2/ws/install/temperature/share/temperature/hook/pythonpath.dsv'
[1.832s] INFO:colcon.colcon_core.shell:Creating environment hook '/home/tommi/ros2/ws/install/temperature/share/temperature/hook/pythonpath.sh'
[1.833s] Level 1:colcon.colcon_core.environment:checking '/home/tommi/ros2/ws/install/temperature/bin'
[1.833s] Level 1:colcon.colcon_core.environment:create_environment_scripts_only(temperature)
[1.833s] INFO:colcon.colcon_core.shell:Creating package script '/home/tommi/ros2/ws/install/temperature/share/temperature/package.ps1'
[1.834s] INFO:colcon.colcon_core.shell:Creating package descriptor '/home/tommi/ros2/ws/install/temperature/share/temperature/package.dsv'
[1.834s] INFO:colcon.colcon_core.shell:Creating package script '/home/tommi/ros2/ws/install/temperature/share/temperature/package.sh'
[1.835s] INFO:colcon.colcon_core.shell:Creating package script '/home/tommi/ros2/ws/install/temperature/share/temperature/package.bash'
[1.836s] INFO:colcon.colcon_core.shell:Creating package script '/home/tommi/ros2/ws/install/temperature/share/temperature/package.zsh'
[1.836s] Level 1:colcon.colcon_core.environment:create_file_with_runtime_dependencies(/home/tommi/ros2/ws/install/temperature/share/colcon-core/packages/temperature)
[1.837s] DEBUG:colcon.colcon_parallel_executor.executor.parallel:closing loop
[1.837s] DEBUG:colcon.colcon_parallel_executor.executor.parallel:loop closed
[1.837s] DEBUG:colcon.colcon_parallel_executor.executor.parallel:run_until_complete finished with '0'
[1.837s] DEBUG:colcon.colcon_core.event_reactor:joining thread
[1.842s] INFO:colcon.colcon_core.plugin_system:Skipping extension 'colcon_notification.desktop_notification.terminal_notifier': Not used on non-Darwin systems
[1.842s] INFO:colcon.colcon_core.plugin_system:Skipping extension 'colcon_notification.desktop_notification.win32': Not used on non-Windows systems
[1.842s] INFO:colcon.colcon_notification.desktop_notification:Sending desktop notification using 'notify2'
[1.857s] DEBUG:colcon.colcon_core.event_reactor:joined thread
[1.857s] INFO:colcon.colcon_core.shell:Creating prefix script '/home/tommi/ros2/ws/install/local_setup.ps1'
[1.858s] INFO:colcon.colcon_core.shell:Creating prefix util module '/home/tommi/ros2/ws/install/_local_setup_util_ps1.py'
[1.859s] INFO:colcon.colcon_core.shell:Creating prefix chain script '/home/tommi/ros2/ws/install/setup.ps1'
[1.860s] INFO:colcon.colcon_core.shell:Creating prefix script '/home/tommi/ros2/ws/install/local_setup.sh'
[1.861s] INFO:colcon.colcon_core.shell:Creating prefix util module '/home/tommi/ros2/ws/install/_local_setup_util_sh.py'
[1.861s] INFO:colcon.colcon_core.shell:Creating prefix chain script '/home/tommi/ros2/ws/install/setup.sh'
[1.862s] INFO:colcon.colcon_core.shell:Creating prefix script '/home/tommi/ros2/ws/install/local_setup.bash'
[1.863s] INFO:colcon.colcon_core.shell:Creating prefix chain script '/home/tommi/ros2/ws/install/setup.bash'
[1.864s] INFO:colcon.colcon_core.shell:Creating prefix script '/home/tommi/ros2/ws/install/local_setup.zsh'
[1.864s] INFO:colcon.colcon_core.shell:Creating prefix chain script '/home/tommi/ros2/ws/install/setup.zsh'
