running egg_info
writing ../build/my_py_pkg/my_py_pkg.egg-info/PKG-INFO
writing dependency_links to ../build/my_py_pkg/my_py_pkg.egg-info/dependency_links.txt
writing entry points to ../build/my_py_pkg/my_py_pkg.egg-info/entry_points.txt
writing requirements to ../build/my_py_pkg/my_py_pkg.egg-info/requires.txt
writing top-level names to ../build/my_py_pkg/my_py_pkg.egg-info/top_level.txt
reading manifest file '../build/my_py_pkg/my_py_pkg.egg-info/SOURCES.txt'
writing manifest file '../build/my_py_pkg/my_py_pkg.egg-info/SOURCES.txt'
running build
running build_py
copying my_py_pkg/count_until_client_minimal.py -> /home/tommi/ros2/ws/build/my_py_pkg/build/lib/my_py_pkg
running install
running install_lib
copying /home/tommi/ros2/ws/build/my_py_pkg/build/lib/my_py_pkg/count_until_client_minimal.py -> /home/tommi/ros2/ws/install/my_py_pkg/lib/python3.12/site-packages/my_py_pkg
byte-compiling /home/tommi/ros2/ws/install/my_py_pkg/lib/python3.12/site-packages/my_py_pkg/count_until_client_minimal.py to count_until_client_minimal.cpython-312.pyc
running install_data
running install_egg_info
removing '/home/tommi/ros2/ws/install/my_py_pkg/lib/python3.12/site-packages/my_py_pkg-0.0.0-py3.12.egg-info' (and everything under it)
Copying ../build/my_py_pkg/my_py_pkg.egg-info to /home/tommi/ros2/ws/install/my_py_pkg/lib/python3.12/site-packages/my_py_pkg-0.0.0-py3.12.egg-info
running install_scripts
Installing count_until_client_minimal script to /home/tommi/ros2/ws/install/my_py_pkg/lib/my_py_pkg
Installing count_until_server_minimal script to /home/tommi/ros2/ws/install/my_py_pkg/lib/my_py_pkg
Installing number_counter script to /home/tommi/ros2/ws/install/my_py_pkg/lib/my_py_pkg
Installing number_publisher script to /home/tommi/ros2/ws/install/my_py_pkg/lib/my_py_pkg
Installing reset_counter_client script to /home/tommi/ros2/ws/install/my_py_pkg/lib/my_py_pkg
Installing test_node script to /home/tommi/ros2/ws/install/my_py_pkg/lib/my_py_pkg
writing list of installed files to '/home/tommi/ros2/ws/build/my_py_pkg/install.log'
