[0.935s] Invoking command in '/home/tommi/ros2/ws/temperature': DEBUGINFOD_URLS=https://debuginfod.ubuntu.com PYTHONPATH=/home/tommi/ros2/ws/build/temperature/prefix_override:/usr/lib/python3/dist-packages/colcon_core/task/python/colcon_distutils_commands:/home/tommi/ros2/ws/install/temperature/lib/python3.12/site-packages:${PYTHONPATH} /usr/bin/python3 -W ignore:setup.py install is deprecated -W ignore:easy_install command is deprecated setup.py egg_info --egg-base ../build/temperature build --build-base /home/tommi/ros2/ws/build/temperature/build install --record /home/tommi/ros2/ws/build/temperature/install.log --single-version-externally-managed install_data
[1.245s] running egg_info
[1.268s] writing ../build/temperature/temperature.egg-info/PKG-INFO
[1.268s] writing dependency_links to ../build/temperature/temperature.egg-info/dependency_links.txt
[1.268s] writing entry points to ../build/temperature/temperature.egg-info/entry_points.txt
[1.268s] writing requirements to ../build/temperature/temperature.egg-info/requires.txt
[1.269s] writing top-level names to ../build/temperature/temperature.egg-info/top_level.txt
[1.321s] reading manifest file '../build/temperature/temperature.egg-info/SOURCES.txt'
[1.321s] adding license file 'LICENSE'
[1.322s] writing manifest file '../build/temperature/temperature.egg-info/SOURCES.txt'
[1.322s] running build
[1.322s] running build_py
[1.322s] running install
[1.328s] running install_lib
[1.352s] running install_data
[1.352s] copying package.xml -> /home/tommi/ros2/ws/install/temperature/share/temperature
[1.352s] running install_egg_info
[1.376s] removing '/home/tommi/ros2/ws/install/temperature/lib/python3.12/site-packages/temperature-0.0.0-py3.12.egg-info' (and everything under it)
[1.376s] Copying ../build/temperature/temperature.egg-info to /home/tommi/ros2/ws/install/temperature/lib/python3.12/site-packages/temperature-0.0.0-py3.12.egg-info
[1.377s] running install_scripts
[1.547s] Installing publish_temp script to /home/tommi/ros2/ws/install/temperature/lib/temperature
[1.547s] writing list of installed files to '/home/tommi/ros2/ws/build/temperature/install.log'
[1.573s] Invoked command in '/home/tommi/ros2/ws/temperature' returned '0': DEBUGINFOD_URLS=https://debuginfod.ubuntu.com PYTHONPATH=/home/tommi/ros2/ws/build/temperature/prefix_override:/usr/lib/python3/dist-packages/colcon_core/task/python/colcon_distutils_commands:/home/tommi/ros2/ws/install/temperature/lib/python3.12/site-packages:${PYTHONPATH} /usr/bin/python3 -W ignore:setup.py install is deprecated -W ignore:easy_install command is deprecated setup.py egg_info --egg-base ../build/temperature build --build-base /home/tommi/ros2/ws/build/temperature/build install --record /home/tommi/ros2/ws/build/temperature/install.log --single-version-externally-managed install_data
