[0.129s] DEBUG:colcon:Command line arguments: ['/usr/bin/colcon', 'build', '--packages-select', 'turtle_challenge_cpp']
[0.129s] DEBUG:colcon:Parsed command line arguments: Namespace(log_base=None, log_level=None, verb_name='build', build_base='build', install_base='install', merge_install=False, symlink_install=False, test_result_base=None, continue_on_error=False, executor='parallel', parallel_workers=8, event_handlers=None, ignore_user_meta=False, metas=['./colcon.meta'], base_paths=['.'], packages_ignore=None, packages_ignore_regex=None, paths=None, packages_up_to=None, packages_up_to_regex=None, packages_above=None, packages_above_and_dependencies=None, packages_above_depth=None, packages_select_by_dep=None, packages_skip_by_dep=None, packages_skip_up_to=None, packages_select_build_failed=False, packages_skip_build_finished=False, packages_select_test_failures=False, packages_skip_test_passed=False, packages_select=['turtle_challenge_cpp'], packages_skip=None, packages_select_regex=None, packages_skip_regex=None, packages_start=None, packages_end=None, allow_overriding=[], cmake_args=None, cmake_target=None, cmake_target_skip_unavailable=False, cmake_clean_cache=False, cmake_clean_first=False, cmake_force_configure=False, ament_cmake_args=None, catkin_cmake_args=None, catkin_skip_building_tests=False, mixin_files=None, mixin=None, verb_parser=<colcon_mixin.mixin.mixin_argument.MixinArgumentDecorator object at 0x7626fc1a0950>, verb_extension=<colcon_core.verb.build.BuildVerb object at 0x7626fc2ccf80>, main=<bound method BuildVerb.main of <colcon_core.verb.build.BuildVerb object at 0x7626fc2ccf80>>, mixin_verb=('build',))
[0.172s] Level 1:colcon.colcon_core.package_discovery:discover_packages(colcon_meta) check parameters
[0.173s] Level 1:colcon.colcon_core.package_discovery:discover_packages(recursive) check parameters
[0.173s] Level 1:colcon.colcon_core.package_discovery:discover_packages(ignore) check parameters
[0.173s] Level 1:colcon.colcon_core.package_discovery:discover_packages(path) check parameters
[0.173s] Level 1:colcon.colcon_core.package_discovery:discover_packages(colcon_meta) discover
[0.173s] Level 1:colcon.colcon_core.package_discovery:discover_packages(recursive) discover
[0.173s] INFO:colcon.colcon_core.package_discovery:Crawling recursively for packages in '/home/tommi/ros2/ws'
[0.173s] Level 1:colcon.colcon_core.package_identification:_identify(.) by extensions ['ignore', 'ignore_ament_install']
[0.173s] Level 1:colcon.colcon_core.package_identification:_identify(.) by extension 'ignore'
[0.173s] Level 1:colcon.colcon_core.package_identification:_identify(.) by extension 'ignore_ament_install'
[0.173s] Level 1:colcon.colcon_core.package_identification:_identify(.) by extensions ['colcon_pkg']
[0.173s] Level 1:colcon.colcon_core.package_identification:_identify(.) by extension 'colcon_pkg'
[0.173s] Level 1:colcon.colcon_core.package_identification:_identify(.) by extensions ['colcon_meta']
[0.173s] Level 1:colcon.colcon_core.package_identification:_identify(.) by extension 'colcon_meta'
[0.173s] Level 1:colcon.colcon_core.package_identification:_identify(.) by extensions ['ros']
[0.173s] Level 1:colcon.colcon_core.package_identification:_identify(.) by extension 'ros'
[0.201s] Level 1:colcon.colcon_core.package_identification:_identify(.) by extensions ['cmake', 'python']
[0.201s] Level 1:colcon.colcon_core.package_identification:_identify(.) by extension 'cmake'
[0.201s] Level 1:colcon.colcon_core.package_identification:_identify(.) by extension 'python'
[0.201s] Level 1:colcon.colcon_core.package_identification:_identify(.) by extensions ['python_setup_py']
[0.201s] Level 1:colcon.colcon_core.package_identification:_identify(.) by extension 'python_setup_py'
[0.201s] Level 1:colcon.colcon_core.package_identification:_identify(build) by extensions ['ignore', 'ignore_ament_install']
[0.201s] Level 1:colcon.colcon_core.package_identification:_identify(build) by extension 'ignore'
[0.201s] Level 1:colcon.colcon_core.package_identification:_identify(build) ignored
[0.201s] Level 1:colcon.colcon_core.package_identification:_identify(install) by extensions ['ignore', 'ignore_ament_install']
[0.201s] Level 1:colcon.colcon_core.package_identification:_identify(install) by extension 'ignore'
[0.201s] Level 1:colcon.colcon_core.package_identification:_identify(install) ignored
[0.201s] Level 1:colcon.colcon_core.package_identification:_identify(log) by extensions ['ignore', 'ignore_ament_install']
[0.202s] Level 1:colcon.colcon_core.package_identification:_identify(log) by extension 'ignore'
[0.202s] Level 1:colcon.colcon_core.package_identification:_identify(log) ignored
[0.202s] Level 1:colcon.colcon_core.package_identification:_identify(my_robot_interfaces) by extensions ['ignore', 'ignore_ament_install']
[0.202s] Level 1:colcon.colcon_core.package_identification:_identify(my_robot_interfaces) by extension 'ignore'
[0.202s] Level 1:colcon.colcon_core.package_identification:_identify(my_robot_interfaces) by extension 'ignore_ament_install'
[0.202s] Level 1:colcon.colcon_core.package_identification:_identify(my_robot_interfaces) by extensions ['colcon_pkg']
[0.202s] Level 1:colcon.colcon_core.package_identification:_identify(my_robot_interfaces) by extension 'colcon_pkg'
[0.202s] Level 1:colcon.colcon_core.package_identification:_identify(my_robot_interfaces) by extensions ['colcon_meta']
[0.202s] Level 1:colcon.colcon_core.package_identification:_identify(my_robot_interfaces) by extension 'colcon_meta'
[0.202s] Level 1:colcon.colcon_core.package_identification:_identify(my_robot_interfaces) by extensions ['ros']
[0.202s] Level 1:colcon.colcon_core.package_identification:_identify(my_robot_interfaces) by extension 'ros'
[0.204s] DEBUG:colcon.colcon_core.package_identification:Package 'my_robot_interfaces' with type 'ros.ament_cmake' and name 'my_robot_interfaces'
[0.204s] Level 1:colcon.colcon_core.package_identification:_identify(number_counter_py) by extensions ['ignore', 'ignore_ament_install']
[0.205s] Level 1:colcon.colcon_core.package_identification:_identify(number_counter_py) by extension 'ignore'
[0.205s] Level 1:colcon.colcon_core.package_identification:_identify(number_counter_py) by extension 'ignore_ament_install'
[0.205s] Level 1:colcon.colcon_core.package_identification:_identify(number_counter_py) by extensions ['colcon_pkg']
[0.205s] Level 1:colcon.colcon_core.package_identification:_identify(number_counter_py) by extension 'colcon_pkg'
[0.205s] Level 1:colcon.colcon_core.package_identification:_identify(number_counter_py) by extensions ['colcon_meta']
[0.205s] Level 1:colcon.colcon_core.package_identification:_identify(number_counter_py) by extension 'colcon_meta'
[0.205s] Level 1:colcon.colcon_core.package_identification:_identify(number_counter_py) by extensions ['ros']
[0.205s] Level 1:colcon.colcon_core.package_identification:_identify(number_counter_py) by extension 'ros'
[0.206s] DEBUG:colcon.colcon_core.package_identification:Package 'number_counter_py' with type 'ros.ament_python' and name 'number_counter_py'
[0.206s] Level 1:colcon.colcon_core.package_identification:_identify(number_publisher) by extensions ['ignore', 'ignore_ament_install']
[0.206s] Level 1:colcon.colcon_core.package_identification:_identify(number_publisher) by extension 'ignore'
[0.206s] Level 1:colcon.colcon_core.package_identification:_identify(number_publisher) by extension 'ignore_ament_install'
[0.206s] Level 1:colcon.colcon_core.package_identification:_identify(number_publisher) by extensions ['colcon_pkg']
[0.206s] Level 1:colcon.colcon_core.package_identification:_identify(number_publisher) by extension 'colcon_pkg'
[0.206s] Level 1:colcon.colcon_core.package_identification:_identify(number_publisher) by extensions ['colcon_meta']
[0.206s] Level 1:colcon.colcon_core.package_identification:_identify(number_publisher) by extension 'colcon_meta'
[0.206s] Level 1:colcon.colcon_core.package_identification:_identify(number_publisher) by extensions ['ros']
[0.206s] Level 1:colcon.colcon_core.package_identification:_identify(number_publisher) by extension 'ros'
[0.207s] DEBUG:colcon.colcon_core.package_identification:Package 'number_publisher' with type 'ros.ament_python' and name 'number_publisher'
[0.207s] Level 1:colcon.colcon_core.package_identification:_identify(service_client_cpp) by extensions ['ignore', 'ignore_ament_install']
[0.207s] Level 1:colcon.colcon_core.package_identification:_identify(service_client_cpp) by extension 'ignore'
[0.207s] Level 1:colcon.colcon_core.package_identification:_identify(service_client_cpp) by extension 'ignore_ament_install'
[0.207s] Level 1:colcon.colcon_core.package_identification:_identify(service_client_cpp) by extensions ['colcon_pkg']
[0.207s] Level 1:colcon.colcon_core.package_identification:_identify(service_client_cpp) by extension 'colcon_pkg'
[0.207s] Level 1:colcon.colcon_core.package_identification:_identify(service_client_cpp) by extensions ['colcon_meta']
[0.207s] Level 1:colcon.colcon_core.package_identification:_identify(service_client_cpp) by extension 'colcon_meta'
[0.207s] Level 1:colcon.colcon_core.package_identification:_identify(service_client_cpp) by extensions ['ros']
[0.207s] Level 1:colcon.colcon_core.package_identification:_identify(service_client_cpp) by extension 'ros'
[0.208s] DEBUG:colcon.colcon_core.package_identification:Package 'service_client_cpp' with type 'ros.ament_cmake' and name 'service_client_cpp'
[0.208s] Level 1:colcon.colcon_core.package_identification:_identify(src) by extensions ['ignore', 'ignore_ament_install']
[0.208s] Level 1:colcon.colcon_core.package_identification:_identify(src) by extension 'ignore'
[0.208s] Level 1:colcon.colcon_core.package_identification:_identify(src) by extension 'ignore_ament_install'
[0.208s] Level 1:colcon.colcon_core.package_identification:_identify(src) by extensions ['colcon_pkg']
[0.208s] Level 1:colcon.colcon_core.package_identification:_identify(src) by extension 'colcon_pkg'
[0.208s] Level 1:colcon.colcon_core.package_identification:_identify(src) by extensions ['colcon_meta']
[0.208s] Level 1:colcon.colcon_core.package_identification:_identify(src) by extension 'colcon_meta'
[0.208s] Level 1:colcon.colcon_core.package_identification:_identify(src) by extensions ['ros']
[0.208s] Level 1:colcon.colcon_core.package_identification:_identify(src) by extension 'ros'
[0.208s] Level 1:colcon.colcon_core.package_identification:_identify(src) by extensions ['cmake', 'python']
[0.208s] Level 1:colcon.colcon_core.package_identification:_identify(src) by extension 'cmake'
[0.208s] Level 1:colcon.colcon_core.package_identification:_identify(src) by extension 'python'
[0.209s] Level 1:colcon.colcon_core.package_identification:_identify(src) by extensions ['python_setup_py']
[0.209s] Level 1:colcon.colcon_core.package_identification:_identify(src) by extension 'python_setup_py'
[0.209s] Level 1:colcon.colcon_core.package_identification:_identify(temperature) by extensions ['ignore', 'ignore_ament_install']
[0.209s] Level 1:colcon.colcon_core.package_identification:_identify(temperature) by extension 'ignore'
[0.209s] Level 1:colcon.colcon_core.package_identification:_identify(temperature) by extension 'ignore_ament_install'
[0.209s] Level 1:colcon.colcon_core.package_identification:_identify(temperature) by extensions ['colcon_pkg']
[0.209s] Level 1:colcon.colcon_core.package_identification:_identify(temperature) by extension 'colcon_pkg'
[0.209s] Level 1:colcon.colcon_core.package_identification:_identify(temperature) by extensions ['colcon_meta']
[0.209s] Level 1:colcon.colcon_core.package_identification:_identify(temperature) by extension 'colcon_meta'
[0.209s] Level 1:colcon.colcon_core.package_identification:_identify(temperature) by extensions ['ros']
[0.209s] Level 1:colcon.colcon_core.package_identification:_identify(temperature) by extension 'ros'
[0.210s] DEBUG:colcon.colcon_core.package_identification:Package 'temperature' with type 'ros.ament_python' and name 'temperature'
[0.210s] Level 1:colcon.colcon_core.package_identification:_identify(turtle_challenge_cpp) by extensions ['ignore', 'ignore_ament_install']
[0.210s] Level 1:colcon.colcon_core.package_identification:_identify(turtle_challenge_cpp) by extension 'ignore'
[0.210s] Level 1:colcon.colcon_core.package_identification:_identify(turtle_challenge_cpp) by extension 'ignore_ament_install'
[0.210s] Level 1:colcon.colcon_core.package_identification:_identify(turtle_challenge_cpp) by extensions ['colcon_pkg']
[0.210s] Level 1:colcon.colcon_core.package_identification:_identify(turtle_challenge_cpp) by extension 'colcon_pkg'
[0.210s] Level 1:colcon.colcon_core.package_identification:_identify(turtle_challenge_cpp) by extensions ['colcon_meta']
[0.210s] Level 1:colcon.colcon_core.package_identification:_identify(turtle_challenge_cpp) by extension 'colcon_meta'
[0.210s] Level 1:colcon.colcon_core.package_identification:_identify(turtle_challenge_cpp) by extensions ['ros']
[0.210s] Level 1:colcon.colcon_core.package_identification:_identify(turtle_challenge_cpp) by extension 'ros'
[0.211s] DEBUG:colcon.colcon_core.package_identification:Package 'turtle_challenge_cpp' with type 'ros.ament_cmake' and name 'turtle_challenge_cpp'
[0.211s] Level 1:colcon.colcon_core.package_discovery:discover_packages(recursive) using defaults
[0.211s] Level 1:colcon.colcon_core.package_discovery:discover_packages(ignore) discover
[0.211s] Level 1:colcon.colcon_core.package_discovery:discover_packages(ignore) using defaults
[0.211s] Level 1:colcon.colcon_core.package_discovery:discover_packages(path) discover
[0.211s] Level 1:colcon.colcon_core.package_discovery:discover_packages(path) using defaults
[0.230s] INFO:colcon.colcon_core.package_selection:Skipping not selected package 'my_robot_interfaces' in 'my_robot_interfaces'
[0.230s] INFO:colcon.colcon_core.package_selection:Skipping not selected package 'temperature' in 'temperature'
[0.230s] INFO:colcon.colcon_core.package_selection:Skipping not selected package 'number_counter_py' in 'number_counter_py'
[0.230s] INFO:colcon.colcon_core.package_selection:Skipping not selected package 'number_publisher' in 'number_publisher'
[0.230s] INFO:colcon.colcon_core.package_selection:Skipping not selected package 'service_client_cpp' in 'service_client_cpp'
[0.230s] Level 1:colcon.colcon_core.package_discovery:discover_packages(prefix_path) check parameters
[0.230s] Level 1:colcon.colcon_core.package_discovery:discover_packages(prefix_path) discover
[0.233s] DEBUG:colcon.colcon_installed_package_information.package_discovery:Found 6 installed packages in /home/tommi/ros2/ws/install
[0.235s] DEBUG:colcon.colcon_installed_package_information.package_discovery:Found 327 installed packages in /opt/ros/jazzy
[0.236s] Level 1:colcon.colcon_core.package_discovery:discover_packages(prefix_path) using defaults
[0.289s] Level 5:colcon.colcon_core.verb:set package 'turtle_challenge_cpp' build argument 'cmake_args' from command line to 'None'
[0.290s] Level 5:colcon.colcon_core.verb:set package 'turtle_challenge_cpp' build argument 'cmake_target' from command line to 'None'
[0.290s] Level 5:colcon.colcon_core.verb:set package 'turtle_challenge_cpp' build argument 'cmake_target_skip_unavailable' from command line to 'False'
[0.290s] Level 5:colcon.colcon_core.verb:set package 'turtle_challenge_cpp' build argument 'cmake_clean_cache' from command line to 'False'
[0.290s] Level 5:colcon.colcon_core.verb:set package 'turtle_challenge_cpp' build argument 'cmake_clean_first' from command line to 'False'
[0.290s] Level 5:colcon.colcon_core.verb:set package 'turtle_challenge_cpp' build argument 'cmake_force_configure' from command line to 'False'
[0.290s] Level 5:colcon.colcon_core.verb:set package 'turtle_challenge_cpp' build argument 'ament_cmake_args' from command line to 'None'
[0.290s] Level 5:colcon.colcon_core.verb:set package 'turtle_challenge_cpp' build argument 'catkin_cmake_args' from command line to 'None'
[0.290s] Level 5:colcon.colcon_core.verb:set package 'turtle_challenge_cpp' build argument 'catkin_skip_building_tests' from command line to 'False'
[0.290s] DEBUG:colcon.colcon_core.verb:Building package 'turtle_challenge_cpp' with the following arguments: {'ament_cmake_args': None, 'build_base': '/home/tommi/ros2/ws/build/turtle_challenge_cpp', 'catkin_cmake_args': None, 'catkin_skip_building_tests': False, 'cmake_args': None, 'cmake_clean_cache': False, 'cmake_clean_first': False, 'cmake_force_configure': False, 'cmake_target': None, 'cmake_target_skip_unavailable': False, 'install_base': '/home/tommi/ros2/ws/install/turtle_challenge_cpp', 'merge_install': False, 'path': '/home/tommi/ros2/ws/turtle_challenge_cpp', 'symlink_install': False, 'test_result_base': None}
[0.290s] INFO:colcon.colcon_core.executor:Executing jobs using 'parallel' executor
[0.291s] DEBUG:colcon.colcon_parallel_executor.executor.parallel:run_until_complete
[0.291s] INFO:colcon.colcon_ros.task.ament_cmake.build:Building ROS package in '/home/tommi/ros2/ws/turtle_challenge_cpp' with build type 'ament_cmake'
[0.291s] INFO:colcon.colcon_cmake.task.cmake.build:Building CMake package in '/home/tommi/ros2/ws/turtle_challenge_cpp'
[0.294s] INFO:colcon.colcon_core.plugin_system:Skipping extension 'colcon_core.shell.bat': Not used on non-Windows systems
[0.294s] INFO:colcon.colcon_core.shell:Skip shell extension 'powershell' for command environment: Not usable outside of PowerShell
[0.294s] DEBUG:colcon.colcon_core.shell:Skip shell extension 'dsv' for command environment
[0.305s] DEBUG:colcon.colcon_core.event_handler.log_command:Invoking command in '/home/tommi/ros2/ws/build/turtle_challenge_cpp': CMAKE_PREFIX_PATH=${CMAKE_PREFIX_PATH}:/home/tommi/ros2/ws/install/number_publisher:/home/tommi/ros2/ws/install/number_counter_py:/home/tommi/ros2/ws/install/temperature:/opt/ros/jazzy DEBUGINFOD_URLS=https://debuginfod.ubuntu.com /usr/bin/cmake --build /home/tommi/ros2/ws/build/turtle_challenge_cpp -- -j8 -l8
[0.726s] DEBUG:colcon.colcon_core.event_handler.log_command:Invoked command in '/home/tommi/ros2/ws/build/turtle_challenge_cpp' returned '2': CMAKE_PREFIX_PATH=${CMAKE_PREFIX_PATH}:/home/tommi/ros2/ws/install/number_publisher:/home/tommi/ros2/ws/install/number_counter_py:/home/tommi/ros2/ws/install/temperature:/opt/ros/jazzy DEBUGINFOD_URLS=https://debuginfod.ubuntu.com /usr/bin/cmake --build /home/tommi/ros2/ws/build/turtle_challenge_cpp -- -j8 -l8
[0.726s] Level 1:colcon.colcon_core.environment:create_environment_scripts_only(turtle_challenge_cpp)
[0.729s] Level 1:colcon.colcon_core.environment:checking '/home/tommi/ros2/ws/install/turtle_challenge_cpp' for CMake module files
[0.729s] Level 1:colcon.colcon_core.environment:checking '/home/tommi/ros2/ws/install/turtle_challenge_cpp' for CMake config files
[0.730s] Level 1:colcon.colcon_core.environment:checking '/home/tommi/ros2/ws/install/turtle_challenge_cpp/bin'
[0.730s] Level 1:colcon.colcon_core.environment:checking '/home/tommi/ros2/ws/install/turtle_challenge_cpp/lib/pkgconfig/turtle_challenge_cpp.pc'
[0.730s] Level 1:colcon.colcon_core.environment:checking '/home/tommi/ros2/ws/install/turtle_challenge_cpp/lib/python3.12/site-packages'
[0.730s] Level 1:colcon.colcon_core.environment:checking '/home/tommi/ros2/ws/install/turtle_challenge_cpp/bin'
[0.731s] INFO:colcon.colcon_core.shell:Creating package script '/home/tommi/ros2/ws/install/turtle_challenge_cpp/share/turtle_challenge_cpp/package.ps1'
[0.731s] INFO:colcon.colcon_core.shell:Creating package descriptor '/home/tommi/ros2/ws/install/turtle_challenge_cpp/share/turtle_challenge_cpp/package.dsv'
[0.732s] INFO:colcon.colcon_core.shell:Creating package script '/home/tommi/ros2/ws/install/turtle_challenge_cpp/share/turtle_challenge_cpp/package.sh'
[0.733s] INFO:colcon.colcon_core.shell:Creating package script '/home/tommi/ros2/ws/install/turtle_challenge_cpp/share/turtle_challenge_cpp/package.bash'
[0.734s] INFO:colcon.colcon_core.shell:Creating package script '/home/tommi/ros2/ws/install/turtle_challenge_cpp/share/turtle_challenge_cpp/package.zsh'
[0.734s] Level 1:colcon.colcon_core.environment:create_file_with_runtime_dependencies(/home/tommi/ros2/ws/install/turtle_challenge_cpp/share/colcon-core/packages/turtle_challenge_cpp)
[0.745s] DEBUG:colcon.colcon_parallel_executor.executor.parallel:closing loop
[0.745s] DEBUG:colcon.colcon_parallel_executor.executor.parallel:loop closed
[0.745s] DEBUG:colcon.colcon_parallel_executor.executor.parallel:run_until_complete finished with '2'
[0.745s] DEBUG:colcon.colcon_core.event_reactor:joining thread
[0.752s] INFO:colcon.colcon_core.plugin_system:Skipping extension 'colcon_notification.desktop_notification.terminal_notifier': Not used on non-Darwin systems
[0.752s] INFO:colcon.colcon_core.plugin_system:Skipping extension 'colcon_notification.desktop_notification.win32': Not used on non-Windows systems
[0.753s] INFO:colcon.colcon_notification.desktop_notification:Sending desktop notification using 'notify2'
[0.770s] DEBUG:colcon.colcon_core.event_reactor:joined thread
[0.770s] INFO:colcon.colcon_core.shell:Creating prefix script '/home/tommi/ros2/ws/install/local_setup.ps1'
[0.771s] INFO:colcon.colcon_core.shell:Creating prefix util module '/home/tommi/ros2/ws/install/_local_setup_util_ps1.py'
[0.773s] INFO:colcon.colcon_core.shell:Creating prefix chain script '/home/tommi/ros2/ws/install/setup.ps1'
[0.775s] INFO:colcon.colcon_core.shell:Creating prefix script '/home/tommi/ros2/ws/install/local_setup.sh'
[0.776s] INFO:colcon.colcon_core.shell:Creating prefix util module '/home/tommi/ros2/ws/install/_local_setup_util_sh.py'
[0.777s] INFO:colcon.colcon_core.shell:Creating prefix chain script '/home/tommi/ros2/ws/install/setup.sh'
[0.778s] INFO:colcon.colcon_core.shell:Creating prefix script '/home/tommi/ros2/ws/install/local_setup.bash'
[0.779s] INFO:colcon.colcon_core.shell:Creating prefix chain script '/home/tommi/ros2/ws/install/setup.bash'
[0.780s] INFO:colcon.colcon_core.shell:Creating prefix script '/home/tommi/ros2/ws/install/local_setup.zsh'
[0.781s] INFO:colcon.colcon_core.shell:Creating prefix chain script '/home/tommi/ros2/ws/install/setup.zsh'
