running egg_info
writing ../build/number_publisher/number_publisher.egg-info/PKG-INFO
writing dependency_links to ../build/number_publisher/number_publisher.egg-info/dependency_links.txt
writing entry points to ../build/number_publisher/number_publisher.egg-info/entry_points.txt
writing requirements to ../build/number_publisher/number_publisher.egg-info/requires.txt
writing top-level names to ../build/number_publisher/number_publisher.egg-info/top_level.txt
reading manifest file '../build/number_publisher/number_publisher.egg-info/SOURCES.txt'
adding license file 'LICENSE'
writing manifest file '../build/number_publisher/number_publisher.egg-info/SOURCES.txt'
running build
running build_py
copying number_publisher/number_publisher.py -> /home/tommi/ros2/ws/build/number_publisher/build/lib/number_publisher
running install
running install_lib
copying /home/tommi/ros2/ws/build/number_publisher/build/lib/number_publisher/number_publisher.py -> /home/tommi/ros2/ws/install/number_publisher/lib/python3.12/site-packages/number_publisher
byte-compiling /home/tommi/ros2/ws/install/number_publisher/lib/python3.12/site-packages/number_publisher/number_publisher.py to number_publisher.cpython-312.pyc
running install_data
running install_egg_info
removing '/home/tommi/ros2/ws/install/number_publisher/lib/python3.12/site-packages/number_publisher-0.0.0-py3.12.egg-info' (and everything under it)
Copying ../build/number_publisher/number_publisher.egg-info to /home/tommi/ros2/ws/install/number_publisher/lib/python3.12/site-packages/number_publisher-0.0.0-py3.12.egg-info
running install_scripts
Installing number_publisher script to /home/tommi/ros2/ws/install/number_publisher/lib/number_publisher
writing list of installed files to '/home/tommi/ros2/ws/build/number_publisher/install.log'
