[0.013s] Invoking command in '/home/tommi/ros2/ws/build/my_robot_interfaces': CMAKE_PREFIX_PATH=${CMAKE_PREFIX_PATH}:/home/tommi/ros2/ws/install/number_publisher:/home/tommi/ros2/ws/install/number_counter_py:/home/tommi/ros2/ws/install/temperature:/opt/ros/jazzy DEBUGINFOD_URLS=https://debuginfod.ubuntu.com /usr/bin/cmake --build /home/tommi/ros2/ws/build/my_robot_interfaces -- -j8 -l8
[0.078s] [  1%] Built target my_robot_interfaces__rosidl_generator_type_description
[0.093s] [  1%] Built target ament_cmake_python_copy_my_robot_interfaces
[0.107s] [  3%] Built target my_robot_interfaces__cpp
[0.114s] [ 24%] Built target my_robot_interfaces__rosidl_generator_c
[0.159s] [ 33%] Built target my_robot_interfaces__rosidl_typesupport_fastrtps_c
[0.160s] [ 42%] Built target my_robot_interfaces__rosidl_typesupport_c
[0.163s] [ 51%] Built target my_robot_interfaces__rosidl_typesupport_introspection_c
[0.164s] [ 61%] Built target my_robot_interfaces__rosidl_typesupport_introspection_cpp
[0.166s] [ 70%] Built target my_robot_interfaces__rosidl_typesupport_fastrtps_cpp
[0.167s] [ 79%] Built target my_robot_interfaces__rosidl_typesupport_cpp
[0.198s] [ 79%] Built target my_robot_interfaces
[0.231s] [ 81%] Built target my_robot_interfaces__py
[0.270s] [ 88%] Built target my_robot_interfaces__rosidl_generator_py
[0.309s] [ 92%] Built target my_robot_interfaces_s__rosidl_typesupport_c
[0.310s] [ 96%] Built target my_robot_interfaces_s__rosidl_typesupport_fastrtps_c
[0.311s] [100%] Built target my_robot_interfaces_s__rosidl_typesupport_introspection_c
[0.409s] running egg_info
[0.435s] writing my_robot_interfaces.egg-info/PKG-INFO
[0.436s] writing dependency_links to my_robot_interfaces.egg-info/dependency_links.txt
[0.436s] writing top-level names to my_robot_interfaces.egg-info/top_level.txt
[0.538s] reading manifest file 'my_robot_interfaces.egg-info/SOURCES.txt'
[0.539s] writing manifest file 'my_robot_interfaces.egg-info/SOURCES.txt'
[0.572s] [100%] Built target ament_cmake_python_build_my_robot_interfaces_egg
[0.588s] Invoked command in '/home/tommi/ros2/ws/build/my_robot_interfaces' returned '0': CMAKE_PREFIX_PATH=${CMAKE_PREFIX_PATH}:/home/tommi/ros2/ws/install/number_publisher:/home/tommi/ros2/ws/install/number_counter_py:/home/tommi/ros2/ws/install/temperature:/opt/ros/jazzy DEBUGINFOD_URLS=https://debuginfod.ubuntu.com /usr/bin/cmake --build /home/tommi/ros2/ws/build/my_robot_interfaces -- -j8 -l8
[0.601s] Invoking command in '/home/tommi/ros2/ws/build/my_robot_interfaces': CMAKE_PREFIX_PATH=${CMAKE_PREFIX_PATH}:/home/tommi/ros2/ws/install/number_publisher:/home/tommi/ros2/ws/install/number_counter_py:/home/tommi/ros2/ws/install/temperature:/opt/ros/jazzy DEBUGINFOD_URLS=https://debuginfod.ubuntu.com /usr/bin/cmake --install /home/tommi/ros2/ws/build/my_robot_interfaces
[0.611s] -- Install configuration: ""
[0.612s] -- Up-to-date: /home/tommi/ros2/ws/install/my_robot_interfaces/share/ament_index/resource_index/rosidl_interfaces/my_robot_interfaces
[0.612s] -- Up-to-date: /home/tommi/ros2/ws/install/my_robot_interfaces/share/my_robot_interfaces/msg/Int64.json
[0.612s] -- Up-to-date: /home/tommi/ros2/ws/install/my_robot_interfaces/share/my_robot_interfaces/srv/ResetCounter.json
[0.612s] -- Up-to-date: /home/tommi/ros2/ws/install/my_robot_interfaces/share/my_robot_interfaces/srv/StopTurtle.json
[0.612s] -- Up-to-date: /home/tommi/ros2/ws/install/my_robot_interfaces/include/my_robot_interfaces/my_robot_interfaces
[0.613s] -- Up-to-date: /home/tommi/ros2/ws/install/my_robot_interfaces/include/my_robot_interfaces/my_robot_interfaces/srv
[0.613s] -- Up-to-date: /home/tommi/ros2/ws/install/my_robot_interfaces/include/my_robot_interfaces/my_robot_interfaces/srv/reset_counter.h
[0.613s] -- Up-to-date: /home/tommi/ros2/ws/install/my_robot_interfaces/include/my_robot_interfaces/my_robot_interfaces/srv/detail
[0.613s] -- Up-to-date: /home/tommi/ros2/ws/install/my_robot_interfaces/include/my_robot_interfaces/my_robot_interfaces/srv/detail/stop_turtle__type_support.c
[0.613s] -- Up-to-date: /home/tommi/ros2/ws/install/my_robot_interfaces/include/my_robot_interfaces/my_robot_interfaces/srv/detail/reset_counter__type_support.c
[0.613s] -- Up-to-date: /home/tommi/ros2/ws/install/my_robot_interfaces/include/my_robot_interfaces/my_robot_interfaces/srv/detail/reset_counter__description.c
[0.614s] -- Up-to-date: /home/tommi/ros2/ws/install/my_robot_interfaces/include/my_robot_interfaces/my_robot_interfaces/srv/detail/stop_turtle__description.c
[0.614s] -- Up-to-date: /home/tommi/ros2/ws/install/my_robot_interfaces/include/my_robot_interfaces/my_robot_interfaces/srv/detail/stop_turtle__type_support.h
[0.614s] -- Up-to-date: /home/tommi/ros2/ws/install/my_robot_interfaces/include/my_robot_interfaces/my_robot_interfaces/srv/detail/stop_turtle__struct.h
[0.614s] -- Up-to-date: /home/tommi/ros2/ws/install/my_robot_interfaces/include/my_robot_interfaces/my_robot_interfaces/srv/detail/stop_turtle__functions.c
[0.614s] -- Up-to-date: /home/tommi/ros2/ws/install/my_robot_interfaces/include/my_robot_interfaces/my_robot_interfaces/srv/detail/reset_counter__struct.h
[0.614s] -- Up-to-date: /home/tommi/ros2/ws/install/my_robot_interfaces/include/my_robot_interfaces/my_robot_interfaces/srv/detail/reset_counter__functions.c
[0.615s] -- Up-to-date: /home/tommi/ros2/ws/install/my_robot_interfaces/include/my_robot_interfaces/my_robot_interfaces/srv/detail/reset_counter__functions.h
[0.615s] -- Up-to-date: /home/tommi/ros2/ws/install/my_robot_interfaces/include/my_robot_interfaces/my_robot_interfaces/srv/detail/stop_turtle__functions.h
[0.615s] -- Up-to-date: /home/tommi/ros2/ws/install/my_robot_interfaces/include/my_robot_interfaces/my_robot_interfaces/srv/detail/reset_counter__type_support.h
[0.615s] -- Up-to-date: /home/tommi/ros2/ws/install/my_robot_interfaces/include/my_robot_interfaces/my_robot_interfaces/srv/stop_turtle.h
[0.615s] -- Up-to-date: /home/tommi/ros2/ws/install/my_robot_interfaces/include/my_robot_interfaces/my_robot_interfaces/msg
[0.616s] -- Up-to-date: /home/tommi/ros2/ws/install/my_robot_interfaces/include/my_robot_interfaces/my_robot_interfaces/msg/int64.h
[0.616s] -- Up-to-date: /home/tommi/ros2/ws/install/my_robot_interfaces/include/my_robot_interfaces/my_robot_interfaces/msg/detail
[0.616s] -- Up-to-date: /home/tommi/ros2/ws/install/my_robot_interfaces/include/my_robot_interfaces/my_robot_interfaces/msg/detail/int64__functions.h
[0.616s] -- Up-to-date: /home/tommi/ros2/ws/install/my_robot_interfaces/include/my_robot_interfaces/my_robot_interfaces/msg/detail/int64__type_support.c
[0.616s] -- Up-to-date: /home/tommi/ros2/ws/install/my_robot_interfaces/include/my_robot_interfaces/my_robot_interfaces/msg/detail/int64__struct.h
[0.616s] -- Up-to-date: /home/tommi/ros2/ws/install/my_robot_interfaces/include/my_robot_interfaces/my_robot_interfaces/msg/detail/int64__type_support.h
[0.616s] -- Up-to-date: /home/tommi/ros2/ws/install/my_robot_interfaces/include/my_robot_interfaces/my_robot_interfaces/msg/detail/int64__description.c
[0.617s] -- Up-to-date: /home/tommi/ros2/ws/install/my_robot_interfaces/include/my_robot_interfaces/my_robot_interfaces/msg/detail/int64__functions.c
[0.617s] -- Up-to-date: /home/tommi/ros2/ws/install/my_robot_interfaces/include/my_robot_interfaces/my_robot_interfaces/msg/rosidl_generator_c__visibility_control.h
[0.617s] -- Up-to-date: /home/tommi/ros2/ws/install/my_robot_interfaces/share/my_robot_interfaces/environment/library_path.sh
[0.617s] -- Up-to-date: /home/tommi/ros2/ws/install/my_robot_interfaces/share/my_robot_interfaces/environment/library_path.dsv
[0.617s] -- Up-to-date: /home/tommi/ros2/ws/install/my_robot_interfaces/lib/libmy_robot_interfaces__rosidl_generator_c.so
[0.618s] -- Up-to-date: /home/tommi/ros2/ws/install/my_robot_interfaces/include/my_robot_interfaces/my_robot_interfaces
[0.618s] -- Up-to-date: /home/tommi/ros2/ws/install/my_robot_interfaces/include/my_robot_interfaces/my_robot_interfaces/srv
[0.618s] -- Up-to-date: /home/tommi/ros2/ws/install/my_robot_interfaces/include/my_robot_interfaces/my_robot_interfaces/srv/detail
[0.618s] -- Up-to-date: /home/tommi/ros2/ws/install/my_robot_interfaces/include/my_robot_interfaces/my_robot_interfaces/srv/detail/reset_counter__rosidl_typesupport_fastrtps_c.h
[0.618s] -- Up-to-date: /home/tommi/ros2/ws/install/my_robot_interfaces/include/my_robot_interfaces/my_robot_interfaces/srv/detail/stop_turtle__rosidl_typesupport_fastrtps_c.h
[0.619s] -- Up-to-date: /home/tommi/ros2/ws/install/my_robot_interfaces/include/my_robot_interfaces/my_robot_interfaces/msg
[0.619s] -- Up-to-date: /home/tommi/ros2/ws/install/my_robot_interfaces/include/my_robot_interfaces/my_robot_interfaces/msg/detail
[0.619s] -- Up-to-date: /home/tommi/ros2/ws/install/my_robot_interfaces/include/my_robot_interfaces/my_robot_interfaces/msg/detail/int64__rosidl_typesupport_fastrtps_c.h
[0.619s] -- Up-to-date: /home/tommi/ros2/ws/install/my_robot_interfaces/include/my_robot_interfaces/my_robot_interfaces/msg/rosidl_typesupport_fastrtps_c__visibility_control.h
[0.619s] -- Up-to-date: /home/tommi/ros2/ws/install/my_robot_interfaces/lib/libmy_robot_interfaces__rosidl_typesupport_fastrtps_c.so
[0.619s] -- Up-to-date: /home/tommi/ros2/ws/install/my_robot_interfaces/include/my_robot_interfaces/my_robot_interfaces
[0.620s] -- Up-to-date: /home/tommi/ros2/ws/install/my_robot_interfaces/include/my_robot_interfaces/my_robot_interfaces/srv
[0.620s] -- Up-to-date: /home/tommi/ros2/ws/install/my_robot_interfaces/include/my_robot_interfaces/my_robot_interfaces/srv/detail
[0.620s] -- Up-to-date: /home/tommi/ros2/ws/install/my_robot_interfaces/include/my_robot_interfaces/my_robot_interfaces/srv/detail/stop_turtle__type_support.c
[0.620s] -- Up-to-date: /home/tommi/ros2/ws/install/my_robot_interfaces/include/my_robot_interfaces/my_robot_interfaces/srv/detail/stop_turtle__rosidl_typesupport_introspection_c.h
[0.620s] -- Up-to-date: /home/tommi/ros2/ws/install/my_robot_interfaces/include/my_robot_interfaces/my_robot_interfaces/srv/detail/reset_counter__type_support.c
[0.620s] -- Up-to-date: /home/tommi/ros2/ws/install/my_robot_interfaces/include/my_robot_interfaces/my_robot_interfaces/srv/detail/reset_counter__rosidl_typesupport_introspection_c.h
[0.620s] -- Up-to-date: /home/tommi/ros2/ws/install/my_robot_interfaces/include/my_robot_interfaces/my_robot_interfaces/msg
[0.621s] -- Up-to-date: /home/tommi/ros2/ws/install/my_robot_interfaces/include/my_robot_interfaces/my_robot_interfaces/msg/detail
[0.621s] -- Up-to-date: /home/tommi/ros2/ws/install/my_robot_interfaces/include/my_robot_interfaces/my_robot_interfaces/msg/detail/int64__type_support.c
[0.621s] -- Up-to-date: /home/tommi/ros2/ws/install/my_robot_interfaces/include/my_robot_interfaces/my_robot_interfaces/msg/detail/int64__rosidl_typesupport_introspection_c.h
[0.621s] -- Up-to-date: /home/tommi/ros2/ws/install/my_robot_interfaces/include/my_robot_interfaces/my_robot_interfaces/msg/rosidl_typesupport_introspection_c__visibility_control.h
[0.621s] -- Up-to-date: /home/tommi/ros2/ws/install/my_robot_interfaces/lib/libmy_robot_interfaces__rosidl_typesupport_introspection_c.so
[0.621s] -- Up-to-date: /home/tommi/ros2/ws/install/my_robot_interfaces/lib/libmy_robot_interfaces__rosidl_typesupport_c.so
[0.621s] -- Up-to-date: /home/tommi/ros2/ws/install/my_robot_interfaces/include/my_robot_interfaces/my_robot_interfaces
[0.622s] -- Up-to-date: /home/tommi/ros2/ws/install/my_robot_interfaces/include/my_robot_interfaces/my_robot_interfaces/srv
[0.622s] -- Up-to-date: /home/tommi/ros2/ws/install/my_robot_interfaces/include/my_robot_interfaces/my_robot_interfaces/srv/detail
[0.622s] -- Up-to-date: /home/tommi/ros2/ws/install/my_robot_interfaces/include/my_robot_interfaces/my_robot_interfaces/srv/detail/reset_counter__struct.hpp
[0.622s] -- Up-to-date: /home/tommi/ros2/ws/install/my_robot_interfaces/include/my_robot_interfaces/my_robot_interfaces/srv/detail/stop_turtle__traits.hpp
[0.622s] -- Up-to-date: /home/tommi/ros2/ws/install/my_robot_interfaces/include/my_robot_interfaces/my_robot_interfaces/srv/detail/reset_counter__builder.hpp
[0.623s] -- Up-to-date: /home/tommi/ros2/ws/install/my_robot_interfaces/include/my_robot_interfaces/my_robot_interfaces/srv/detail/reset_counter__type_support.hpp
[0.623s] -- Up-to-date: /home/tommi/ros2/ws/install/my_robot_interfaces/include/my_robot_interfaces/my_robot_interfaces/srv/detail/stop_turtle__struct.hpp
[0.623s] -- Up-to-date: /home/tommi/ros2/ws/install/my_robot_interfaces/include/my_robot_interfaces/my_robot_interfaces/srv/detail/reset_counter__traits.hpp
[0.623s] -- Up-to-date: /home/tommi/ros2/ws/install/my_robot_interfaces/include/my_robot_interfaces/my_robot_interfaces/srv/detail/stop_turtle__builder.hpp
[0.623s] -- Up-to-date: /home/tommi/ros2/ws/install/my_robot_interfaces/include/my_robot_interfaces/my_robot_interfaces/srv/detail/stop_turtle__type_support.hpp
[0.623s] -- Up-to-date: /home/tommi/ros2/ws/install/my_robot_interfaces/include/my_robot_interfaces/my_robot_interfaces/srv/stop_turtle.hpp
[0.623s] -- Up-to-date: /home/tommi/ros2/ws/install/my_robot_interfaces/include/my_robot_interfaces/my_robot_interfaces/srv/reset_counter.hpp
[0.623s] -- Up-to-date: /home/tommi/ros2/ws/install/my_robot_interfaces/include/my_robot_interfaces/my_robot_interfaces/msg
[0.624s] -- Up-to-date: /home/tommi/ros2/ws/install/my_robot_interfaces/include/my_robot_interfaces/my_robot_interfaces/msg/rosidl_generator_cpp__visibility_control.hpp
[0.624s] -- Up-to-date: /home/tommi/ros2/ws/install/my_robot_interfaces/include/my_robot_interfaces/my_robot_interfaces/msg/detail
[0.624s] -- Up-to-date: /home/tommi/ros2/ws/install/my_robot_interfaces/include/my_robot_interfaces/my_robot_interfaces/msg/detail/int64__builder.hpp
[0.624s] -- Up-to-date: /home/tommi/ros2/ws/install/my_robot_interfaces/include/my_robot_interfaces/my_robot_interfaces/msg/detail/int64__traits.hpp
[0.624s] -- Up-to-date: /home/tommi/ros2/ws/install/my_robot_interfaces/include/my_robot_interfaces/my_robot_interfaces/msg/detail/int64__struct.hpp
[0.624s] -- Up-to-date: /home/tommi/ros2/ws/install/my_robot_interfaces/include/my_robot_interfaces/my_robot_interfaces/msg/detail/int64__type_support.hpp
[0.624s] -- Up-to-date: /home/tommi/ros2/ws/install/my_robot_interfaces/include/my_robot_interfaces/my_robot_interfaces/msg/int64.hpp
[0.624s] -- Up-to-date: /home/tommi/ros2/ws/install/my_robot_interfaces/include/my_robot_interfaces/my_robot_interfaces
[0.624s] -- Up-to-date: /home/tommi/ros2/ws/install/my_robot_interfaces/include/my_robot_interfaces/my_robot_interfaces/srv
[0.625s] -- Up-to-date: /home/tommi/ros2/ws/install/my_robot_interfaces/include/my_robot_interfaces/my_robot_interfaces/srv/detail
[0.625s] -- Up-to-date: /home/tommi/ros2/ws/install/my_robot_interfaces/include/my_robot_interfaces/my_robot_interfaces/srv/detail/dds_fastrtps
[0.625s] -- Up-to-date: /home/tommi/ros2/ws/install/my_robot_interfaces/include/my_robot_interfaces/my_robot_interfaces/srv/detail/stop_turtle__rosidl_typesupport_fastrtps_cpp.hpp
[0.625s] -- Up-to-date: /home/tommi/ros2/ws/install/my_robot_interfaces/include/my_robot_interfaces/my_robot_interfaces/srv/detail/reset_counter__rosidl_typesupport_fastrtps_cpp.hpp
[0.625s] -- Up-to-date: /home/tommi/ros2/ws/install/my_robot_interfaces/include/my_robot_interfaces/my_robot_interfaces/msg
[0.625s] -- Up-to-date: /home/tommi/ros2/ws/install/my_robot_interfaces/include/my_robot_interfaces/my_robot_interfaces/msg/detail
[0.625s] -- Up-to-date: /home/tommi/ros2/ws/install/my_robot_interfaces/include/my_robot_interfaces/my_robot_interfaces/msg/detail/dds_fastrtps
[0.625s] -- Up-to-date: /home/tommi/ros2/ws/install/my_robot_interfaces/include/my_robot_interfaces/my_robot_interfaces/msg/detail/int64__rosidl_typesupport_fastrtps_cpp.hpp
[0.625s] -- Up-to-date: /home/tommi/ros2/ws/install/my_robot_interfaces/include/my_robot_interfaces/my_robot_interfaces/msg/rosidl_typesupport_fastrtps_cpp__visibility_control.h
[0.626s] -- Up-to-date: /home/tommi/ros2/ws/install/my_robot_interfaces/lib/libmy_robot_interfaces__rosidl_typesupport_fastrtps_cpp.so
[0.626s] -- Up-to-date: /home/tommi/ros2/ws/install/my_robot_interfaces/include/my_robot_interfaces/my_robot_interfaces
[0.626s] -- Up-to-date: /home/tommi/ros2/ws/install/my_robot_interfaces/include/my_robot_interfaces/my_robot_interfaces/srv
[0.626s] -- Up-to-date: /home/tommi/ros2/ws/install/my_robot_interfaces/include/my_robot_interfaces/my_robot_interfaces/srv/detail
[0.626s] -- Up-to-date: /home/tommi/ros2/ws/install/my_robot_interfaces/include/my_robot_interfaces/my_robot_interfaces/srv/detail/stop_turtle__type_support.cpp
[0.626s] -- Up-to-date: /home/tommi/ros2/ws/install/my_robot_interfaces/include/my_robot_interfaces/my_robot_interfaces/srv/detail/reset_counter__type_support.cpp
[0.626s] -- Up-to-date: /home/tommi/ros2/ws/install/my_robot_interfaces/include/my_robot_interfaces/my_robot_interfaces/srv/detail/reset_counter__rosidl_typesupport_introspection_cpp.hpp
[0.626s] -- Up-to-date: /home/tommi/ros2/ws/install/my_robot_interfaces/include/my_robot_interfaces/my_robot_interfaces/srv/detail/stop_turtle__rosidl_typesupport_introspection_cpp.hpp
[0.626s] -- Up-to-date: /home/tommi/ros2/ws/install/my_robot_interfaces/include/my_robot_interfaces/my_robot_interfaces/msg
[0.627s] -- Up-to-date: /home/tommi/ros2/ws/install/my_robot_interfaces/include/my_robot_interfaces/my_robot_interfaces/msg/detail
[0.627s] -- Up-to-date: /home/tommi/ros2/ws/install/my_robot_interfaces/include/my_robot_interfaces/my_robot_interfaces/msg/detail/int64__type_support.cpp
[0.627s] -- Up-to-date: /home/tommi/ros2/ws/install/my_robot_interfaces/include/my_robot_interfaces/my_robot_interfaces/msg/detail/int64__rosidl_typesupport_introspection_cpp.hpp
[0.627s] -- Up-to-date: /home/tommi/ros2/ws/install/my_robot_interfaces/lib/libmy_robot_interfaces__rosidl_typesupport_introspection_cpp.so
[0.627s] -- Up-to-date: /home/tommi/ros2/ws/install/my_robot_interfaces/lib/libmy_robot_interfaces__rosidl_typesupport_cpp.so
[0.627s] -- Up-to-date: /home/tommi/ros2/ws/install/my_robot_interfaces/share/my_robot_interfaces/environment/pythonpath.sh
[0.627s] -- Up-to-date: /home/tommi/ros2/ws/install/my_robot_interfaces/share/my_robot_interfaces/environment/pythonpath.dsv
[0.627s] -- Up-to-date: /home/tommi/ros2/ws/install/my_robot_interfaces/lib/python3.12/site-packages/my_robot_interfaces-0.0.0-py3.12.egg-info
[0.627s] -- Installing: /home/tommi/ros2/ws/install/my_robot_interfaces/lib/python3.12/site-packages/my_robot_interfaces-0.0.0-py3.12.egg-info/PKG-INFO
[0.628s] -- Installing: /home/tommi/ros2/ws/install/my_robot_interfaces/lib/python3.12/site-packages/my_robot_interfaces-0.0.0-py3.12.egg-info/dependency_links.txt
[0.628s] -- Installing: /home/tommi/ros2/ws/install/my_robot_interfaces/lib/python3.12/site-packages/my_robot_interfaces-0.0.0-py3.12.egg-info/SOURCES.txt
[0.628s] -- Installing: /home/tommi/ros2/ws/install/my_robot_interfaces/lib/python3.12/site-packages/my_robot_interfaces-0.0.0-py3.12.egg-info/top_level.txt
[0.628s] -- Up-to-date: /home/tommi/ros2/ws/install/my_robot_interfaces/lib/python3.12/site-packages/my_robot_interfaces
[0.628s] -- Up-to-date: /home/tommi/ros2/ws/install/my_robot_interfaces/lib/python3.12/site-packages/my_robot_interfaces/srv
[0.628s] -- Up-to-date: /home/tommi/ros2/ws/install/my_robot_interfaces/lib/python3.12/site-packages/my_robot_interfaces/srv/_reset_counter_s.c
[0.628s] -- Up-to-date: /home/tommi/ros2/ws/install/my_robot_interfaces/lib/python3.12/site-packages/my_robot_interfaces/srv/__init__.py
[0.628s] -- Up-to-date: /home/tommi/ros2/ws/install/my_robot_interfaces/lib/python3.12/site-packages/my_robot_interfaces/srv/_reset_counter.py
[0.628s] -- Up-to-date: /home/tommi/ros2/ws/install/my_robot_interfaces/lib/python3.12/site-packages/my_robot_interfaces/srv/_stop_turtle_s.c
[0.629s] -- Up-to-date: /home/tommi/ros2/ws/install/my_robot_interfaces/lib/python3.12/site-packages/my_robot_interfaces/srv/_stop_turtle.py
[0.629s] -- Up-to-date: /home/tommi/ros2/ws/install/my_robot_interfaces/lib/python3.12/site-packages/my_robot_interfaces/_my_robot_interfaces_s.ep.rosidl_typesupport_introspection_c.c
[0.629s] -- Up-to-date: /home/tommi/ros2/ws/install/my_robot_interfaces/lib/python3.12/site-packages/my_robot_interfaces/__init__.py
[0.629s] -- Up-to-date: /home/tommi/ros2/ws/install/my_robot_interfaces/lib/python3.12/site-packages/my_robot_interfaces/_my_robot_interfaces_s.ep.rosidl_typesupport_c.c
[0.629s] -- Up-to-date: /home/tommi/ros2/ws/install/my_robot_interfaces/lib/python3.12/site-packages/my_robot_interfaces/my_robot_interfaces_s__rosidl_typesupport_c.so
[0.629s] -- Up-to-date: /home/tommi/ros2/ws/install/my_robot_interfaces/lib/python3.12/site-packages/my_robot_interfaces/my_robot_interfaces_s__rosidl_typesupport_fastrtps_c.so
[0.629s] -- Up-to-date: /home/tommi/ros2/ws/install/my_robot_interfaces/lib/python3.12/site-packages/my_robot_interfaces/msg
[0.629s] -- Up-to-date: /home/tommi/ros2/ws/install/my_robot_interfaces/lib/python3.12/site-packages/my_robot_interfaces/msg/_int64.py
[0.630s] -- Up-to-date: /home/tommi/ros2/ws/install/my_robot_interfaces/lib/python3.12/site-packages/my_robot_interfaces/msg/__init__.py
[0.630s] -- Up-to-date: /home/tommi/ros2/ws/install/my_robot_interfaces/lib/python3.12/site-packages/my_robot_interfaces/msg/_int64_s.c
[0.630s] -- Up-to-date: /home/tommi/ros2/ws/install/my_robot_interfaces/lib/python3.12/site-packages/my_robot_interfaces/my_robot_interfaces_s__rosidl_typesupport_introspection_c.so
[0.630s] -- Up-to-date: /home/tommi/ros2/ws/install/my_robot_interfaces/lib/python3.12/site-packages/my_robot_interfaces/_my_robot_interfaces_s.ep.rosidl_typesupport_fastrtps_c.c
[0.667s] Listing '/home/tommi/ros2/ws/install/my_robot_interfaces/lib/python3.12/site-packages/my_robot_interfaces'...
[0.667s] Listing '/home/tommi/ros2/ws/install/my_robot_interfaces/lib/python3.12/site-packages/my_robot_interfaces/msg'...
[0.667s] Listing '/home/tommi/ros2/ws/install/my_robot_interfaces/lib/python3.12/site-packages/my_robot_interfaces/srv'...
[0.674s] -- Up-to-date: /home/tommi/ros2/ws/install/my_robot_interfaces/lib/python3.12/site-packages/my_robot_interfaces/my_robot_interfaces_s__rosidl_typesupport_fastrtps_c.so
[0.675s] -- Up-to-date: /home/tommi/ros2/ws/install/my_robot_interfaces/lib/python3.12/site-packages/my_robot_interfaces/my_robot_interfaces_s__rosidl_typesupport_introspection_c.so
[0.675s] -- Up-to-date: /home/tommi/ros2/ws/install/my_robot_interfaces/lib/python3.12/site-packages/my_robot_interfaces/my_robot_interfaces_s__rosidl_typesupport_c.so
[0.676s] -- Up-to-date: /home/tommi/ros2/ws/install/my_robot_interfaces/lib/libmy_robot_interfaces__rosidl_generator_py.so
[0.676s] -- Up-to-date: /home/tommi/ros2/ws/install/my_robot_interfaces/share/my_robot_interfaces/msg/Int64.idl
[0.676s] -- Up-to-date: /home/tommi/ros2/ws/install/my_robot_interfaces/share/my_robot_interfaces/srv/ResetCounter.idl
[0.676s] -- Up-to-date: /home/tommi/ros2/ws/install/my_robot_interfaces/share/my_robot_interfaces/srv/StopTurtle.idl
[0.677s] -- Up-to-date: /home/tommi/ros2/ws/install/my_robot_interfaces/share/my_robot_interfaces/msg/Int64.msg
[0.677s] -- Up-to-date: /home/tommi/ros2/ws/install/my_robot_interfaces/share/my_robot_interfaces/srv/ResetCounter.srv
[0.677s] -- Up-to-date: /home/tommi/ros2/ws/install/my_robot_interfaces/share/my_robot_interfaces/srv/StopTurtle.srv
[0.677s] -- Up-to-date: /home/tommi/ros2/ws/install/my_robot_interfaces/share/ament_index/resource_index/package_run_dependencies/my_robot_interfaces
[0.677s] -- Up-to-date: /home/tommi/ros2/ws/install/my_robot_interfaces/share/ament_index/resource_index/parent_prefix_path/my_robot_interfaces
[0.677s] -- Up-to-date: /home/tommi/ros2/ws/install/my_robot_interfaces/share/my_robot_interfaces/environment/ament_prefix_path.sh
[0.678s] -- Up-to-date: /home/tommi/ros2/ws/install/my_robot_interfaces/share/my_robot_interfaces/environment/ament_prefix_path.dsv
[0.678s] -- Up-to-date: /home/tommi/ros2/ws/install/my_robot_interfaces/share/my_robot_interfaces/environment/path.sh
[0.678s] -- Up-to-date: /home/tommi/ros2/ws/install/my_robot_interfaces/share/my_robot_interfaces/environment/path.dsv
[0.678s] -- Up-to-date: /home/tommi/ros2/ws/install/my_robot_interfaces/share/my_robot_interfaces/local_setup.bash
[0.678s] -- Up-to-date: /home/tommi/ros2/ws/install/my_robot_interfaces/share/my_robot_interfaces/local_setup.sh
[0.678s] -- Up-to-date: /home/tommi/ros2/ws/install/my_robot_interfaces/share/my_robot_interfaces/local_setup.zsh
[0.678s] -- Up-to-date: /home/tommi/ros2/ws/install/my_robot_interfaces/share/my_robot_interfaces/local_setup.dsv
[0.679s] -- Installing: /home/tommi/ros2/ws/install/my_robot_interfaces/share/my_robot_interfaces/package.dsv
[0.679s] -- Up-to-date: /home/tommi/ros2/ws/install/my_robot_interfaces/share/ament_index/resource_index/packages/my_robot_interfaces
[0.679s] -- Up-to-date: /home/tommi/ros2/ws/install/my_robot_interfaces/share/my_robot_interfaces/cmake/export_my_robot_interfaces__rosidl_generator_cExport.cmake
[0.679s] -- Up-to-date: /home/tommi/ros2/ws/install/my_robot_interfaces/share/my_robot_interfaces/cmake/export_my_robot_interfaces__rosidl_generator_cExport-noconfig.cmake
[0.679s] -- Up-to-date: /home/tommi/ros2/ws/install/my_robot_interfaces/share/my_robot_interfaces/cmake/export_my_robot_interfaces__rosidl_typesupport_fastrtps_cExport.cmake
[0.679s] -- Up-to-date: /home/tommi/ros2/ws/install/my_robot_interfaces/share/my_robot_interfaces/cmake/export_my_robot_interfaces__rosidl_typesupport_fastrtps_cExport-noconfig.cmake
[0.680s] -- Up-to-date: /home/tommi/ros2/ws/install/my_robot_interfaces/share/my_robot_interfaces/cmake/my_robot_interfaces__rosidl_typesupport_introspection_cExport.cmake
[0.680s] -- Up-to-date: /home/tommi/ros2/ws/install/my_robot_interfaces/share/my_robot_interfaces/cmake/my_robot_interfaces__rosidl_typesupport_introspection_cExport-noconfig.cmake
[0.680s] -- Up-to-date: /home/tommi/ros2/ws/install/my_robot_interfaces/share/my_robot_interfaces/cmake/my_robot_interfaces__rosidl_typesupport_cExport.cmake
[0.680s] -- Up-to-date: /home/tommi/ros2/ws/install/my_robot_interfaces/share/my_robot_interfaces/cmake/my_robot_interfaces__rosidl_typesupport_cExport-noconfig.cmake
[0.680s] -- Up-to-date: /home/tommi/ros2/ws/install/my_robot_interfaces/share/my_robot_interfaces/cmake/export_my_robot_interfaces__rosidl_generator_cppExport.cmake
[0.681s] -- Up-to-date: /home/tommi/ros2/ws/install/my_robot_interfaces/share/my_robot_interfaces/cmake/export_my_robot_interfaces__rosidl_typesupport_fastrtps_cppExport.cmake
[0.681s] -- Up-to-date: /home/tommi/ros2/ws/install/my_robot_interfaces/share/my_robot_interfaces/cmake/export_my_robot_interfaces__rosidl_typesupport_fastrtps_cppExport-noconfig.cmake
[0.681s] -- Up-to-date: /home/tommi/ros2/ws/install/my_robot_interfaces/share/my_robot_interfaces/cmake/my_robot_interfaces__rosidl_typesupport_introspection_cppExport.cmake
[0.681s] -- Up-to-date: /home/tommi/ros2/ws/install/my_robot_interfaces/share/my_robot_interfaces/cmake/my_robot_interfaces__rosidl_typesupport_introspection_cppExport-noconfig.cmake
[0.681s] -- Up-to-date: /home/tommi/ros2/ws/install/my_robot_interfaces/share/my_robot_interfaces/cmake/my_robot_interfaces__rosidl_typesupport_cppExport.cmake
[0.681s] -- Up-to-date: /home/tommi/ros2/ws/install/my_robot_interfaces/share/my_robot_interfaces/cmake/my_robot_interfaces__rosidl_typesupport_cppExport-noconfig.cmake
[0.682s] -- Up-to-date: /home/tommi/ros2/ws/install/my_robot_interfaces/share/my_robot_interfaces/cmake/export_my_robot_interfaces__rosidl_generator_pyExport.cmake
[0.682s] -- Up-to-date: /home/tommi/ros2/ws/install/my_robot_interfaces/share/my_robot_interfaces/cmake/export_my_robot_interfaces__rosidl_generator_pyExport-noconfig.cmake
[0.682s] -- Up-to-date: /home/tommi/ros2/ws/install/my_robot_interfaces/share/my_robot_interfaces/cmake/rosidl_cmake-extras.cmake
[0.682s] -- Up-to-date: /home/tommi/ros2/ws/install/my_robot_interfaces/share/my_robot_interfaces/cmake/ament_cmake_export_dependencies-extras.cmake
[0.682s] -- Up-to-date: /home/tommi/ros2/ws/install/my_robot_interfaces/share/my_robot_interfaces/cmake/ament_cmake_export_include_directories-extras.cmake
[0.682s] -- Up-to-date: /home/tommi/ros2/ws/install/my_robot_interfaces/share/my_robot_interfaces/cmake/ament_cmake_export_libraries-extras.cmake
[0.682s] -- Up-to-date: /home/tommi/ros2/ws/install/my_robot_interfaces/share/my_robot_interfaces/cmake/ament_cmake_export_targets-extras.cmake
[0.682s] -- Up-to-date: /home/tommi/ros2/ws/install/my_robot_interfaces/share/my_robot_interfaces/cmake/rosidl_cmake_export_typesupport_targets-extras.cmake
[0.682s] -- Up-to-date: /home/tommi/ros2/ws/install/my_robot_interfaces/share/my_robot_interfaces/cmake/rosidl_cmake_export_typesupport_libraries-extras.cmake
[0.682s] -- Up-to-date: /home/tommi/ros2/ws/install/my_robot_interfaces/share/my_robot_interfaces/cmake/my_robot_interfacesConfig.cmake
[0.683s] -- Up-to-date: /home/tommi/ros2/ws/install/my_robot_interfaces/share/my_robot_interfaces/cmake/my_robot_interfacesConfig-version.cmake
[0.683s] -- Up-to-date: /home/tommi/ros2/ws/install/my_robot_interfaces/share/my_robot_interfaces/package.xml
[0.684s] Invoked command in '/home/tommi/ros2/ws/build/my_robot_interfaces' returned '0': CMAKE_PREFIX_PATH=${CMAKE_PREFIX_PATH}:/home/tommi/ros2/ws/install/number_publisher:/home/tommi/ros2/ws/install/number_counter_py:/home/tommi/ros2/ws/install/temperature:/opt/ros/jazzy DEBUGINFOD_URLS=https://debuginfod.ubuntu.com /usr/bin/cmake --install /home/tommi/ros2/ws/build/my_robot_interfaces
