[ 50%] [32mBuilding CXX object CMakeFiles/call_client.dir/src/call_client.cpp.o[0m
[100%] [32m[1mLinking CXX executable call_client[0m
[100%] Built target call_client
-- Install configuration: ""
-- Installing: /home/tommi/ros2/ws/install/service_client_cpp/lib/service_client_cpp/call_client
-- Set non-toolchain portion of runtime path of "/home/tommi/ros2/ws/install/service_client_cpp/lib/service_client_cpp/call_client" to ""
-- Installing: /home/tommi/ros2/ws/install/service_client_cpp/share/ament_index/resource_index/package_run_dependencies/service_client_cpp
-- Installing: /home/tommi/ros2/ws/install/service_client_cpp/share/ament_index/resource_index/parent_prefix_path/service_client_cpp
-- Installing: /home/tommi/ros2/ws/install/service_client_cpp/share/service_client_cpp/environment/ament_prefix_path.sh
-- Installing: /home/tommi/ros2/ws/install/service_client_cpp/share/service_client_cpp/environment/ament_prefix_path.dsv
-- Installing: /home/tommi/ros2/ws/install/service_client_cpp/share/service_client_cpp/environment/path.sh
-- Installing: /home/tommi/ros2/ws/install/service_client_cpp/share/service_client_cpp/environment/path.dsv
-- Installing: /home/tommi/ros2/ws/install/service_client_cpp/share/service_client_cpp/local_setup.bash
-- Installing: /home/tommi/ros2/ws/install/service_client_cpp/share/service_client_cpp/local_setup.sh
-- Installing: /home/tommi/ros2/ws/install/service_client_cpp/share/service_client_cpp/local_setup.zsh
-- Installing: /home/tommi/ros2/ws/install/service_client_cpp/share/service_client_cpp/local_setup.dsv
-- Installing: /home/tommi/ros2/ws/install/service_client_cpp/share/service_client_cpp/package.dsv
-- Installing: /home/tommi/ros2/ws/install/service_client_cpp/share/ament_index/resource_index/packages/service_client_cpp
-- Installing: /home/tommi/ros2/ws/install/service_client_cpp/share/service_client_cpp/cmake/service_client_cppConfig.cmake
-- Installing: /home/tommi/ros2/ws/install/service_client_cpp/share/service_client_cpp/cmake/service_client_cppConfig-version.cmake
-- Installing: /home/tommi/ros2/ws/install/service_client_cpp/share/service_client_cpp/package.xml
