[0.016s] Invoking command in '/home/tommi/ros2/ws/build/service_client_cpp': CMAKE_PREFIX_PATH=${CMAKE_PREFIX_PATH}:/home/tommi/ros2/ws/install/temperature:/home/tommi/ros2/ws/install/number_publisher:/home/tommi/ros2/ws/install/number_counter_py:/opt/ros/jazzy DEBUGINFOD_URLS=https://debuginfod.ubuntu.com PYTHONPATH=/home/tommi/ros2/ws/install/my_robot_interfaces/lib/python3.12/site-packages:/home/tommi/ros2/ws/build/temperature:/home/tommi/ros2/ws/install/temperature/lib/python3.12/site-packages:/home/tommi/ros2/ws/install/number_publisher/lib/python3.12/site-packages:/home/tommi/ros2/ws/install/number_counter_py/lib/python3.12/site-packages:/opt/ros/jazzy/lib/python3.12/site-packages /usr/bin/cmake --build /home/tommi/ros2/ws/build/service_client_cpp -- -j8 -l8
[0.095s] [ 50%] [32mBuilding CXX object CMakeFiles/call_client.dir/src/call_client.cpp.o[0m
[3.768s] [100%] [32m[1mLinking CXX executable call_client[0m
[3.968s] [100%] Built target call_client
[3.982s] Invoked command in '/home/tommi/ros2/ws/build/service_client_cpp' returned '0': CMAKE_PREFIX_PATH=${CMAKE_PREFIX_PATH}:/home/tommi/ros2/ws/install/temperature:/home/tommi/ros2/ws/install/number_publisher:/home/tommi/ros2/ws/install/number_counter_py:/opt/ros/jazzy DEBUGINFOD_URLS=https://debuginfod.ubuntu.com PYTHONPATH=/home/tommi/ros2/ws/install/my_robot_interfaces/lib/python3.12/site-packages:/home/tommi/ros2/ws/build/temperature:/home/tommi/ros2/ws/install/temperature/lib/python3.12/site-packages:/home/tommi/ros2/ws/install/number_publisher/lib/python3.12/site-packages:/home/tommi/ros2/ws/install/number_counter_py/lib/python3.12/site-packages:/opt/ros/jazzy/lib/python3.12/site-packages /usr/bin/cmake --build /home/tommi/ros2/ws/build/service_client_cpp -- -j8 -l8
[3.995s] Invoking command in '/home/tommi/ros2/ws/build/service_client_cpp': CMAKE_PREFIX_PATH=${CMAKE_PREFIX_PATH}:/home/tommi/ros2/ws/install/temperature:/home/tommi/ros2/ws/install/number_publisher:/home/tommi/ros2/ws/install/number_counter_py:/opt/ros/jazzy DEBUGINFOD_URLS=https://debuginfod.ubuntu.com PYTHONPATH=/home/tommi/ros2/ws/install/my_robot_interfaces/lib/python3.12/site-packages:/home/tommi/ros2/ws/build/temperature:/home/tommi/ros2/ws/install/temperature/lib/python3.12/site-packages:/home/tommi/ros2/ws/install/number_publisher/lib/python3.12/site-packages:/home/tommi/ros2/ws/install/number_counter_py/lib/python3.12/site-packages:/opt/ros/jazzy/lib/python3.12/site-packages /usr/bin/cmake --install /home/tommi/ros2/ws/build/service_client_cpp
[4.005s] -- Install configuration: ""
[4.005s] -- Installing: /home/tommi/ros2/ws/install/service_client_cpp/lib/service_client_cpp/call_client
[4.006s] -- Set non-toolchain portion of runtime path of "/home/tommi/ros2/ws/install/service_client_cpp/lib/service_client_cpp/call_client" to ""
[4.006s] -- Installing: /home/tommi/ros2/ws/install/service_client_cpp/share/ament_index/resource_index/package_run_dependencies/service_client_cpp
[4.006s] -- Installing: /home/tommi/ros2/ws/install/service_client_cpp/share/ament_index/resource_index/parent_prefix_path/service_client_cpp
[4.007s] -- Installing: /home/tommi/ros2/ws/install/service_client_cpp/share/service_client_cpp/environment/ament_prefix_path.sh
[4.007s] -- Installing: /home/tommi/ros2/ws/install/service_client_cpp/share/service_client_cpp/environment/ament_prefix_path.dsv
[4.007s] -- Installing: /home/tommi/ros2/ws/install/service_client_cpp/share/service_client_cpp/environment/path.sh
[4.007s] -- Installing: /home/tommi/ros2/ws/install/service_client_cpp/share/service_client_cpp/environment/path.dsv
[4.007s] -- Installing: /home/tommi/ros2/ws/install/service_client_cpp/share/service_client_cpp/local_setup.bash
[4.007s] -- Installing: /home/tommi/ros2/ws/install/service_client_cpp/share/service_client_cpp/local_setup.sh
[4.008s] -- Installing: /home/tommi/ros2/ws/install/service_client_cpp/share/service_client_cpp/local_setup.zsh
[4.008s] -- Installing: /home/tommi/ros2/ws/install/service_client_cpp/share/service_client_cpp/local_setup.dsv
[4.008s] -- Installing: /home/tommi/ros2/ws/install/service_client_cpp/share/service_client_cpp/package.dsv
[4.008s] -- Installing: /home/tommi/ros2/ws/install/service_client_cpp/share/ament_index/resource_index/packages/service_client_cpp
[4.008s] -- Installing: /home/tommi/ros2/ws/install/service_client_cpp/share/service_client_cpp/cmake/service_client_cppConfig.cmake
[4.008s] -- Installing: /home/tommi/ros2/ws/install/service_client_cpp/share/service_client_cpp/cmake/service_client_cppConfig-version.cmake
[4.009s] -- Installing: /home/tommi/ros2/ws/install/service_client_cpp/share/service_client_cpp/package.xml
[4.011s] Invoked command in '/home/tommi/ros2/ws/build/service_client_cpp' returned '0': CMAKE_PREFIX_PATH=${CMAKE_PREFIX_PATH}:/home/tommi/ros2/ws/install/temperature:/home/tommi/ros2/ws/install/number_publisher:/home/tommi/ros2/ws/install/number_counter_py:/opt/ros/jazzy DEBUGINFOD_URLS=https://debuginfod.ubuntu.com PYTHONPATH=/home/tommi/ros2/ws/install/my_robot_interfaces/lib/python3.12/site-packages:/home/tommi/ros2/ws/build/temperature:/home/tommi/ros2/ws/install/temperature/lib/python3.12/site-packages:/home/tommi/ros2/ws/install/number_publisher/lib/python3.12/site-packages:/home/tommi/ros2/ws/install/number_counter_py/lib/python3.12/site-packages:/opt/ros/jazzy/lib/python3.12/site-packages /usr/bin/cmake --install /home/tommi/ros2/ws/build/service_client_cpp
