[0.016s] Invoking command in '/home/tommi/ros2/ws/build/service_client_cpp': CMAKE_PREFIX_PATH=${CMAKE_PREFIX_PATH}:/home/tommi/ros2/ws/install/number_publisher:/home/tommi/ros2/ws/install/number_counter_py:/home/tommi/ros2/ws/install/temperature:/opt/ros/jazzy DEBUGINFOD_URLS=https://debuginfod.ubuntu.com PYTHONPATH=/home/tommi/ros2/ws/install/my_robot_interfaces/lib/python3.12/site-packages:/home/tommi/ros2/ws/install/number_publisher/lib/python3.12/site-packages:/home/tommi/ros2/ws/install/number_counter_py/lib/python3.12/site-packages:/home/tommi/ros2/ws/build/temperature:/home/tommi/ros2/ws/install/temperature/lib/python3.12/site-packages:/opt/ros/jazzy/lib/python3.12/site-packages /usr/bin/cmake --build /home/tommi/ros2/ws/build/service_client_cpp -- -j8 -l8
[0.094s] [ 50%] [32mBuilding CXX object CMakeFiles/call_client.dir/src/call_client.cpp.o[0m
[0.441s] [01m[K/home/tommi/ros2/ws/service_client_cpp/src/call_client.cpp:12:24:[m[K [01;35m[Kwarning: [m[Kcharacter constant too long for its type
[0.441s]    12 |     CallClient(): Node([01;35m[K'call_client_cpp'[m[K){
[0.441s]       |                        [01;35m[K^~~~~~~~~~~~~~~~~[m[K
[0.441s] [01m[K/home/tommi/ros2/ws/service_client_cpp/src/call_client.cpp:13:51:[m[K [01;35m[Kwarning: [m[Kcharacter constant too long for its type
[0.442s]    13 |       client_ = this->create_client<ResetCounter>([01;35m[K'reset_counter'[m[K);
[0.442s]       |                                                   [01;35m[K^~~~~~~~~~~~~~~[m[K
[2.401s] [01m[K/home/tommi/ros2/ws/service_client_cpp/src/call_client.cpp:7:12:[m[K [01;31m[Kerror: [m[Kusing-declaration may not name namespace ‘[01m[Kstd::placeholders[m[K’
[2.401s]     7 | using std::[01;31m[Kplaceholders[m[K;
[2.401s]       |            [01;31m[K^~~~~~~~~~~~[m[K
[2.401s] [01m[K/home/tommi/ros2/ws/service_client_cpp/src/call_client.cpp:8:12:[m[K [01;31m[Kerror: [m[Kusing-declaration may not name namespace ‘[01m[Kstd::literals::chrono_literals[m[K’
[2.401s]     8 | using std::[01;31m[Kchrono_literals[m[K;
[2.401s]       |            [01;31m[K^~~~~~~~~~~~~~~[m[K
[2.410s] [01m[K/home/tommi/ros2/ws/service_client_cpp/src/call_client.cpp:31:2:[m[K [01;31m[Kerror: [m[Kexpected ‘[01m[K;[m[K’ after class definition
[2.410s]    31 | }
[2.411s]       |  [01;31m[K^[m[K
[2.411s]       |  [32m[K;[m[K
[2.411s] [01m[K/home/tommi/ros2/ws/service_client_cpp/src/call_client.cpp:[m[K In constructor ‘[01m[KCallClient::[01;32m[KCallClient[m[K()[m[K’:
[2.411s] [01m[K/home/tommi/ros2/ws/service_client_cpp/src/call_client.cpp:12:41:[m[K [01;31m[Kerror: [m[Kno matching function for call to ‘[01m[Krclcpp::Node::Node(int)[m[K’
[2.411s]    12 |     CallClient(): Node('call_client_cpp'[01;31m[K)[m[K{
[2.411s]       |                                         [01;31m[K^[m[K
[2.411s] In file included from [01m[K/opt/ros/jazzy/include/rclcpp/rclcpp/executors/single_threaded_executor.hpp:28[m[K,
[2.411s]                  from [01m[K/opt/ros/jazzy/include/rclcpp/rclcpp/executors.hpp:22[m[K,
[2.411s]                  from [01m[K/opt/ros/jazzy/include/rclcpp/rclcpp/rclcpp.hpp:172[m[K,
[2.411s]                  from [01m[K/home/tommi/ros2/ws/service_client_cpp/src/call_client.cpp:2[m[K:
[2.411s] [01m[K/opt/ros/jazzy/include/rclcpp/rclcpp/node.hpp:1629:3:[m[K [01;36m[Knote: [m[Kcandidate: ‘[01m[Krclcpp::Node::[01;32m[KNode[m[K(const rclcpp::Node&, const std::string&)[m[K’
[2.411s]  1629 |   [01;36m[KNode[m[K(
[2.411s]       |   [01;36m[K^~~~[m[K
[2.412s] [01m[K/opt/ros/jazzy/include/rclcpp/rclcpp/node.hpp:1629:3:[m[K [01;36m[Knote: [m[K  candidate expects 2 arguments, 1 provided
[2.412s] [01m[K/opt/ros/jazzy/include/rclcpp/rclcpp/node.hpp:103:12:[m[K [01;36m[Knote: [m[Kcandidate: ‘[01m[Krclcpp::Node::[01;32m[KNode[m[K(const std::string&, const std::string&, const rclcpp::NodeOptions&)[m[K’
[2.412s]   103 |   explicit [01;36m[KNode[m[K(
[2.412s]       |            [01;36m[K^~~~[m[K
[2.412s] [01m[K/opt/ros/jazzy/include/rclcpp/rclcpp/node.hpp:103:12:[m[K [01;36m[Knote: [m[K  candidate expects 3 arguments, 1 provided
[2.412s] [01m[K/opt/ros/jazzy/include/rclcpp/rclcpp/node.hpp:91:12:[m[K [01;36m[Knote: [m[Kcandidate: ‘[01m[Krclcpp::Node::[01;32m[KNode[m[K(const std::string&, const rclcpp::NodeOptions&)[m[K’
[2.412s]    91 |   explicit [01;36m[KNode[m[K(
[2.412s]       |            [01;36m[K^~~~[m[K
[2.412s] [01m[K/opt/ros/jazzy/include/rclcpp/rclcpp/node.hpp:92:25:[m[K [01;36m[Knote: [m[K  no known conversion for argument 1 from ‘[01m[Kint[m[K’ to ‘[01m[Kconst std::string&[m[K’ {aka ‘[01m[Kconst std::__cxx11::basic_string<char>&[m[K’}
[2.412s]    92 |     [01;36m[Kconst std::string & node_name[m[K,
[2.412s]       |     [01;36m[K~~~~~~~~~~~~~~~~~~~~^~~~~~~~~[m[K
[2.412s] [01m[K/home/tommi/ros2/ws/service_client_cpp/src/call_client.cpp:13:50:[m[K [01;31m[Kerror: [m[Kno matching function for call to ‘[01m[KCallClient::create_client<ResetCounter>(int)[m[K’
[2.412s]    13 |       client_ = [01;31m[Kthis->create_client<ResetCounter>('reset_counter')[m[K;
[2.412s]       |                 [01;31m[K~~~~~~~~~~~~~~~~~~~~~~~~~~~~~~~~~^~~~~~~~~~~~~~~~~[m[K
[2.412s] [01m[K/opt/ros/jazzy/include/rclcpp/rclcpp/node.hpp:271:3:[m[K [01;36m[Knote: [m[Kcandidate: ‘[01m[Ktemplate<class ServiceT> typename rclcpp::Client<ServiceT>::SharedPtr rclcpp::Node::[01;32m[Kcreate_client[m[K(const std::string&, const rmw_qos_profile_t&, rclcpp::CallbackGroup::SharedPtr)[m[K’
[2.413s]   271 |   [01;36m[Kcreate_client[m[K(
[2.413s]       |   [01;36m[K^~~~~~~~~~~~~[m[K
[2.413s] [01m[K/opt/ros/jazzy/include/rclcpp/rclcpp/node.hpp:271:3:[m[K [01;36m[Knote: [m[K  candidate expects 2 arguments, 1 provided
[2.413s] In file included from [01m[K/opt/ros/jazzy/include/rclcpp/rclcpp/node.hpp:1663[m[K:
[2.413s] [01m[K/opt/ros/jazzy/include/rclcpp/rclcpp/node_impl.hpp:143:1:[m[K [01;36m[Knote: [m[Kcandidate: ‘[01m[Ktypename rclcpp::Client<ServiceT>::SharedPtr rclcpp::Node::[01;32m[Kcreate_client[m[K(const std::string&, const rclcpp::QoS&, rclcpp::CallbackGroup::SharedPtr) [35m[K[with ServiceT = my_robot_interfaces::srv::ResetCounter; typename rclcpp::Client<ServiceT>::SharedPtr = std::shared_ptr<rclcpp::Client<my_robot_interfaces::srv::ResetCounter> >; std::string = std::__cxx11::basic_string<char>; rclcpp::CallbackGroup::SharedPtr = std::shared_ptr<rclcpp::CallbackGroup>][m[K[m[K’
[2.413s]   143 | [01;36m[KNode[m[K::create_client(
[2.413s]       | [01;36m[K^~~~[m[K
[2.413s] [01m[K/opt/ros/jazzy/include/rclcpp/rclcpp/node_impl.hpp:144:23:[m[K [01;36m[Knote: [m[K  no known conversion for argument 1 from ‘[01m[Kint[m[K’ to ‘[01m[Kconst std::string&[m[K’ {aka ‘[01m[Kconst std::__cxx11::basic_string<char>&[m[K’}
[2.413s]   144 |   [01;36m[Kconst std::string & service_name[m[K,
[2.413s]       |   [01;36m[K~~~~~~~~~~~~~~~~~~~~^~~~~~~~~~~~[m[K
[2.413s] [01m[K/home/tommi/ros2/ws/service_client_cpp/src/call_client.cpp:[m[K In member function ‘[01m[Kvoid CallClient::[01;32m[KcallResetCounter[m[K(int)[m[K’:
[2.414s] [01m[K/home/tommi/ros2/ws/service_client_cpp/src/call_client.cpp:17:41:[m[K [01;31m[Kerror: [m[Kunable to find numeric literal operator ‘[01m[Koperator""s[m[K’
[2.414s]    17 |       while (!client_->wait_for_service([01;31m[K1s[m[K)){
[2.414s]       |                                         [01;31m[K^~[m[K
[2.414s] [01m[K/home/tommi/ros2/ws/service_client_cpp/src/call_client.cpp:19:7:[m[K [01;31m[Kerror: [m[Kexpected ‘[01m[K;[m[K’ before ‘[01m[K}[m[K’ token
[2.414s]    19 |       [01;31m[K}[m[K
[2.414s]       |       [01;31m[K^[m[K
[2.414s] [01m[K/home/tommi/ros2/ws/service_client_cpp/src/call_client.cpp:22:103:[m[K [01;31m[Kerror: [m[K‘[01m[K_1[m[K’ was not declared in this scope; did you mean ‘[01m[Kstd::placeholders::_1[m[K’?
[2.414s]    22 |       client_->async_send_request(request, std::bind(&CallClient::callbackResetCounterResponse, this, [01;31m[K_1[m[K))
[2.415s]       |                                                                                                       [01;31m[K^~[m[K
[2.415s]       |                                                                                                       [32m[Kstd::placeholders::_1[m[K
[2.415s] In file included from [01m[K/opt/ros/jazzy/include/rclcpp/rclcpp/utilities.hpp:19[m[K,
[2.415s]                  from [01m[K/opt/ros/jazzy/include/rclcpp/rclcpp/logging.hpp:25[m[K,
[2.415s]                  from [01m[K/opt/ros/jazzy/include/rclcpp/rclcpp/copy_all_parameter_values.hpp:27[m[K,
[2.415s]                  from [01m[K/opt/ros/jazzy/include/rclcpp/rclcpp/rclcpp.hpp:171[m[K:
[2.415s] [01m[K/usr/include/c++/13/functional:294:48:[m[K [01;36m[Knote: [m[K‘[01m[Kstd::placeholders::_1[m[K’ declared here
[2.415s]   294 |     _GLIBCXX_PLACEHOLDER const _Placeholder<1> [01;36m[K_1[m[K;
[2.415s]       |                                                [01;36m[K^~[m[K
[3.072s] gmake[2]: *** [CMakeFiles/call_client.dir/build.make:76: CMakeFiles/call_client.dir/src/call_client.cpp.o] Error 1
[3.072s] gmake[1]: *** [CMakeFiles/Makefile2:137: CMakeFiles/call_client.dir/all] Error 2
[3.073s] gmake: *** [Makefile:146: all] Error 2
[3.075s] Invoked command in '/home/tommi/ros2/ws/build/service_client_cpp' returned '2': CMAKE_PREFIX_PATH=${CMAKE_PREFIX_PATH}:/home/tommi/ros2/ws/install/number_publisher:/home/tommi/ros2/ws/install/number_counter_py:/home/tommi/ros2/ws/install/temperature:/opt/ros/jazzy DEBUGINFOD_URLS=https://debuginfod.ubuntu.com PYTHONPATH=/home/tommi/ros2/ws/install/my_robot_interfaces/lib/python3.12/site-packages:/home/tommi/ros2/ws/install/number_publisher/lib/python3.12/site-packages:/home/tommi/ros2/ws/install/number_counter_py/lib/python3.12/site-packages:/home/tommi/ros2/ws/build/temperature:/home/tommi/ros2/ws/install/temperature/lib/python3.12/site-packages:/opt/ros/jazzy/lib/python3.12/site-packages /usr/bin/cmake --build /home/tommi/ros2/ws/build/service_client_cpp -- -j8 -l8
