-- Found ament_cmake: 2.5.2 (/opt/ros/jazzy/share/ament_cmake/cmake)
-- Found rclcpp: 28.1.5 (/opt/ros/jazzy/share/rclcpp/cmake)
-- Found rosidl_generator_c: 4.6.4 (/opt/ros/jazzy/share/rosidl_generator_c/cmake)
-- Found rosidl_generator_cpp: 4.6.4 (/opt/ros/jazzy/share/rosidl_generator_cpp/cmake)
-- Using all available rosidl_typesupport_c: rosidl_typesupport_fastrtps_c;rosidl_typesupport_introspection_c
-- Using all available rosidl_typesupport_cpp: rosidl_typesupport_fastrtps_cpp;rosidl_typesupport_introspection_cpp
-- Found rmw_implementation_cmake: 7.3.1 (/opt/ros/jazzy/share/rmw_implementation_cmake/cmake)
-- Found rmw_cyclonedds_cpp: 2.2.2 (/opt/ros/jazzy/share/rmw_cyclonedds_cpp/cmake)
-- Using RMW implementation 'rmw_cyclonedds_cpp' as default
-- Found turtlesim: 1.8.3 (/opt/ros/jazzy/share/turtlesim/cmake)
-- Found geometry_msgs: 5.3.5 (/opt/ros/jazzy/share/geometry_msgs/cmake)
-- Found my_robot_interfaces: 0.0.0 (/home/tommi/ros2/ws/install/my_robot_interfaces/share/my_robot_interfaces/cmake)
-- Found ament_lint_auto: 0.17.1 (/opt/ros/jazzy/share/ament_lint_auto/cmake)
-- Added test 'cppcheck' to perform static code analysis on C / C++ code
-- Configured cppcheck include dirs: $<BUILD_INTERFACE:/home/tommi/ros2/ws/turtle_challenge_cpp/include>
-- Configured cppcheck exclude dirs and/or files: 
-- Added test 'lint_cmake' to check CMake code style
-- Added test 'uncrustify' to check C / C++ code style
-- Configured uncrustify additional arguments: 
-- Added test 'xmllint' to check XML markup files
-- Configuring done (0.7s)
-- Generating done (0.0s)
-- Build files have been written to: /home/tommi/ros2/ws/build/turtle_challenge_cpp
[ 75%] [32mBuilding CXX object CMakeFiles/challenge2_params.dir/src/challenge2_parameters.cpp.o[0m
[ 75%] Built target challenge2
[100%] [32m[1mLinking CXX executable challenge2_params[0m
[100%] Built target challenge2_params
-- Install configuration: ""
-- Installing: /home/tommi/ros2/ws/install/turtle_challenge_cpp/lib/turtle_challenge_cpp/challenge2
-- Set non-toolchain portion of runtime path of "/home/tommi/ros2/ws/install/turtle_challenge_cpp/lib/turtle_challenge_cpp/challenge2" to ""
-- Installing: /home/tommi/ros2/ws/install/turtle_challenge_cpp/lib/turtle_challenge_cpp/challenge2_params
-- Set non-toolchain portion of runtime path of "/home/tommi/ros2/ws/install/turtle_challenge_cpp/lib/turtle_challenge_cpp/challenge2_params" to ""
-- Up-to-date: /home/tommi/ros2/ws/install/turtle_challenge_cpp/share/ament_index/resource_index/package_run_dependencies/turtle_challenge_cpp
-- Installing: /home/tommi/ros2/ws/install/turtle_challenge_cpp/share/ament_index/resource_index/parent_prefix_path/turtle_challenge_cpp
-- Up-to-date: /home/tommi/ros2/ws/install/turtle_challenge_cpp/share/turtle_challenge_cpp/environment/ament_prefix_path.sh
-- Up-to-date: /home/tommi/ros2/ws/install/turtle_challenge_cpp/share/turtle_challenge_cpp/environment/ament_prefix_path.dsv
-- Up-to-date: /home/tommi/ros2/ws/install/turtle_challenge_cpp/share/turtle_challenge_cpp/environment/path.sh
-- Up-to-date: /home/tommi/ros2/ws/install/turtle_challenge_cpp/share/turtle_challenge_cpp/environment/path.dsv
-- Up-to-date: /home/tommi/ros2/ws/install/turtle_challenge_cpp/share/turtle_challenge_cpp/local_setup.bash
-- Up-to-date: /home/tommi/ros2/ws/install/turtle_challenge_cpp/share/turtle_challenge_cpp/local_setup.sh
-- Up-to-date: /home/tommi/ros2/ws/install/turtle_challenge_cpp/share/turtle_challenge_cpp/local_setup.zsh
-- Up-to-date: /home/tommi/ros2/ws/install/turtle_challenge_cpp/share/turtle_challenge_cpp/local_setup.dsv
-- Installing: /home/tommi/ros2/ws/install/turtle_challenge_cpp/share/turtle_challenge_cpp/package.dsv
-- Up-to-date: /home/tommi/ros2/ws/install/turtle_challenge_cpp/share/ament_index/resource_index/packages/turtle_challenge_cpp
-- Up-to-date: /home/tommi/ros2/ws/install/turtle_challenge_cpp/share/turtle_challenge_cpp/cmake/turtle_challenge_cppConfig.cmake
-- Up-to-date: /home/tommi/ros2/ws/install/turtle_challenge_cpp/share/turtle_challenge_cpp/cmake/turtle_challenge_cppConfig-version.cmake
-- Installing: /home/tommi/ros2/ws/install/turtle_challenge_cpp/share/turtle_challenge_cpp/package.xml
