[ 50%] [32mBuilding CXX object CMakeFiles/call_client.dir/src/call_client.cpp.o[0m
[01m[K/home/tommi/ros2/ws/service_client_cpp/src/call_client.cpp:[m[K In member function ‘[01m[Kvoid CallClient::[01;32m[KcallbackResetCounterResponse[m[K(rclcpp::Client<my_robot_interfaces::srv::ResetCounter>::SharedFuture)[m[K’:
[01m[K/home/tommi/ros2/ws/service_client_cpp/src/call_client.cpp:32:7:[m[K [01;35m[Kwarning: [m[Kstatement is a reference, not call, to function ‘[01m[Kexit[m[K’ [[01;35m[K]8;;https://gcc.gnu.org/onlinedocs/gcc/Warning-Options.html#index-Waddress-Waddress]8;;[m[K]
   32 |       [01;35m[Kexit[m[K;
      |       [01;35m[K^~~~[m[K
[01m[K/home/tommi/ros2/ws/service_client_cpp/src/call_client.cpp:32:7:[m[K [01;35m[Kwarning: [m[Kstatement has no effect [[01;35m[K]8;;https://gcc.gnu.org/onlinedocs/gcc/Warning-Options.html#index-Wunused-value-Wunused-value]8;;[m[K]
[100%] [32m[1mLinking CXX executable call_client[0m
[100%] Built target call_client
-- Install configuration: ""
-- Installing: /home/tommi/ros2/ws/install/service_client_cpp/lib/service_client_cpp/call_client
-- Set non-toolchain portion of runtime path of "/home/tommi/ros2/ws/install/service_client_cpp/lib/service_client_cpp/call_client" to ""
-- Up-to-date: /home/tommi/ros2/ws/install/service_client_cpp/share/ament_index/resource_index/package_run_dependencies/service_client_cpp
-- Up-to-date: /home/tommi/ros2/ws/install/service_client_cpp/share/ament_index/resource_index/parent_prefix_path/service_client_cpp
-- Up-to-date: /home/tommi/ros2/ws/install/service_client_cpp/share/service_client_cpp/environment/ament_prefix_path.sh
-- Up-to-date: /home/tommi/ros2/ws/install/service_client_cpp/share/service_client_cpp/environment/ament_prefix_path.dsv
-- Up-to-date: /home/tommi/ros2/ws/install/service_client_cpp/share/service_client_cpp/environment/path.sh
-- Up-to-date: /home/tommi/ros2/ws/install/service_client_cpp/share/service_client_cpp/environment/path.dsv
-- Up-to-date: /home/tommi/ros2/ws/install/service_client_cpp/share/service_client_cpp/local_setup.bash
-- Up-to-date: /home/tommi/ros2/ws/install/service_client_cpp/share/service_client_cpp/local_setup.sh
-- Up-to-date: /home/tommi/ros2/ws/install/service_client_cpp/share/service_client_cpp/local_setup.zsh
-- Up-to-date: /home/tommi/ros2/ws/install/service_client_cpp/share/service_client_cpp/local_setup.dsv
-- Installing: /home/tommi/ros2/ws/install/service_client_cpp/share/service_client_cpp/package.dsv
-- Up-to-date: /home/tommi/ros2/ws/install/service_client_cpp/share/ament_index/resource_index/packages/service_client_cpp
-- Up-to-date: /home/tommi/ros2/ws/install/service_client_cpp/share/service_client_cpp/cmake/service_client_cppConfig.cmake
-- Up-to-date: /home/tommi/ros2/ws/install/service_client_cpp/share/service_client_cpp/cmake/service_client_cppConfig-version.cmake
-- Up-to-date: /home/tommi/ros2/ws/install/service_client_cpp/share/service_client_cpp/package.xml
