-- Found ament_cmake: 2.5.2 (/opt/ros/jazzy/share/ament_cmake/cmake)
-- Found Python3: /usr/bin/python3 (found version "3.12.3") found components: Interpreter 
-- Found rosidl_default_generators: 1.6.0 (/opt/ros/jazzy/share/rosidl_default_generators/cmake)
-- Using all available rosidl_typesupport_c: rosidl_typesupport_fastrtps_c;rosidl_typesupport_introspection_c
-- Using all available rosidl_typesupport_cpp: rosidl_typesupport_fastrtps_cpp;rosidl_typesupport_introspection_cpp
-- Found rosidl_adapter: 4.6.4 (/opt/ros/jazzy/share/rosidl_adapter/cmake)
-- Found ament_cmake_ros: 0.12.0 (/opt/ros/jazzy/share/ament_cmake_ros/cmake)
-- Using all available rosidl_typesupport_c: rosidl_typesupport_fastrtps_c;rosidl_typesupport_introspection_c
-- Using all available rosidl_typesupport_cpp: rosidl_typesupport_fastrtps_cpp;rosidl_typesupport_introspection_cpp
-- Found python_cmake_module: 0.11.1 (/opt/ros/jazzy/share/python_cmake_module/cmake)
-- Found Python3: /usr/bin/python3 (found version "3.12.3") found components: Interpreter Development NumPy Development.Module Development.Embed 
-- Found ament_lint_auto: 0.17.1 (/opt/ros/jazzy/share/ament_lint_auto/cmake)
-- Added test 'lint_cmake' to check CMake code style
-- Added test 'xmllint' to check XML markup files
-- Configuring done (1.0s)
-- Generating done (0.0s)
-- Build files have been written to: /home/tommi/ros2/ws/build/my_robot_interfaces
[  1%] Built target my_robot_interfaces__rosidl_generator_type_description
[  1%] Built target ament_cmake_python_copy_my_robot_interfaces
[  3%] Built target my_robot_interfaces__cpp
[ 24%] Built target my_robot_interfaces__rosidl_generator_c
[ 33%] Built target my_robot_interfaces__rosidl_typesupport_c
[ 42%] Built target my_robot_interfaces__rosidl_typesupport_introspection_c
[ 51%] Built target my_robot_interfaces__rosidl_typesupport_introspection_cpp
[ 61%] Built target my_robot_interfaces__rosidl_typesupport_fastrtps_cpp
[ 70%] Built target my_robot_interfaces__rosidl_typesupport_cpp
[ 79%] Built target my_robot_interfaces__rosidl_typesupport_fastrtps_c
[ 79%] Built target my_robot_interfaces
[ 81%] Built target my_robot_interfaces__py
[ 88%] Built target my_robot_interfaces__rosidl_generator_py
[ 92%] Built target my_robot_interfaces_s__rosidl_typesupport_introspection_c
[ 96%] Built target my_robot_interfaces_s__rosidl_typesupport_fastrtps_c
[100%] Built target my_robot_interfaces_s__rosidl_typesupport_c
running egg_info
writing my_robot_interfaces.egg-info/PKG-INFO
writing dependency_links to my_robot_interfaces.egg-info/dependency_links.txt
writing top-level names to my_robot_interfaces.egg-info/top_level.txt
reading manifest file 'my_robot_interfaces.egg-info/SOURCES.txt'
writing manifest file 'my_robot_interfaces.egg-info/SOURCES.txt'
[100%] Built target ament_cmake_python_build_my_robot_interfaces_egg
-- Install configuration: ""
-- Installing: /home/tommi/ros2/ws/install/my_robot_interfaces/share/ament_index/resource_index/rosidl_interfaces/my_robot_interfaces
-- Installing: /home/tommi/ros2/ws/install/my_robot_interfaces/share/my_robot_interfaces/msg/Int64.json
-- Installing: /home/tommi/ros2/ws/install/my_robot_interfaces/share/my_robot_interfaces/srv/ResetCounter.json
-- Installing: /home/tommi/ros2/ws/install/my_robot_interfaces/share/my_robot_interfaces/srv/StopTurtle.json
-- Installing: /home/tommi/ros2/ws/install/my_robot_interfaces/include/my_robot_interfaces/my_robot_interfaces
-- Installing: /home/tommi/ros2/ws/install/my_robot_interfaces/include/my_robot_interfaces/my_robot_interfaces/srv
-- Installing: /home/tommi/ros2/ws/install/my_robot_interfaces/include/my_robot_interfaces/my_robot_interfaces/srv/reset_counter.h
-- Installing: /home/tommi/ros2/ws/install/my_robot_interfaces/include/my_robot_interfaces/my_robot_interfaces/srv/detail
-- Installing: /home/tommi/ros2/ws/install/my_robot_interfaces/include/my_robot_interfaces/my_robot_interfaces/srv/detail/stop_turtle__type_support.c
-- Installing: /home/tommi/ros2/ws/install/my_robot_interfaces/include/my_robot_interfaces/my_robot_interfaces/srv/detail/reset_counter__type_support.c
-- Installing: /home/tommi/ros2/ws/install/my_robot_interfaces/include/my_robot_interfaces/my_robot_interfaces/srv/detail/reset_counter__description.c
-- Installing: /home/tommi/ros2/ws/install/my_robot_interfaces/include/my_robot_interfaces/my_robot_interfaces/srv/detail/stop_turtle__description.c
-- Installing: /home/tommi/ros2/ws/install/my_robot_interfaces/include/my_robot_interfaces/my_robot_interfaces/srv/detail/stop_turtle__type_support.h
-- Installing: /home/tommi/ros2/ws/install/my_robot_interfaces/include/my_robot_interfaces/my_robot_interfaces/srv/detail/stop_turtle__struct.h
-- Installing: /home/tommi/ros2/ws/install/my_robot_interfaces/include/my_robot_interfaces/my_robot_interfaces/srv/detail/stop_turtle__functions.c
-- Installing: /home/tommi/ros2/ws/install/my_robot_interfaces/include/my_robot_interfaces/my_robot_interfaces/srv/detail/reset_counter__struct.h
-- Installing: /home/tommi/ros2/ws/install/my_robot_interfaces/include/my_robot_interfaces/my_robot_interfaces/srv/detail/reset_counter__functions.c
-- Installing: /home/tommi/ros2/ws/install/my_robot_interfaces/include/my_robot_interfaces/my_robot_interfaces/srv/detail/reset_counter__functions.h
-- Installing: /home/tommi/ros2/ws/install/my_robot_interfaces/include/my_robot_interfaces/my_robot_interfaces/srv/detail/stop_turtle__functions.h
-- Installing: /home/tommi/ros2/ws/install/my_robot_interfaces/include/my_robot_interfaces/my_robot_interfaces/srv/detail/reset_counter__type_support.h
-- Installing: /home/tommi/ros2/ws/install/my_robot_interfaces/include/my_robot_interfaces/my_robot_interfaces/srv/stop_turtle.h
-- Installing: /home/tommi/ros2/ws/install/my_robot_interfaces/include/my_robot_interfaces/my_robot_interfaces/msg
-- Installing: /home/tommi/ros2/ws/install/my_robot_interfaces/include/my_robot_interfaces/my_robot_interfaces/msg/int64.h
-- Installing: /home/tommi/ros2/ws/install/my_robot_interfaces/include/my_robot_interfaces/my_robot_interfaces/msg/detail
-- Installing: /home/tommi/ros2/ws/install/my_robot_interfaces/include/my_robot_interfaces/my_robot_interfaces/msg/detail/int64__functions.h
-- Installing: /home/tommi/ros2/ws/install/my_robot_interfaces/include/my_robot_interfaces/my_robot_interfaces/msg/detail/int64__type_support.c
-- Installing: /home/tommi/ros2/ws/install/my_robot_interfaces/include/my_robot_interfaces/my_robot_interfaces/msg/detail/int64__struct.h
-- Installing: /home/tommi/ros2/ws/install/my_robot_interfaces/include/my_robot_interfaces/my_robot_interfaces/msg/detail/int64__type_support.h
-- Installing: /home/tommi/ros2/ws/install/my_robot_interfaces/include/my_robot_interfaces/my_robot_interfaces/msg/detail/int64__description.c
-- Installing: /home/tommi/ros2/ws/install/my_robot_interfaces/include/my_robot_interfaces/my_robot_interfaces/msg/detail/int64__functions.c
-- Installing: /home/tommi/ros2/ws/install/my_robot_interfaces/include/my_robot_interfaces/my_robot_interfaces/msg/rosidl_generator_c__visibility_control.h
-- Installing: /home/tommi/ros2/ws/install/my_robot_interfaces/share/my_robot_interfaces/environment/library_path.sh
-- Installing: /home/tommi/ros2/ws/install/my_robot_interfaces/share/my_robot_interfaces/environment/library_path.dsv
-- Installing: /home/tommi/ros2/ws/install/my_robot_interfaces/lib/libmy_robot_interfaces__rosidl_generator_c.so
-- Set non-toolchain portion of runtime path of "/home/tommi/ros2/ws/install/my_robot_interfaces/lib/libmy_robot_interfaces__rosidl_generator_c.so" to ""
-- Up-to-date: /home/tommi/ros2/ws/install/my_robot_interfaces/include/my_robot_interfaces/my_robot_interfaces
-- Up-to-date: /home/tommi/ros2/ws/install/my_robot_interfaces/include/my_robot_interfaces/my_robot_interfaces/srv
-- Up-to-date: /home/tommi/ros2/ws/install/my_robot_interfaces/include/my_robot_interfaces/my_robot_interfaces/srv/detail
-- Installing: /home/tommi/ros2/ws/install/my_robot_interfaces/include/my_robot_interfaces/my_robot_interfaces/srv/detail/reset_counter__rosidl_typesupport_fastrtps_c.h
-- Installing: /home/tommi/ros2/ws/install/my_robot_interfaces/include/my_robot_interfaces/my_robot_interfaces/srv/detail/stop_turtle__rosidl_typesupport_fastrtps_c.h
-- Up-to-date: /home/tommi/ros2/ws/install/my_robot_interfaces/include/my_robot_interfaces/my_robot_interfaces/msg
-- Up-to-date: /home/tommi/ros2/ws/install/my_robot_interfaces/include/my_robot_interfaces/my_robot_interfaces/msg/detail
-- Installing: /home/tommi/ros2/ws/install/my_robot_interfaces/include/my_robot_interfaces/my_robot_interfaces/msg/detail/int64__rosidl_typesupport_fastrtps_c.h
-- Installing: /home/tommi/ros2/ws/install/my_robot_interfaces/include/my_robot_interfaces/my_robot_interfaces/msg/rosidl_typesupport_fastrtps_c__visibility_control.h
-- Installing: /home/tommi/ros2/ws/install/my_robot_interfaces/lib/libmy_robot_interfaces__rosidl_typesupport_fastrtps_c.so
-- Set non-toolchain portion of runtime path of "/home/tommi/ros2/ws/install/my_robot_interfaces/lib/libmy_robot_interfaces__rosidl_typesupport_fastrtps_c.so" to ""
-- Up-to-date: /home/tommi/ros2/ws/install/my_robot_interfaces/include/my_robot_interfaces/my_robot_interfaces
-- Up-to-date: /home/tommi/ros2/ws/install/my_robot_interfaces/include/my_robot_interfaces/my_robot_interfaces/srv
-- Up-to-date: /home/tommi/ros2/ws/install/my_robot_interfaces/include/my_robot_interfaces/my_robot_interfaces/srv/detail
-- Installing: /home/tommi/ros2/ws/install/my_robot_interfaces/include/my_robot_interfaces/my_robot_interfaces/srv/detail/stop_turtle__type_support.c
-- Installing: /home/tommi/ros2/ws/install/my_robot_interfaces/include/my_robot_interfaces/my_robot_interfaces/srv/detail/stop_turtle__rosidl_typesupport_introspection_c.h
-- Installing: /home/tommi/ros2/ws/install/my_robot_interfaces/include/my_robot_interfaces/my_robot_interfaces/srv/detail/reset_counter__type_support.c
-- Installing: /home/tommi/ros2/ws/install/my_robot_interfaces/include/my_robot_interfaces/my_robot_interfaces/srv/detail/reset_counter__rosidl_typesupport_introspection_c.h
-- Up-to-date: /home/tommi/ros2/ws/install/my_robot_interfaces/include/my_robot_interfaces/my_robot_interfaces/msg
-- Up-to-date: /home/tommi/ros2/ws/install/my_robot_interfaces/include/my_robot_interfaces/my_robot_interfaces/msg/detail
-- Installing: /home/tommi/ros2/ws/install/my_robot_interfaces/include/my_robot_interfaces/my_robot_interfaces/msg/detail/int64__type_support.c
-- Installing: /home/tommi/ros2/ws/install/my_robot_interfaces/include/my_robot_interfaces/my_robot_interfaces/msg/detail/int64__rosidl_typesupport_introspection_c.h
-- Installing: /home/tommi/ros2/ws/install/my_robot_interfaces/include/my_robot_interfaces/my_robot_interfaces/msg/rosidl_typesupport_introspection_c__visibility_control.h
-- Installing: /home/tommi/ros2/ws/install/my_robot_interfaces/lib/libmy_robot_interfaces__rosidl_typesupport_introspection_c.so
-- Set non-toolchain portion of runtime path of "/home/tommi/ros2/ws/install/my_robot_interfaces/lib/libmy_robot_interfaces__rosidl_typesupport_introspection_c.so" to ""
-- Installing: /home/tommi/ros2/ws/install/my_robot_interfaces/lib/libmy_robot_interfaces__rosidl_typesupport_c.so
-- Set non-toolchain portion of runtime path of "/home/tommi/ros2/ws/install/my_robot_interfaces/lib/libmy_robot_interfaces__rosidl_typesupport_c.so" to ""
-- Up-to-date: /home/tommi/ros2/ws/install/my_robot_interfaces/include/my_robot_interfaces/my_robot_interfaces
-- Up-to-date: /home/tommi/ros2/ws/install/my_robot_interfaces/include/my_robot_interfaces/my_robot_interfaces/srv
-- Up-to-date: /home/tommi/ros2/ws/install/my_robot_interfaces/include/my_robot_interfaces/my_robot_interfaces/srv/detail
-- Installing: /home/tommi/ros2/ws/install/my_robot_interfaces/include/my_robot_interfaces/my_robot_interfaces/srv/detail/reset_counter__struct.hpp
-- Installing: /home/tommi/ros2/ws/install/my_robot_interfaces/include/my_robot_interfaces/my_robot_interfaces/srv/detail/stop_turtle__traits.hpp
-- Installing: /home/tommi/ros2/ws/install/my_robot_interfaces/include/my_robot_interfaces/my_robot_interfaces/srv/detail/reset_counter__builder.hpp
-- Installing: /home/tommi/ros2/ws/install/my_robot_interfaces/include/my_robot_interfaces/my_robot_interfaces/srv/detail/reset_counter__type_support.hpp
-- Installing: /home/tommi/ros2/ws/install/my_robot_interfaces/include/my_robot_interfaces/my_robot_interfaces/srv/detail/stop_turtle__struct.hpp
-- Installing: /home/tommi/ros2/ws/install/my_robot_interfaces/include/my_robot_interfaces/my_robot_interfaces/srv/detail/reset_counter__traits.hpp
-- Installing: /home/tommi/ros2/ws/install/my_robot_interfaces/include/my_robot_interfaces/my_robot_interfaces/srv/detail/stop_turtle__builder.hpp
-- Installing: /home/tommi/ros2/ws/install/my_robot_interfaces/include/my_robot_interfaces/my_robot_interfaces/srv/detail/stop_turtle__type_support.hpp
-- Installing: /home/tommi/ros2/ws/install/my_robot_interfaces/include/my_robot_interfaces/my_robot_interfaces/srv/stop_turtle.hpp
-- Installing: /home/tommi/ros2/ws/install/my_robot_interfaces/include/my_robot_interfaces/my_robot_interfaces/srv/reset_counter.hpp
-- Up-to-date: /home/tommi/ros2/ws/install/my_robot_interfaces/include/my_robot_interfaces/my_robot_interfaces/msg
-- Installing: /home/tommi/ros2/ws/install/my_robot_interfaces/include/my_robot_interfaces/my_robot_interfaces/msg/rosidl_generator_cpp__visibility_control.hpp
-- Up-to-date: /home/tommi/ros2/ws/install/my_robot_interfaces/include/my_robot_interfaces/my_robot_interfaces/msg/detail
-- Installing: /home/tommi/ros2/ws/install/my_robot_interfaces/include/my_robot_interfaces/my_robot_interfaces/msg/detail/int64__builder.hpp
-- Installing: /home/tommi/ros2/ws/install/my_robot_interfaces/include/my_robot_interfaces/my_robot_interfaces/msg/detail/int64__traits.hpp
-- Installing: /home/tommi/ros2/ws/install/my_robot_interfaces/include/my_robot_interfaces/my_robot_interfaces/msg/detail/int64__struct.hpp
-- Installing: /home/tommi/ros2/ws/install/my_robot_interfaces/include/my_robot_interfaces/my_robot_interfaces/msg/detail/int64__type_support.hpp
-- Installing: /home/tommi/ros2/ws/install/my_robot_interfaces/include/my_robot_interfaces/my_robot_interfaces/msg/int64.hpp
-- Up-to-date: /home/tommi/ros2/ws/install/my_robot_interfaces/include/my_robot_interfaces/my_robot_interfaces
-- Up-to-date: /home/tommi/ros2/ws/install/my_robot_interfaces/include/my_robot_interfaces/my_robot_interfaces/srv
-- Up-to-date: /home/tommi/ros2/ws/install/my_robot_interfaces/include/my_robot_interfaces/my_robot_interfaces/srv/detail
-- Installing: /home/tommi/ros2/ws/install/my_robot_interfaces/include/my_robot_interfaces/my_robot_interfaces/srv/detail/dds_fastrtps
-- Installing: /home/tommi/ros2/ws/install/my_robot_interfaces/include/my_robot_interfaces/my_robot_interfaces/srv/detail/stop_turtle__rosidl_typesupport_fastrtps_cpp.hpp
-- Installing: /home/tommi/ros2/ws/install/my_robot_interfaces/include/my_robot_interfaces/my_robot_interfaces/srv/detail/reset_counter__rosidl_typesupport_fastrtps_cpp.hpp
-- Up-to-date: /home/tommi/ros2/ws/install/my_robot_interfaces/include/my_robot_interfaces/my_robot_interfaces/msg
-- Up-to-date: /home/tommi/ros2/ws/install/my_robot_interfaces/include/my_robot_interfaces/my_robot_interfaces/msg/detail
-- Installing: /home/tommi/ros2/ws/install/my_robot_interfaces/include/my_robot_interfaces/my_robot_interfaces/msg/detail/dds_fastrtps
-- Installing: /home/tommi/ros2/ws/install/my_robot_interfaces/include/my_robot_interfaces/my_robot_interfaces/msg/detail/int64__rosidl_typesupport_fastrtps_cpp.hpp
-- Installing: /home/tommi/ros2/ws/install/my_robot_interfaces/include/my_robot_interfaces/my_robot_interfaces/msg/rosidl_typesupport_fastrtps_cpp__visibility_control.h
-- Installing: /home/tommi/ros2/ws/install/my_robot_interfaces/lib/libmy_robot_interfaces__rosidl_typesupport_fastrtps_cpp.so
-- Set non-toolchain portion of runtime path of "/home/tommi/ros2/ws/install/my_robot_interfaces/lib/libmy_robot_interfaces__rosidl_typesupport_fastrtps_cpp.so" to ""
-- Up-to-date: /home/tommi/ros2/ws/install/my_robot_interfaces/include/my_robot_interfaces/my_robot_interfaces
-- Up-to-date: /home/tommi/ros2/ws/install/my_robot_interfaces/include/my_robot_interfaces/my_robot_interfaces/srv
-- Up-to-date: /home/tommi/ros2/ws/install/my_robot_interfaces/include/my_robot_interfaces/my_robot_interfaces/srv/detail
-- Installing: /home/tommi/ros2/ws/install/my_robot_interfaces/include/my_robot_interfaces/my_robot_interfaces/srv/detail/stop_turtle__type_support.cpp
-- Installing: /home/tommi/ros2/ws/install/my_robot_interfaces/include/my_robot_interfaces/my_robot_interfaces/srv/detail/reset_counter__type_support.cpp
-- Installing: /home/tommi/ros2/ws/install/my_robot_interfaces/include/my_robot_interfaces/my_robot_interfaces/srv/detail/reset_counter__rosidl_typesupport_introspection_cpp.hpp
-- Installing: /home/tommi/ros2/ws/install/my_robot_interfaces/include/my_robot_interfaces/my_robot_interfaces/srv/detail/stop_turtle__rosidl_typesupport_introspection_cpp.hpp
-- Up-to-date: /home/tommi/ros2/ws/install/my_robot_interfaces/include/my_robot_interfaces/my_robot_interfaces/msg
-- Up-to-date: /home/tommi/ros2/ws/install/my_robot_interfaces/include/my_robot_interfaces/my_robot_interfaces/msg/detail
-- Installing: /home/tommi/ros2/ws/install/my_robot_interfaces/include/my_robot_interfaces/my_robot_interfaces/msg/detail/int64__type_support.cpp
-- Installing: /home/tommi/ros2/ws/install/my_robot_interfaces/include/my_robot_interfaces/my_robot_interfaces/msg/detail/int64__rosidl_typesupport_introspection_cpp.hpp
-- Installing: /home/tommi/ros2/ws/install/my_robot_interfaces/lib/libmy_robot_interfaces__rosidl_typesupport_introspection_cpp.so
-- Set non-toolchain portion of runtime path of "/home/tommi/ros2/ws/install/my_robot_interfaces/lib/libmy_robot_interfaces__rosidl_typesupport_introspection_cpp.so" to ""
-- Installing: /home/tommi/ros2/ws/install/my_robot_interfaces/lib/libmy_robot_interfaces__rosidl_typesupport_cpp.so
-- Set non-toolchain portion of runtime path of "/home/tommi/ros2/ws/install/my_robot_interfaces/lib/libmy_robot_interfaces__rosidl_typesupport_cpp.so" to ""
-- Installing: /home/tommi/ros2/ws/install/my_robot_interfaces/share/my_robot_interfaces/environment/pythonpath.sh
-- Installing: /home/tommi/ros2/ws/install/my_robot_interfaces/share/my_robot_interfaces/environment/pythonpath.dsv
-- Installing: /home/tommi/ros2/ws/install/my_robot_interfaces/lib/python3.12/site-packages/my_robot_interfaces-0.0.0-py3.12.egg-info
-- Installing: /home/tommi/ros2/ws/install/my_robot_interfaces/lib/python3.12/site-packages/my_robot_interfaces-0.0.0-py3.12.egg-info/PKG-INFO
-- Installing: /home/tommi/ros2/ws/install/my_robot_interfaces/lib/python3.12/site-packages/my_robot_interfaces-0.0.0-py3.12.egg-info/dependency_links.txt
-- Installing: /home/tommi/ros2/ws/install/my_robot_interfaces/lib/python3.12/site-packages/my_robot_interfaces-0.0.0-py3.12.egg-info/SOURCES.txt
-- Installing: /home/tommi/ros2/ws/install/my_robot_interfaces/lib/python3.12/site-packages/my_robot_interfaces-0.0.0-py3.12.egg-info/top_level.txt
-- Installing: /home/tommi/ros2/ws/install/my_robot_interfaces/lib/python3.12/site-packages/my_robot_interfaces
-- Installing: /home/tommi/ros2/ws/install/my_robot_interfaces/lib/python3.12/site-packages/my_robot_interfaces/srv
-- Installing: /home/tommi/ros2/ws/install/my_robot_interfaces/lib/python3.12/site-packages/my_robot_interfaces/srv/_reset_counter_s.c
-- Installing: /home/tommi/ros2/ws/install/my_robot_interfaces/lib/python3.12/site-packages/my_robot_interfaces/srv/__init__.py
-- Installing: /home/tommi/ros2/ws/install/my_robot_interfaces/lib/python3.12/site-packages/my_robot_interfaces/srv/_reset_counter.py
-- Installing: /home/tommi/ros2/ws/install/my_robot_interfaces/lib/python3.12/site-packages/my_robot_interfaces/srv/_stop_turtle_s.c
-- Installing: /home/tommi/ros2/ws/install/my_robot_interfaces/lib/python3.12/site-packages/my_robot_interfaces/srv/_stop_turtle.py
-- Installing: /home/tommi/ros2/ws/install/my_robot_interfaces/lib/python3.12/site-packages/my_robot_interfaces/_my_robot_interfaces_s.ep.rosidl_typesupport_introspection_c.c
-- Installing: /home/tommi/ros2/ws/install/my_robot_interfaces/lib/python3.12/site-packages/my_robot_interfaces/__init__.py
-- Installing: /home/tommi/ros2/ws/install/my_robot_interfaces/lib/python3.12/site-packages/my_robot_interfaces/_my_robot_interfaces_s.ep.rosidl_typesupport_c.c
-- Installing: /home/tommi/ros2/ws/install/my_robot_interfaces/lib/python3.12/site-packages/my_robot_interfaces/my_robot_interfaces_s__rosidl_typesupport_c.so
-- Installing: /home/tommi/ros2/ws/install/my_robot_interfaces/lib/python3.12/site-packages/my_robot_interfaces/my_robot_interfaces_s__rosidl_typesupport_fastrtps_c.so
-- Installing: /home/tommi/ros2/ws/install/my_robot_interfaces/lib/python3.12/site-packages/my_robot_interfaces/msg
-- Installing: /home/tommi/ros2/ws/install/my_robot_interfaces/lib/python3.12/site-packages/my_robot_interfaces/msg/_int64.py
-- Installing: /home/tommi/ros2/ws/install/my_robot_interfaces/lib/python3.12/site-packages/my_robot_interfaces/msg/__init__.py
-- Installing: /home/tommi/ros2/ws/install/my_robot_interfaces/lib/python3.12/site-packages/my_robot_interfaces/msg/_int64_s.c
-- Installing: /home/tommi/ros2/ws/install/my_robot_interfaces/lib/python3.12/site-packages/my_robot_interfaces/my_robot_interfaces_s__rosidl_typesupport_introspection_c.so
-- Installing: /home/tommi/ros2/ws/install/my_robot_interfaces/lib/python3.12/site-packages/my_robot_interfaces/_my_robot_interfaces_s.ep.rosidl_typesupport_fastrtps_c.c
Listing '/home/tommi/ros2/ws/install/my_robot_interfaces/lib/python3.12/site-packages/my_robot_interfaces'...
Compiling '/home/tommi/ros2/ws/install/my_robot_interfaces/lib/python3.12/site-packages/my_robot_interfaces/__init__.py'...
Listing '/home/tommi/ros2/ws/install/my_robot_interfaces/lib/python3.12/site-packages/my_robot_interfaces/msg'...
Compiling '/home/tommi/ros2/ws/install/my_robot_interfaces/lib/python3.12/site-packages/my_robot_interfaces/msg/__init__.py'...
Compiling '/home/tommi/ros2/ws/install/my_robot_interfaces/lib/python3.12/site-packages/my_robot_interfaces/msg/_int64.py'...
Listing '/home/tommi/ros2/ws/install/my_robot_interfaces/lib/python3.12/site-packages/my_robot_interfaces/srv'...
Compiling '/home/tommi/ros2/ws/install/my_robot_interfaces/lib/python3.12/site-packages/my_robot_interfaces/srv/__init__.py'...
Compiling '/home/tommi/ros2/ws/install/my_robot_interfaces/lib/python3.12/site-packages/my_robot_interfaces/srv/_reset_counter.py'...
Compiling '/home/tommi/ros2/ws/install/my_robot_interfaces/lib/python3.12/site-packages/my_robot_interfaces/srv/_stop_turtle.py'...
-- Installing: /home/tommi/ros2/ws/install/my_robot_interfaces/lib/python3.12/site-packages/my_robot_interfaces/my_robot_interfaces_s__rosidl_typesupport_fastrtps_c.so
-- Set non-toolchain portion of runtime path of "/home/tommi/ros2/ws/install/my_robot_interfaces/lib/python3.12/site-packages/my_robot_interfaces/my_robot_interfaces_s__rosidl_typesupport_fastrtps_c.so" to ""
-- Installing: /home/tommi/ros2/ws/install/my_robot_interfaces/lib/python3.12/site-packages/my_robot_interfaces/my_robot_interfaces_s__rosidl_typesupport_introspection_c.so
-- Set non-toolchain portion of runtime path of "/home/tommi/ros2/ws/install/my_robot_interfaces/lib/python3.12/site-packages/my_robot_interfaces/my_robot_interfaces_s__rosidl_typesupport_introspection_c.so" to ""
-- Installing: /home/tommi/ros2/ws/install/my_robot_interfaces/lib/python3.12/site-packages/my_robot_interfaces/my_robot_interfaces_s__rosidl_typesupport_c.so
-- Set non-toolchain portion of runtime path of "/home/tommi/ros2/ws/install/my_robot_interfaces/lib/python3.12/site-packages/my_robot_interfaces/my_robot_interfaces_s__rosidl_typesupport_c.so" to ""
-- Installing: /home/tommi/ros2/ws/install/my_robot_interfaces/lib/libmy_robot_interfaces__rosidl_generator_py.so
-- Set non-toolchain portion of runtime path of "/home/tommi/ros2/ws/install/my_robot_interfaces/lib/libmy_robot_interfaces__rosidl_generator_py.so" to ""
-- Installing: /home/tommi/ros2/ws/install/my_robot_interfaces/share/my_robot_interfaces/msg/Int64.idl
-- Installing: /home/tommi/ros2/ws/install/my_robot_interfaces/share/my_robot_interfaces/srv/ResetCounter.idl
-- Installing: /home/tommi/ros2/ws/install/my_robot_interfaces/share/my_robot_interfaces/srv/StopTurtle.idl
-- Installing: /home/tommi/ros2/ws/install/my_robot_interfaces/share/my_robot_interfaces/msg/Int64.msg
-- Installing: /home/tommi/ros2/ws/install/my_robot_interfaces/share/my_robot_interfaces/srv/ResetCounter.srv
-- Installing: /home/tommi/ros2/ws/install/my_robot_interfaces/share/my_robot_interfaces/srv/StopTurtle.srv
-- Installing: /home/tommi/ros2/ws/install/my_robot_interfaces/share/ament_index/resource_index/package_run_dependencies/my_robot_interfaces
-- Installing: /home/tommi/ros2/ws/install/my_robot_interfaces/share/ament_index/resource_index/parent_prefix_path/my_robot_interfaces
-- Installing: /home/tommi/ros2/ws/install/my_robot_interfaces/share/my_robot_interfaces/environment/ament_prefix_path.sh
-- Installing: /home/tommi/ros2/ws/install/my_robot_interfaces/share/my_robot_interfaces/environment/ament_prefix_path.dsv
-- Installing: /home/tommi/ros2/ws/install/my_robot_interfaces/share/my_robot_interfaces/environment/path.sh
-- Installing: /home/tommi/ros2/ws/install/my_robot_interfaces/share/my_robot_interfaces/environment/path.dsv
-- Installing: /home/tommi/ros2/ws/install/my_robot_interfaces/share/my_robot_interfaces/local_setup.bash
-- Installing: /home/tommi/ros2/ws/install/my_robot_interfaces/share/my_robot_interfaces/local_setup.sh
-- Installing: /home/tommi/ros2/ws/install/my_robot_interfaces/share/my_robot_interfaces/local_setup.zsh
-- Installing: /home/tommi/ros2/ws/install/my_robot_interfaces/share/my_robot_interfaces/local_setup.dsv
-- Installing: /home/tommi/ros2/ws/install/my_robot_interfaces/share/my_robot_interfaces/package.dsv
-- Installing: /home/tommi/ros2/ws/install/my_robot_interfaces/share/ament_index/resource_index/packages/my_robot_interfaces
-- Installing: /home/tommi/ros2/ws/install/my_robot_interfaces/share/my_robot_interfaces/cmake/export_my_robot_interfaces__rosidl_generator_cExport.cmake
-- Installing: /home/tommi/ros2/ws/install/my_robot_interfaces/share/my_robot_interfaces/cmake/export_my_robot_interfaces__rosidl_generator_cExport-noconfig.cmake
-- Installing: /home/tommi/ros2/ws/install/my_robot_interfaces/share/my_robot_interfaces/cmake/export_my_robot_interfaces__rosidl_typesupport_fastrtps_cExport.cmake
-- Installing: /home/tommi/ros2/ws/install/my_robot_interfaces/share/my_robot_interfaces/cmake/export_my_robot_interfaces__rosidl_typesupport_fastrtps_cExport-noconfig.cmake
-- Installing: /home/tommi/ros2/ws/install/my_robot_interfaces/share/my_robot_interfaces/cmake/my_robot_interfaces__rosidl_typesupport_introspection_cExport.cmake
-- Installing: /home/tommi/ros2/ws/install/my_robot_interfaces/share/my_robot_interfaces/cmake/my_robot_interfaces__rosidl_typesupport_introspection_cExport-noconfig.cmake
-- Installing: /home/tommi/ros2/ws/install/my_robot_interfaces/share/my_robot_interfaces/cmake/my_robot_interfaces__rosidl_typesupport_cExport.cmake
-- Installing: /home/tommi/ros2/ws/install/my_robot_interfaces/share/my_robot_interfaces/cmake/my_robot_interfaces__rosidl_typesupport_cExport-noconfig.cmake
-- Installing: /home/tommi/ros2/ws/install/my_robot_interfaces/share/my_robot_interfaces/cmake/export_my_robot_interfaces__rosidl_generator_cppExport.cmake
-- Installing: /home/tommi/ros2/ws/install/my_robot_interfaces/share/my_robot_interfaces/cmake/export_my_robot_interfaces__rosidl_typesupport_fastrtps_cppExport.cmake
-- Installing: /home/tommi/ros2/ws/install/my_robot_interfaces/share/my_robot_interfaces/cmake/export_my_robot_interfaces__rosidl_typesupport_fastrtps_cppExport-noconfig.cmake
-- Installing: /home/tommi/ros2/ws/install/my_robot_interfaces/share/my_robot_interfaces/cmake/my_robot_interfaces__rosidl_typesupport_introspection_cppExport.cmake
-- Installing: /home/tommi/ros2/ws/install/my_robot_interfaces/share/my_robot_interfaces/cmake/my_robot_interfaces__rosidl_typesupport_introspection_cppExport-noconfig.cmake
-- Installing: /home/tommi/ros2/ws/install/my_robot_interfaces/share/my_robot_interfaces/cmake/my_robot_interfaces__rosidl_typesupport_cppExport.cmake
-- Installing: /home/tommi/ros2/ws/install/my_robot_interfaces/share/my_robot_interfaces/cmake/my_robot_interfaces__rosidl_typesupport_cppExport-noconfig.cmake
-- Installing: /home/tommi/ros2/ws/install/my_robot_interfaces/share/my_robot_interfaces/cmake/export_my_robot_interfaces__rosidl_generator_pyExport.cmake
-- Installing: /home/tommi/ros2/ws/install/my_robot_interfaces/share/my_robot_interfaces/cmake/export_my_robot_interfaces__rosidl_generator_pyExport-noconfig.cmake
-- Installing: /home/tommi/ros2/ws/install/my_robot_interfaces/share/my_robot_interfaces/cmake/rosidl_cmake-extras.cmake
-- Installing: /home/tommi/ros2/ws/install/my_robot_interfaces/share/my_robot_interfaces/cmake/ament_cmake_export_dependencies-extras.cmake
-- Installing: /home/tommi/ros2/ws/install/my_robot_interfaces/share/my_robot_interfaces/cmake/ament_cmake_export_include_directories-extras.cmake
-- Installing: /home/tommi/ros2/ws/install/my_robot_interfaces/share/my_robot_interfaces/cmake/ament_cmake_export_libraries-extras.cmake
-- Installing: /home/tommi/ros2/ws/install/my_robot_interfaces/share/my_robot_interfaces/cmake/ament_cmake_export_targets-extras.cmake
-- Installing: /home/tommi/ros2/ws/install/my_robot_interfaces/share/my_robot_interfaces/cmake/rosidl_cmake_export_typesupport_targets-extras.cmake
-- Installing: /home/tommi/ros2/ws/install/my_robot_interfaces/share/my_robot_interfaces/cmake/rosidl_cmake_export_typesupport_libraries-extras.cmake
-- Installing: /home/tommi/ros2/ws/install/my_robot_interfaces/share/my_robot_interfaces/cmake/my_robot_interfacesConfig.cmake
-- Installing: /home/tommi/ros2/ws/install/my_robot_interfaces/share/my_robot_interfaces/cmake/my_robot_interfacesConfig-version.cmake
-- Installing: /home/tommi/ros2/ws/install/my_robot_interfaces/share/my_robot_interfaces/package.xml
