running egg_info
creating ../build/my_py_pkg/my_py_pkg.egg-info
writing ../build/my_py_pkg/my_py_pkg.egg-info/PKG-INFO
writing dependency_links to ../build/my_py_pkg/my_py_pkg.egg-info/dependency_links.txt
writing entry points to ../build/my_py_pkg/my_py_pkg.egg-info/entry_points.txt
writing requirements to ../build/my_py_pkg/my_py_pkg.egg-info/requires.txt
writing top-level names to ../build/my_py_pkg/my_py_pkg.egg-info/top_level.txt
writing manifest file '../build/my_py_pkg/my_py_pkg.egg-info/SOURCES.txt'
reading manifest file '../build/my_py_pkg/my_py_pkg.egg-info/SOURCES.txt'
writing manifest file '../build/my_py_pkg/my_py_pkg.egg-info/SOURCES.txt'
running build
running build_py
creating /home/tommi/ros2/ws/build/my_py_pkg/build
creating /home/tommi/ros2/ws/build/my_py_pkg/build/lib
creating /home/tommi/ros2/ws/build/my_py_pkg/build/lib/my_py_pkg
copying my_py_pkg/my_first_node.py -> /home/tommi/ros2/ws/build/my_py_pkg/build/lib/my_py_pkg
copying my_py_pkg/number_publisher.py -> /home/tommi/ros2/ws/build/my_py_pkg/build/lib/my_py_pkg
copying my_py_pkg/__init__.py -> /home/tommi/ros2/ws/build/my_py_pkg/build/lib/my_py_pkg
copying my_py_pkg/number_counter.py -> /home/tommi/ros2/ws/build/my_py_pkg/build/lib/my_py_pkg
copying my_py_pkg/count_until_server_minimal.py -> /home/tommi/ros2/ws/build/my_py_pkg/build/lib/my_py_pkg
copying my_py_pkg/reset_counter_client.py -> /home/tommi/ros2/ws/build/my_py_pkg/build/lib/my_py_pkg
running install
running install_lib
creating /home/tommi/ros2/ws/install/my_py_pkg/lib/python3.12/site-packages/my_py_pkg
copying /home/tommi/ros2/ws/build/my_py_pkg/build/lib/my_py_pkg/my_first_node.py -> /home/tommi/ros2/ws/install/my_py_pkg/lib/python3.12/site-packages/my_py_pkg
copying /home/tommi/ros2/ws/build/my_py_pkg/build/lib/my_py_pkg/number_publisher.py -> /home/tommi/ros2/ws/install/my_py_pkg/lib/python3.12/site-packages/my_py_pkg
copying /home/tommi/ros2/ws/build/my_py_pkg/build/lib/my_py_pkg/__init__.py -> /home/tommi/ros2/ws/install/my_py_pkg/lib/python3.12/site-packages/my_py_pkg
copying /home/tommi/ros2/ws/build/my_py_pkg/build/lib/my_py_pkg/number_counter.py -> /home/tommi/ros2/ws/install/my_py_pkg/lib/python3.12/site-packages/my_py_pkg
copying /home/tommi/ros2/ws/build/my_py_pkg/build/lib/my_py_pkg/count_until_server_minimal.py -> /home/tommi/ros2/ws/install/my_py_pkg/lib/python3.12/site-packages/my_py_pkg
copying /home/tommi/ros2/ws/build/my_py_pkg/build/lib/my_py_pkg/reset_counter_client.py -> /home/tommi/ros2/ws/install/my_py_pkg/lib/python3.12/site-packages/my_py_pkg
byte-compiling /home/tommi/ros2/ws/install/my_py_pkg/lib/python3.12/site-packages/my_py_pkg/my_first_node.py to my_first_node.cpython-312.pyc
byte-compiling /home/tommi/ros2/ws/install/my_py_pkg/lib/python3.12/site-packages/my_py_pkg/number_publisher.py to number_publisher.cpython-312.pyc
byte-compiling /home/tommi/ros2/ws/install/my_py_pkg/lib/python3.12/site-packages/my_py_pkg/__init__.py to __init__.cpython-312.pyc
byte-compiling /home/tommi/ros2/ws/install/my_py_pkg/lib/python3.12/site-packages/my_py_pkg/number_counter.py to number_counter.cpython-312.pyc
byte-compiling /home/tommi/ros2/ws/install/my_py_pkg/lib/python3.12/site-packages/my_py_pkg/count_until_server_minimal.py to count_until_server_minimal.cpython-312.pyc
byte-compiling /home/tommi/ros2/ws/install/my_py_pkg/lib/python3.12/site-packages/my_py_pkg/reset_counter_client.py to reset_counter_client.cpython-312.pyc
running install_data
creating /home/tommi/ros2/ws/install/my_py_pkg/share/ament_index
creating /home/tommi/ros2/ws/install/my_py_pkg/share/ament_index/resource_index
creating /home/tommi/ros2/ws/install/my_py_pkg/share/ament_index/resource_index/packages
copying resource/my_py_pkg -> /home/tommi/ros2/ws/install/my_py_pkg/share/ament_index/resource_index/packages
copying package.xml -> /home/tommi/ros2/ws/install/my_py_pkg/share/my_py_pkg
running install_egg_info
Copying ../build/my_py_pkg/my_py_pkg.egg-info to /home/tommi/ros2/ws/install/my_py_pkg/lib/python3.12/site-packages/my_py_pkg-0.0.0-py3.12.egg-info
running install_scripts
Installing count_until_server_minimal script to /home/tommi/ros2/ws/install/my_py_pkg/lib/my_py_pkg
Installing number_counter script to /home/tommi/ros2/ws/install/my_py_pkg/lib/my_py_pkg
Installing number_publisher script to /home/tommi/ros2/ws/install/my_py_pkg/lib/my_py_pkg
Installing reset_counter_client script to /home/tommi/ros2/ws/install/my_py_pkg/lib/my_py_pkg
Installing test_node script to /home/tommi/ros2/ws/install/my_py_pkg/lib/my_py_pkg
writing list of installed files to '/home/tommi/ros2/ws/build/my_py_pkg/install.log'
