[0.908s] Invoking command in '/home/tommi/ros2/ws/my_py_pkg': CMAKE_PREFIX_PATH=/home/tommi/ros2/ws/install/my_robot_interfaces:/home/tommi/ros2/ws/install/turtle_challenge_cpp:/home/tommi/ros2/ws/install/service_client_cpp:/opt/ros/jazzy/opt/gz_sim_vendor:/opt/ros/jazzy/opt/gz_sensors_vendor:/opt/ros/jazzy/opt/gz_physics_vendor:/opt/ros/jazzy/opt/sdformat_vendor:/opt/ros/jazzy/opt/gz_gui_vendor:/opt/ros/jazzy/opt/gz_transport_vendor:/opt/ros/jazzy/opt/gz_rendering_vendor:/opt/ros/jazzy/opt/gz_plugin_vendor:/opt/ros/jazzy/opt/gz_fuel_tools_vendor:/opt/ros/jazzy/opt/gz_msgs_vendor:/opt/ros/jazzy/opt/gz_common_vendor:/opt/ros/jazzy/opt/gz_math_vendor:/opt/ros/jazzy/opt/gz_utils_vendor:/opt/ros/jazzy/opt/gz_tools_vendor:/opt/ros/jazzy/opt/gz_ogre_next_vendor:/opt/ros/jazzy/opt/gz_dartsim_vendor:/opt/ros/jazzy/opt/gz_cmake_vendor DEBUGINFOD_URLS=https://debuginfod.ubuntu.com PYTHONPATH=/home/tommi/ros2/ws/build/my_py_pkg/prefix_override:/usr/lib/python3/dist-packages/colcon_core/task/python/colcon_distutils_commands:/home/tommi/ros2/ws/install/my_py_pkg/lib/python3.12/site-packages:/home/tommi/ros2/ws/install/my_robot_interfaces/lib/python3.12/site-packages:/home/tommi/ros2/ws/install/number_publisher/lib/python3.12/site-packages:/home/tommi/ros2/ws/install/number_counter_py/lib/python3.12/site-packages:/home/tommi/ros2/ws/build/temperature:/home/tommi/ros2/ws/install/temperature/lib/python3.12/site-packages:/opt/ros/jazzy/lib/python3.12/site-packages /usr/bin/python3 -W ignore:setup.py install is deprecated -W ignore:easy_install command is deprecated setup.py egg_info --egg-base ../build/my_py_pkg build --build-base /home/tommi/ros2/ws/build/my_py_pkg/build install --record /home/tommi/ros2/ws/build/my_py_pkg/install.log --single-version-externally-managed install_data
[1.215s] running egg_info
[1.216s] creating ../build/my_py_pkg/my_py_pkg.egg-info
[1.239s] writing ../build/my_py_pkg/my_py_pkg.egg-info/PKG-INFO
[1.239s] writing dependency_links to ../build/my_py_pkg/my_py_pkg.egg-info/dependency_links.txt
[1.240s] writing entry points to ../build/my_py_pkg/my_py_pkg.egg-info/entry_points.txt
[1.240s] writing requirements to ../build/my_py_pkg/my_py_pkg.egg-info/requires.txt
[1.240s] writing top-level names to ../build/my_py_pkg/my_py_pkg.egg-info/top_level.txt
[1.240s] writing manifest file '../build/my_py_pkg/my_py_pkg.egg-info/SOURCES.txt'
[1.286s] reading manifest file '../build/my_py_pkg/my_py_pkg.egg-info/SOURCES.txt'
[1.287s] writing manifest file '../build/my_py_pkg/my_py_pkg.egg-info/SOURCES.txt'
[1.287s] running build
[1.287s] running build_py
[1.287s] creating /home/tommi/ros2/ws/build/my_py_pkg/build
[1.287s] creating /home/tommi/ros2/ws/build/my_py_pkg/build/lib
[1.288s] creating /home/tommi/ros2/ws/build/my_py_pkg/build/lib/my_py_pkg
[1.288s] copying my_py_pkg/my_first_node.py -> /home/tommi/ros2/ws/build/my_py_pkg/build/lib/my_py_pkg
[1.288s] copying my_py_pkg/number_publisher.py -> /home/tommi/ros2/ws/build/my_py_pkg/build/lib/my_py_pkg
[1.288s] copying my_py_pkg/__init__.py -> /home/tommi/ros2/ws/build/my_py_pkg/build/lib/my_py_pkg
[1.288s] copying my_py_pkg/number_counter.py -> /home/tommi/ros2/ws/build/my_py_pkg/build/lib/my_py_pkg
[1.288s] copying my_py_pkg/count_until_server_minimal.py -> /home/tommi/ros2/ws/build/my_py_pkg/build/lib/my_py_pkg
[1.288s] copying my_py_pkg/reset_counter_client.py -> /home/tommi/ros2/ws/build/my_py_pkg/build/lib/my_py_pkg
[1.289s] running install
[1.294s] running install_lib
[1.319s] creating /home/tommi/ros2/ws/install/my_py_pkg/lib/python3.12/site-packages/my_py_pkg
[1.319s] copying /home/tommi/ros2/ws/build/my_py_pkg/build/lib/my_py_pkg/my_first_node.py -> /home/tommi/ros2/ws/install/my_py_pkg/lib/python3.12/site-packages/my_py_pkg
[1.319s] copying /home/tommi/ros2/ws/build/my_py_pkg/build/lib/my_py_pkg/number_publisher.py -> /home/tommi/ros2/ws/install/my_py_pkg/lib/python3.12/site-packages/my_py_pkg
[1.319s] copying /home/tommi/ros2/ws/build/my_py_pkg/build/lib/my_py_pkg/__init__.py -> /home/tommi/ros2/ws/install/my_py_pkg/lib/python3.12/site-packages/my_py_pkg
[1.320s] copying /home/tommi/ros2/ws/build/my_py_pkg/build/lib/my_py_pkg/number_counter.py -> /home/tommi/ros2/ws/install/my_py_pkg/lib/python3.12/site-packages/my_py_pkg
[1.320s] copying /home/tommi/ros2/ws/build/my_py_pkg/build/lib/my_py_pkg/count_until_server_minimal.py -> /home/tommi/ros2/ws/install/my_py_pkg/lib/python3.12/site-packages/my_py_pkg
[1.320s] copying /home/tommi/ros2/ws/build/my_py_pkg/build/lib/my_py_pkg/reset_counter_client.py -> /home/tommi/ros2/ws/install/my_py_pkg/lib/python3.12/site-packages/my_py_pkg
[1.321s] byte-compiling /home/tommi/ros2/ws/install/my_py_pkg/lib/python3.12/site-packages/my_py_pkg/my_first_node.py to my_first_node.cpython-312.pyc
[1.321s] byte-compiling /home/tommi/ros2/ws/install/my_py_pkg/lib/python3.12/site-packages/my_py_pkg/number_publisher.py to number_publisher.cpython-312.pyc
[1.322s] byte-compiling /home/tommi/ros2/ws/install/my_py_pkg/lib/python3.12/site-packages/my_py_pkg/__init__.py to __init__.cpython-312.pyc
[1.322s] byte-compiling /home/tommi/ros2/ws/install/my_py_pkg/lib/python3.12/site-packages/my_py_pkg/number_counter.py to number_counter.cpython-312.pyc
[1.323s] byte-compiling /home/tommi/ros2/ws/install/my_py_pkg/lib/python3.12/site-packages/my_py_pkg/count_until_server_minimal.py to count_until_server_minimal.cpython-312.pyc
[1.323s] byte-compiling /home/tommi/ros2/ws/install/my_py_pkg/lib/python3.12/site-packages/my_py_pkg/reset_counter_client.py to reset_counter_client.cpython-312.pyc
[1.324s] running install_data
[1.324s] creating /home/tommi/ros2/ws/install/my_py_pkg/share/ament_index
[1.324s] creating /home/tommi/ros2/ws/install/my_py_pkg/share/ament_index/resource_index
[1.324s] creating /home/tommi/ros2/ws/install/my_py_pkg/share/ament_index/resource_index/packages
[1.325s] copying resource/my_py_pkg -> /home/tommi/ros2/ws/install/my_py_pkg/share/ament_index/resource_index/packages
[1.325s] copying package.xml -> /home/tommi/ros2/ws/install/my_py_pkg/share/my_py_pkg
[1.325s] running install_egg_info
[1.349s] Copying ../build/my_py_pkg/my_py_pkg.egg-info to /home/tommi/ros2/ws/install/my_py_pkg/lib/python3.12/site-packages/my_py_pkg-0.0.0-py3.12.egg-info
[1.350s] running install_scripts
[1.525s] Installing count_until_server_minimal script to /home/tommi/ros2/ws/install/my_py_pkg/lib/my_py_pkg
[1.526s] Installing number_counter script to /home/tommi/ros2/ws/install/my_py_pkg/lib/my_py_pkg
[1.526s] Installing number_publisher script to /home/tommi/ros2/ws/install/my_py_pkg/lib/my_py_pkg
[1.526s] Installing reset_counter_client script to /home/tommi/ros2/ws/install/my_py_pkg/lib/my_py_pkg
[1.526s] Installing test_node script to /home/tommi/ros2/ws/install/my_py_pkg/lib/my_py_pkg
[1.527s] writing list of installed files to '/home/tommi/ros2/ws/build/my_py_pkg/install.log'
[1.556s] Invoked command in '/home/tommi/ros2/ws/my_py_pkg' returned '0': CMAKE_PREFIX_PATH=/home/tommi/ros2/ws/install/my_robot_interfaces:/home/tommi/ros2/ws/install/turtle_challenge_cpp:/home/tommi/ros2/ws/install/service_client_cpp:/opt/ros/jazzy/opt/gz_sim_vendor:/opt/ros/jazzy/opt/gz_sensors_vendor:/opt/ros/jazzy/opt/gz_physics_vendor:/opt/ros/jazzy/opt/sdformat_vendor:/opt/ros/jazzy/opt/gz_gui_vendor:/opt/ros/jazzy/opt/gz_transport_vendor:/opt/ros/jazzy/opt/gz_rendering_vendor:/opt/ros/jazzy/opt/gz_plugin_vendor:/opt/ros/jazzy/opt/gz_fuel_tools_vendor:/opt/ros/jazzy/opt/gz_msgs_vendor:/opt/ros/jazzy/opt/gz_common_vendor:/opt/ros/jazzy/opt/gz_math_vendor:/opt/ros/jazzy/opt/gz_utils_vendor:/opt/ros/jazzy/opt/gz_tools_vendor:/opt/ros/jazzy/opt/gz_ogre_next_vendor:/opt/ros/jazzy/opt/gz_dartsim_vendor:/opt/ros/jazzy/opt/gz_cmake_vendor DEBUGINFOD_URLS=https://debuginfod.ubuntu.com PYTHONPATH=/home/tommi/ros2/ws/build/my_py_pkg/prefix_override:/usr/lib/python3/dist-packages/colcon_core/task/python/colcon_distutils_commands:/home/tommi/ros2/ws/install/my_py_pkg/lib/python3.12/site-packages:/home/tommi/ros2/ws/install/my_robot_interfaces/lib/python3.12/site-packages:/home/tommi/ros2/ws/install/number_publisher/lib/python3.12/site-packages:/home/tommi/ros2/ws/install/number_counter_py/lib/python3.12/site-packages:/home/tommi/ros2/ws/build/temperature:/home/tommi/ros2/ws/install/temperature/lib/python3.12/site-packages:/opt/ros/jazzy/lib/python3.12/site-packages /usr/bin/python3 -W ignore:setup.py install is deprecated -W ignore:easy_install command is deprecated setup.py egg_info --egg-base ../build/my_py_pkg build --build-base /home/tommi/ros2/ws/build/my_py_pkg/build install --record /home/tommi/ros2/ws/build/my_py_pkg/install.log --single-version-externally-managed install_data
