[0.107s] DEBUG:colcon:Command line arguments: ['/usr/bin/colcon', 'build', '--packages-select', 'my_py_pkg', '--symlink-install']
[0.107s] DEBUG:colcon:Parsed command line arguments: Namespace(log_base=None, log_level=None, verb_name='build', build_base='build', install_base='install', merge_install=False, symlink_install=True, test_result_base=None, continue_on_error=False, executor='parallel', parallel_workers=8, event_handlers=None, ignore_user_meta=False, metas=['./colcon.meta'], base_paths=['.'], packages_ignore=None, packages_ignore_regex=None, paths=None, packages_up_to=None, packages_up_to_regex=None, packages_above=None, packages_above_and_dependencies=None, packages_above_depth=None, packages_select_by_dep=None, packages_skip_by_dep=None, packages_skip_up_to=None, packages_select_build_failed=False, packages_skip_build_finished=False, packages_select_test_failures=False, packages_skip_test_passed=False, packages_select=['my_py_pkg'], packages_skip=None, packages_select_regex=None, packages_skip_regex=None, packages_start=None, packages_end=None, allow_overriding=[], cmake_args=None, cmake_target=None, cmake_target_skip_unavailable=False, cmake_clean_cache=False, cmake_clean_first=False, cmake_force_configure=False, ament_cmake_args=None, catkin_cmake_args=None, catkin_skip_building_tests=False, mixin_files=None, mixin=None, verb_parser=<colcon_mixin.mixin.mixin_argument.MixinArgumentDecorator object at 0x70de9f28cc80>, verb_extension=<colcon_core.verb.build.BuildVerb object at 0x70de9f3b8620>, main=<bound method BuildVerb.main of <colcon_core.verb.build.BuildVerb object at 0x70de9f3b8620>>, mixin_verb=('build',))
[0.146s] Level 1:colcon.colcon_core.package_discovery:discover_packages(colcon_meta) check parameters
[0.146s] Level 1:colcon.colcon_core.package_discovery:discover_packages(recursive) check parameters
[0.146s] Level 1:colcon.colcon_core.package_discovery:discover_packages(ignore) check parameters
[0.146s] Level 1:colcon.colcon_core.package_discovery:discover_packages(path) check parameters
[0.146s] Level 1:colcon.colcon_core.package_discovery:discover_packages(colcon_meta) discover
[0.146s] Level 1:colcon.colcon_core.package_discovery:discover_packages(recursive) discover
[0.146s] INFO:colcon.colcon_core.package_discovery:Crawling recursively for packages in '/home/tommi/ros2/ws'
[0.146s] Level 1:colcon.colcon_core.package_identification:_identify(.) by extensions ['ignore', 'ignore_ament_install']
[0.146s] Level 1:colcon.colcon_core.package_identification:_identify(.) by extension 'ignore'
[0.146s] Level 1:colcon.colcon_core.package_identification:_identify(.) by extension 'ignore_ament_install'
[0.146s] Level 1:colcon.colcon_core.package_identification:_identify(.) by extensions ['colcon_pkg']
[0.146s] Level 1:colcon.colcon_core.package_identification:_identify(.) by extension 'colcon_pkg'
[0.146s] Level 1:colcon.colcon_core.package_identification:_identify(.) by extensions ['colcon_meta']
[0.146s] Level 1:colcon.colcon_core.package_identification:_identify(.) by extension 'colcon_meta'
[0.146s] Level 1:colcon.colcon_core.package_identification:_identify(.) by extensions ['ros']
[0.146s] Level 1:colcon.colcon_core.package_identification:_identify(.) by extension 'ros'
[0.170s] Level 1:colcon.colcon_core.package_identification:_identify(.) by extensions ['cmake', 'python']
[0.170s] Level 1:colcon.colcon_core.package_identification:_identify(.) by extension 'cmake'
[0.170s] Level 1:colcon.colcon_core.package_identification:_identify(.) by extension 'python'
[0.170s] Level 1:colcon.colcon_core.package_identification:_identify(.) by extensions ['python_setup_py']
[0.170s] Level 1:colcon.colcon_core.package_identification:_identify(.) by extension 'python_setup_py'
[0.171s] Level 1:colcon.colcon_core.package_identification:_identify(build) by extensions ['ignore', 'ignore_ament_install']
[0.171s] Level 1:colcon.colcon_core.package_identification:_identify(build) by extension 'ignore'
[0.171s] Level 1:colcon.colcon_core.package_identification:_identify(build) ignored
[0.171s] Level 1:colcon.colcon_core.package_identification:_identify(install) by extensions ['ignore', 'ignore_ament_install']
[0.171s] Level 1:colcon.colcon_core.package_identification:_identify(install) by extension 'ignore'
[0.171s] Level 1:colcon.colcon_core.package_identification:_identify(install) ignored
[0.171s] Level 1:colcon.colcon_core.package_identification:_identify(log) by extensions ['ignore', 'ignore_ament_install']
[0.171s] Level 1:colcon.colcon_core.package_identification:_identify(log) by extension 'ignore'
[0.171s] Level 1:colcon.colcon_core.package_identification:_identify(log) ignored
[0.171s] Level 1:colcon.colcon_core.package_identification:_identify(my_cpp_pkg) by extensions ['ignore', 'ignore_ament_install']
[0.171s] Level 1:colcon.colcon_core.package_identification:_identify(my_cpp_pkg) by extension 'ignore'
[0.171s] Level 1:colcon.colcon_core.package_identification:_identify(my_cpp_pkg) by extension 'ignore_ament_install'
[0.172s] Level 1:colcon.colcon_core.package_identification:_identify(my_cpp_pkg) by extensions ['colcon_pkg']
[0.172s] Level 1:colcon.colcon_core.package_identification:_identify(my_cpp_pkg) by extension 'colcon_pkg'
[0.172s] Level 1:colcon.colcon_core.package_identification:_identify(my_cpp_pkg) by extensions ['colcon_meta']
[0.172s] Level 1:colcon.colcon_core.package_identification:_identify(my_cpp_pkg) by extension 'colcon_meta'
[0.172s] Level 1:colcon.colcon_core.package_identification:_identify(my_cpp_pkg) by extensions ['ros']
[0.172s] Level 1:colcon.colcon_core.package_identification:_identify(my_cpp_pkg) by extension 'ros'
[0.174s] DEBUG:colcon.colcon_core.package_identification:Package 'my_cpp_pkg' with type 'ros.ament_cmake' and name 'my_cpp_pkg'
[0.174s] Level 1:colcon.colcon_core.package_identification:_identify(my_py_pkg) by extensions ['ignore', 'ignore_ament_install']
[0.174s] Level 1:colcon.colcon_core.package_identification:_identify(my_py_pkg) by extension 'ignore'
[0.174s] Level 1:colcon.colcon_core.package_identification:_identify(my_py_pkg) by extension 'ignore_ament_install'
[0.174s] Level 1:colcon.colcon_core.package_identification:_identify(my_py_pkg) by extensions ['colcon_pkg']
[0.174s] Level 1:colcon.colcon_core.package_identification:_identify(my_py_pkg) by extension 'colcon_pkg'
[0.174s] Level 1:colcon.colcon_core.package_identification:_identify(my_py_pkg) by extensions ['colcon_meta']
[0.174s] Level 1:colcon.colcon_core.package_identification:_identify(my_py_pkg) by extension 'colcon_meta'
[0.174s] Level 1:colcon.colcon_core.package_identification:_identify(my_py_pkg) by extensions ['ros']
[0.174s] Level 1:colcon.colcon_core.package_identification:_identify(my_py_pkg) by extension 'ros'
[0.175s] DEBUG:colcon.colcon_core.package_identification:Package 'my_py_pkg' with type 'ros.ament_python' and name 'my_py_pkg'
[0.175s] Level 1:colcon.colcon_core.package_identification:_identify(my_robot_interfaces) by extensions ['ignore', 'ignore_ament_install']
[0.175s] Level 1:colcon.colcon_core.package_identification:_identify(my_robot_interfaces) by extension 'ignore'
[0.175s] Level 1:colcon.colcon_core.package_identification:_identify(my_robot_interfaces) by extension 'ignore_ament_install'
[0.175s] Level 1:colcon.colcon_core.package_identification:_identify(my_robot_interfaces) by extensions ['colcon_pkg']
[0.175s] Level 1:colcon.colcon_core.package_identification:_identify(my_robot_interfaces) by extension 'colcon_pkg'
[0.175s] Level 1:colcon.colcon_core.package_identification:_identify(my_robot_interfaces) by extensions ['colcon_meta']
[0.175s] Level 1:colcon.colcon_core.package_identification:_identify(my_robot_interfaces) by extension 'colcon_meta'
[0.175s] Level 1:colcon.colcon_core.package_identification:_identify(my_robot_interfaces) by extensions ['ros']
[0.175s] Level 1:colcon.colcon_core.package_identification:_identify(my_robot_interfaces) by extension 'ros'
[0.176s] DEBUG:colcon.colcon_core.package_identification:Package 'my_robot_interfaces' with type 'ros.ament_cmake' and name 'my_robot_interfaces'
[0.176s] Level 1:colcon.colcon_core.package_identification:_identify(number_counter_py) by extensions ['ignore', 'ignore_ament_install']
[0.176s] Level 1:colcon.colcon_core.package_identification:_identify(number_counter_py) by extension 'ignore'
[0.176s] Level 1:colcon.colcon_core.package_identification:_identify(number_counter_py) by extension 'ignore_ament_install'
[0.176s] Level 1:colcon.colcon_core.package_identification:_identify(number_counter_py) by extensions ['colcon_pkg']
[0.176s] Level 1:colcon.colcon_core.package_identification:_identify(number_counter_py) by extension 'colcon_pkg'
[0.176s] Level 1:colcon.colcon_core.package_identification:_identify(number_counter_py) by extensions ['colcon_meta']
[0.176s] Level 1:colcon.colcon_core.package_identification:_identify(number_counter_py) by extension 'colcon_meta'
[0.176s] Level 1:colcon.colcon_core.package_identification:_identify(number_counter_py) by extensions ['ros']
[0.176s] Level 1:colcon.colcon_core.package_identification:_identify(number_counter_py) by extension 'ros'
[0.177s] DEBUG:colcon.colcon_core.package_identification:Package 'number_counter_py' with type 'ros.ament_python' and name 'number_counter_py'
[0.177s] Level 1:colcon.colcon_core.package_identification:_identify(number_publisher) by extensions ['ignore', 'ignore_ament_install']
[0.177s] Level 1:colcon.colcon_core.package_identification:_identify(number_publisher) by extension 'ignore'
[0.177s] Level 1:colcon.colcon_core.package_identification:_identify(number_publisher) by extension 'ignore_ament_install'
[0.177s] Level 1:colcon.colcon_core.package_identification:_identify(number_publisher) by extensions ['colcon_pkg']
[0.177s] Level 1:colcon.colcon_core.package_identification:_identify(number_publisher) by extension 'colcon_pkg'
[0.177s] Level 1:colcon.colcon_core.package_identification:_identify(number_publisher) by extensions ['colcon_meta']
[0.177s] Level 1:colcon.colcon_core.package_identification:_identify(number_publisher) by extension 'colcon_meta'
[0.177s] Level 1:colcon.colcon_core.package_identification:_identify(number_publisher) by extensions ['ros']
[0.177s] Level 1:colcon.colcon_core.package_identification:_identify(number_publisher) by extension 'ros'
[0.178s] DEBUG:colcon.colcon_core.package_identification:Package 'number_publisher' with type 'ros.ament_python' and name 'number_publisher'
[0.178s] Level 1:colcon.colcon_core.package_identification:_identify(service_client_cpp) by extensions ['ignore', 'ignore_ament_install']
[0.178s] Level 1:colcon.colcon_core.package_identification:_identify(service_client_cpp) by extension 'ignore'
[0.178s] Level 1:colcon.colcon_core.package_identification:_identify(service_client_cpp) by extension 'ignore_ament_install'
[0.178s] Level 1:colcon.colcon_core.package_identification:_identify(service_client_cpp) by extensions ['colcon_pkg']
[0.178s] Level 1:colcon.colcon_core.package_identification:_identify(service_client_cpp) by extension 'colcon_pkg'
[0.178s] Level 1:colcon.colcon_core.package_identification:_identify(service_client_cpp) by extensions ['colcon_meta']
[0.178s] Level 1:colcon.colcon_core.package_identification:_identify(service_client_cpp) by extension 'colcon_meta'
[0.178s] Level 1:colcon.colcon_core.package_identification:_identify(service_client_cpp) by extensions ['ros']
[0.178s] Level 1:colcon.colcon_core.package_identification:_identify(service_client_cpp) by extension 'ros'
[0.179s] DEBUG:colcon.colcon_core.package_identification:Package 'service_client_cpp' with type 'ros.ament_cmake' and name 'service_client_cpp'
[0.179s] Level 1:colcon.colcon_core.package_identification:_identify(temperature) by extensions ['ignore', 'ignore_ament_install']
[0.179s] Level 1:colcon.colcon_core.package_identification:_identify(temperature) by extension 'ignore'
[0.179s] Level 1:colcon.colcon_core.package_identification:_identify(temperature) by extension 'ignore_ament_install'
[0.179s] Level 1:colcon.colcon_core.package_identification:_identify(temperature) by extensions ['colcon_pkg']
[0.179s] Level 1:colcon.colcon_core.package_identification:_identify(temperature) by extension 'colcon_pkg'
[0.179s] Level 1:colcon.colcon_core.package_identification:_identify(temperature) by extensions ['colcon_meta']
[0.179s] Level 1:colcon.colcon_core.package_identification:_identify(temperature) by extension 'colcon_meta'
[0.179s] Level 1:colcon.colcon_core.package_identification:_identify(temperature) by extensions ['ros']
[0.179s] Level 1:colcon.colcon_core.package_identification:_identify(temperature) by extension 'ros'
[0.179s] DEBUG:colcon.colcon_core.package_identification:Package 'temperature' with type 'ros.ament_python' and name 'temperature'
[0.180s] Level 1:colcon.colcon_core.package_identification:_identify(turtle_challenge_cpp) by extensions ['ignore', 'ignore_ament_install']
[0.180s] Level 1:colcon.colcon_core.package_identification:_identify(turtle_challenge_cpp) by extension 'ignore'
[0.180s] Level 1:colcon.colcon_core.package_identification:_identify(turtle_challenge_cpp) by extension 'ignore_ament_install'
[0.180s] Level 1:colcon.colcon_core.package_identification:_identify(turtle_challenge_cpp) by extensions ['colcon_pkg']
[0.180s] Level 1:colcon.colcon_core.package_identification:_identify(turtle_challenge_cpp) by extension 'colcon_pkg'
[0.180s] Level 1:colcon.colcon_core.package_identification:_identify(turtle_challenge_cpp) by extensions ['colcon_meta']
[0.180s] Level 1:colcon.colcon_core.package_identification:_identify(turtle_challenge_cpp) by extension 'colcon_meta'
[0.180s] Level 1:colcon.colcon_core.package_identification:_identify(turtle_challenge_cpp) by extensions ['ros']
[0.180s] Level 1:colcon.colcon_core.package_identification:_identify(turtle_challenge_cpp) by extension 'ros'
[0.180s] DEBUG:colcon.colcon_core.package_identification:Package 'turtle_challenge_cpp' with type 'ros.ament_cmake' and name 'turtle_challenge_cpp'
[0.181s] Level 1:colcon.colcon_core.package_discovery:discover_packages(recursive) using defaults
[0.181s] Level 1:colcon.colcon_core.package_discovery:discover_packages(ignore) discover
[0.181s] Level 1:colcon.colcon_core.package_discovery:discover_packages(ignore) using defaults
[0.181s] Level 1:colcon.colcon_core.package_discovery:discover_packages(path) discover
[0.181s] Level 1:colcon.colcon_core.package_discovery:discover_packages(path) using defaults
[0.198s] INFO:colcon.colcon_core.package_selection:Skipping not selected package 'my_robot_interfaces' in 'my_robot_interfaces'
[0.198s] INFO:colcon.colcon_core.package_selection:Skipping not selected package 'temperature' in 'temperature'
[0.198s] INFO:colcon.colcon_core.package_selection:Skipping not selected package 'my_cpp_pkg' in 'my_cpp_pkg'
[0.198s] INFO:colcon.colcon_core.package_selection:Skipping not selected package 'number_counter_py' in 'number_counter_py'
[0.198s] INFO:colcon.colcon_core.package_selection:Skipping not selected package 'number_publisher' in 'number_publisher'
[0.199s] INFO:colcon.colcon_core.package_selection:Skipping not selected package 'service_client_cpp' in 'service_client_cpp'
[0.199s] INFO:colcon.colcon_core.package_selection:Skipping not selected package 'turtle_challenge_cpp' in 'turtle_challenge_cpp'
[0.199s] Level 1:colcon.colcon_core.package_discovery:discover_packages(prefix_path) check parameters
[0.199s] Level 1:colcon.colcon_core.package_discovery:discover_packages(prefix_path) discover
[0.201s] DEBUG:colcon.colcon_installed_package_information.package_discovery:Found 7 installed packages in /home/tommi/ros2/ws/install
[0.203s] DEBUG:colcon.colcon_installed_package_information.package_discovery:Found 327 installed packages in /opt/ros/jazzy
[0.204s] Level 1:colcon.colcon_core.package_discovery:discover_packages(prefix_path) using defaults
[0.251s] Level 5:colcon.colcon_core.verb:set package 'my_py_pkg' build argument 'cmake_args' from command line to 'None'
[0.251s] Level 5:colcon.colcon_core.verb:set package 'my_py_pkg' build argument 'cmake_target' from command line to 'None'
[0.251s] Level 5:colcon.colcon_core.verb:set package 'my_py_pkg' build argument 'cmake_target_skip_unavailable' from command line to 'False'
[0.251s] Level 5:colcon.colcon_core.verb:set package 'my_py_pkg' build argument 'cmake_clean_cache' from command line to 'False'
[0.251s] Level 5:colcon.colcon_core.verb:set package 'my_py_pkg' build argument 'cmake_clean_first' from command line to 'False'
[0.251s] Level 5:colcon.colcon_core.verb:set package 'my_py_pkg' build argument 'cmake_force_configure' from command line to 'False'
[0.251s] Level 5:colcon.colcon_core.verb:set package 'my_py_pkg' build argument 'ament_cmake_args' from command line to 'None'
[0.251s] Level 5:colcon.colcon_core.verb:set package 'my_py_pkg' build argument 'catkin_cmake_args' from command line to 'None'
[0.251s] Level 5:colcon.colcon_core.verb:set package 'my_py_pkg' build argument 'catkin_skip_building_tests' from command line to 'False'
[0.252s] DEBUG:colcon.colcon_core.verb:Building package 'my_py_pkg' with the following arguments: {'ament_cmake_args': None, 'build_base': '/home/tommi/ros2/ws/build/my_py_pkg', 'catkin_cmake_args': None, 'catkin_skip_building_tests': False, 'cmake_args': None, 'cmake_clean_cache': False, 'cmake_clean_first': False, 'cmake_force_configure': False, 'cmake_target': None, 'cmake_target_skip_unavailable': False, 'install_base': '/home/tommi/ros2/ws/install/my_py_pkg', 'merge_install': False, 'path': '/home/tommi/ros2/ws/my_py_pkg', 'symlink_install': True, 'test_result_base': None}
[0.252s] INFO:colcon.colcon_core.executor:Executing jobs using 'parallel' executor
[0.253s] DEBUG:colcon.colcon_parallel_executor.executor.parallel:run_until_complete
[0.253s] INFO:colcon.colcon_ros.task.ament_python.build:Building ROS package in '/home/tommi/ros2/ws/my_py_pkg' with build type 'ament_python'
[0.253s] Level 1:colcon.colcon_core.shell:create_environment_hook('my_py_pkg', 'ament_prefix_path')
[0.256s] INFO:colcon.colcon_core.plugin_system:Skipping extension 'colcon_core.shell.bat': Not used on non-Windows systems
[0.256s] INFO:colcon.colcon_core.shell:Creating environment hook '/home/tommi/ros2/ws/install/my_py_pkg/share/my_py_pkg/hook/ament_prefix_path.ps1'
[0.257s] INFO:colcon.colcon_core.shell:Creating environment descriptor '/home/tommi/ros2/ws/install/my_py_pkg/share/my_py_pkg/hook/ament_prefix_path.dsv'
[0.257s] INFO:colcon.colcon_core.shell:Creating environment hook '/home/tommi/ros2/ws/install/my_py_pkg/share/my_py_pkg/hook/ament_prefix_path.sh'
[0.258s] INFO:colcon.colcon_core.shell:Skip shell extension 'powershell' for command environment: Not usable outside of PowerShell
[0.258s] DEBUG:colcon.colcon_core.shell:Skip shell extension 'dsv' for command environment
[0.539s] DEBUG:colcon.colcon_parallel_executor.executor.parallel:closing loop
[0.539s] DEBUG:colcon.colcon_parallel_executor.executor.parallel:loop closed
[0.539s] DEBUG:colcon.colcon_parallel_executor.executor.parallel:run_until_complete finished with 'Command '['/usr/bin/python3', '-c', 'import sys;from contextlib import suppress;exec("with suppress(ImportError):    from setuptools.extern.packaging.specifiers    import SpecifierSet");exec("with suppress(ImportError):    from packaging.specifiers import SpecifierSet");from distutils.core import run_setup;dist = run_setup(    \'setup.py\', script_args=(\'--dry-run\',), stop_after=\'config\');skip_keys = (\'cmdclass\', \'distclass\', \'ext_modules\', \'metadata\');data = {    key: value for key, value in dist.__dict__.items()     if (        not key.startswith(\'_\') and         not callable(value) and         key not in skip_keys and         key not in dist.display_option_names    )};data[\'metadata\'] = {    k: v for k, v in dist.metadata.__dict__.items()     if k not in (\'license_files\', \'provides_extras\')};sys.stdout.buffer.write(repr(data).encode(\'utf-8\'))']' returned non-zero exit status 1.'
[0.539s] DEBUG:colcon.colcon_core.event_reactor:joining thread
[0.544s] INFO:colcon.colcon_core.plugin_system:Skipping extension 'colcon_notification.desktop_notification.terminal_notifier': Not used on non-Darwin systems
[0.544s] INFO:colcon.colcon_core.plugin_system:Skipping extension 'colcon_notification.desktop_notification.win32': Not used on non-Windows systems
[0.544s] INFO:colcon.colcon_notification.desktop_notification:Sending desktop notification using 'notify2'
[0.556s] DEBUG:colcon.colcon_core.event_reactor:joined thread
[0.557s] INFO:colcon.colcon_core.shell:Creating prefix script '/home/tommi/ros2/ws/install/local_setup.ps1'
[0.557s] INFO:colcon.colcon_core.shell:Creating prefix util module '/home/tommi/ros2/ws/install/_local_setup_util_ps1.py'
[0.559s] INFO:colcon.colcon_core.shell:Creating prefix chain script '/home/tommi/ros2/ws/install/setup.ps1'
[0.560s] INFO:colcon.colcon_core.shell:Creating prefix script '/home/tommi/ros2/ws/install/local_setup.sh'
[0.560s] INFO:colcon.colcon_core.shell:Creating prefix util module '/home/tommi/ros2/ws/install/_local_setup_util_sh.py'
[0.561s] INFO:colcon.colcon_core.shell:Creating prefix chain script '/home/tommi/ros2/ws/install/setup.sh'
[0.562s] INFO:colcon.colcon_core.shell:Creating prefix script '/home/tommi/ros2/ws/install/local_setup.bash'
[0.562s] INFO:colcon.colcon_core.shell:Creating prefix chain script '/home/tommi/ros2/ws/install/setup.bash'
[0.564s] INFO:colcon.colcon_core.shell:Creating prefix script '/home/tommi/ros2/ws/install/local_setup.zsh'
[0.564s] INFO:colcon.colcon_core.shell:Creating prefix chain script '/home/tommi/ros2/ws/install/setup.zsh'
