[0.117s] DEBUG:colcon:Command line arguments: ['/usr/bin/colcon', 'build', '--packages-select', 'turtle_challenge_cpp']
[0.117s] DEBUG:colcon:Parsed command line arguments: Namespace(log_base=None, log_level=None, verb_name='build', build_base='build', install_base='install', merge_install=False, symlink_install=False, test_result_base=None, continue_on_error=False, executor='parallel', parallel_workers=8, event_handlers=None, ignore_user_meta=False, metas=['./colcon.meta'], base_paths=['.'], packages_ignore=None, packages_ignore_regex=None, paths=None, packages_up_to=None, packages_up_to_regex=None, packages_above=None, packages_above_and_dependencies=None, packages_above_depth=None, packages_select_by_dep=None, packages_skip_by_dep=None, packages_skip_up_to=None, packages_select_build_failed=False, packages_skip_build_finished=False, packages_select_test_failures=False, packages_skip_test_passed=False, packages_select=['turtle_challenge_cpp'], packages_skip=None, packages_select_regex=None, packages_skip_regex=None, packages_start=None, packages_end=None, allow_overriding=[], cmake_args=None, cmake_target=None, cmake_target_skip_unavailable=False, cmake_clean_cache=False, cmake_clean_first=False, cmake_force_configure=False, ament_cmake_args=None, catkin_cmake_args=None, catkin_skip_building_tests=False, mixin_files=None, mixin=None, verb_parser=<colcon_mixin.mixin.mixin_argument.MixinArgumentDecorator object at 0x7862cf844770>, verb_extension=<colcon_core.verb.build.BuildVerb object at 0x7862cf9c8d40>, main=<bound method BuildVerb.main of <colcon_core.verb.build.BuildVerb object at 0x7862cf9c8d40>>, mixin_verb=('build',))
[0.170s] Level 1:colcon.colcon_core.package_discovery:discover_packages(colcon_meta) check parameters
[0.170s] Level 1:colcon.colcon_core.package_discovery:discover_packages(recursive) check parameters
[0.170s] Level 1:colcon.colcon_core.package_discovery:discover_packages(ignore) check parameters
[0.170s] Level 1:colcon.colcon_core.package_discovery:discover_packages(path) check parameters
[0.170s] Level 1:colcon.colcon_core.package_discovery:discover_packages(colcon_meta) discover
[0.170s] Level 1:colcon.colcon_core.package_discovery:discover_packages(recursive) discover
[0.170s] INFO:colcon.colcon_core.package_discovery:Crawling recursively for packages in '/home/tommi/ros2/ws'
[0.170s] Level 1:colcon.colcon_core.package_identification:_identify(.) by extensions ['ignore', 'ignore_ament_install']
[0.170s] Level 1:colcon.colcon_core.package_identification:_identify(.) by extension 'ignore'
[0.170s] Level 1:colcon.colcon_core.package_identification:_identify(.) by extension 'ignore_ament_install'
[0.170s] Level 1:colcon.colcon_core.package_identification:_identify(.) by extensions ['colcon_pkg']
[0.170s] Level 1:colcon.colcon_core.package_identification:_identify(.) by extension 'colcon_pkg'
[0.170s] Level 1:colcon.colcon_core.package_identification:_identify(.) by extensions ['colcon_meta']
[0.170s] Level 1:colcon.colcon_core.package_identification:_identify(.) by extension 'colcon_meta'
[0.170s] Level 1:colcon.colcon_core.package_identification:_identify(.) by extensions ['ros']
[0.170s] Level 1:colcon.colcon_core.package_identification:_identify(.) by extension 'ros'
[0.195s] Level 1:colcon.colcon_core.package_identification:_identify(.) by extensions ['cmake', 'python']
[0.195s] Level 1:colcon.colcon_core.package_identification:_identify(.) by extension 'cmake'
[0.195s] Level 1:colcon.colcon_core.package_identification:_identify(.) by extension 'python'
[0.195s] Level 1:colcon.colcon_core.package_identification:_identify(.) by extensions ['python_setup_py']
[0.195s] Level 1:colcon.colcon_core.package_identification:_identify(.) by extension 'python_setup_py'
[0.195s] Level 1:colcon.colcon_core.package_identification:_identify(build) by extensions ['ignore', 'ignore_ament_install']
[0.195s] Level 1:colcon.colcon_core.package_identification:_identify(build) by extension 'ignore'
[0.195s] Level 1:colcon.colcon_core.package_identification:_identify(build) ignored
[0.196s] Level 1:colcon.colcon_core.package_identification:_identify(install) by extensions ['ignore', 'ignore_ament_install']
[0.196s] Level 1:colcon.colcon_core.package_identification:_identify(install) by extension 'ignore'
[0.196s] Level 1:colcon.colcon_core.package_identification:_identify(install) ignored
[0.196s] Level 1:colcon.colcon_core.package_identification:_identify(log) by extensions ['ignore', 'ignore_ament_install']
[0.196s] Level 1:colcon.colcon_core.package_identification:_identify(log) by extension 'ignore'
[0.196s] Level 1:colcon.colcon_core.package_identification:_identify(log) ignored
[0.196s] Level 1:colcon.colcon_core.package_identification:_identify(my_robot_interfaces) by extensions ['ignore', 'ignore_ament_install']
[0.196s] Level 1:colcon.colcon_core.package_identification:_identify(my_robot_interfaces) by extension 'ignore'
[0.196s] Level 1:colcon.colcon_core.package_identification:_identify(my_robot_interfaces) by extension 'ignore_ament_install'
[0.196s] Level 1:colcon.colcon_core.package_identification:_identify(my_robot_interfaces) by extensions ['colcon_pkg']
[0.196s] Level 1:colcon.colcon_core.package_identification:_identify(my_robot_interfaces) by extension 'colcon_pkg'
[0.196s] Level 1:colcon.colcon_core.package_identification:_identify(my_robot_interfaces) by extensions ['colcon_meta']
[0.196s] Level 1:colcon.colcon_core.package_identification:_identify(my_robot_interfaces) by extension 'colcon_meta'
[0.196s] Level 1:colcon.colcon_core.package_identification:_identify(my_robot_interfaces) by extensions ['ros']
[0.197s] Level 1:colcon.colcon_core.package_identification:_identify(my_robot_interfaces) by extension 'ros'
[0.199s] DEBUG:colcon.colcon_core.package_identification:Package 'my_robot_interfaces' with type 'ros.ament_cmake' and name 'my_robot_interfaces'
[0.199s] Level 1:colcon.colcon_core.package_identification:_identify(number_counter_py) by extensions ['ignore', 'ignore_ament_install']
[0.199s] Level 1:colcon.colcon_core.package_identification:_identify(number_counter_py) by extension 'ignore'
[0.199s] Level 1:colcon.colcon_core.package_identification:_identify(number_counter_py) by extension 'ignore_ament_install'
[0.199s] Level 1:colcon.colcon_core.package_identification:_identify(number_counter_py) by extensions ['colcon_pkg']
[0.199s] Level 1:colcon.colcon_core.package_identification:_identify(number_counter_py) by extension 'colcon_pkg'
[0.199s] Level 1:colcon.colcon_core.package_identification:_identify(number_counter_py) by extensions ['colcon_meta']
[0.199s] Level 1:colcon.colcon_core.package_identification:_identify(number_counter_py) by extension 'colcon_meta'
[0.199s] Level 1:colcon.colcon_core.package_identification:_identify(number_counter_py) by extensions ['ros']
[0.199s] Level 1:colcon.colcon_core.package_identification:_identify(number_counter_py) by extension 'ros'
[0.200s] DEBUG:colcon.colcon_core.package_identification:Package 'number_counter_py' with type 'ros.ament_python' and name 'number_counter_py'
[0.200s] Level 1:colcon.colcon_core.package_identification:_identify(number_publisher) by extensions ['ignore', 'ignore_ament_install']
[0.200s] Level 1:colcon.colcon_core.package_identification:_identify(number_publisher) by extension 'ignore'
[0.200s] Level 1:colcon.colcon_core.package_identification:_identify(number_publisher) by extension 'ignore_ament_install'
[0.200s] Level 1:colcon.colcon_core.package_identification:_identify(number_publisher) by extensions ['colcon_pkg']
[0.200s] Level 1:colcon.colcon_core.package_identification:_identify(number_publisher) by extension 'colcon_pkg'
[0.200s] Level 1:colcon.colcon_core.package_identification:_identify(number_publisher) by extensions ['colcon_meta']
[0.200s] Level 1:colcon.colcon_core.package_identification:_identify(number_publisher) by extension 'colcon_meta'
[0.200s] Level 1:colcon.colcon_core.package_identification:_identify(number_publisher) by extensions ['ros']
[0.200s] Level 1:colcon.colcon_core.package_identification:_identify(number_publisher) by extension 'ros'
[0.201s] DEBUG:colcon.colcon_core.package_identification:Package 'number_publisher' with type 'ros.ament_python' and name 'number_publisher'
[0.201s] Level 1:colcon.colcon_core.package_identification:_identify(service_client_cpp) by extensions ['ignore', 'ignore_ament_install']
[0.201s] Level 1:colcon.colcon_core.package_identification:_identify(service_client_cpp) by extension 'ignore'
[0.201s] Level 1:colcon.colcon_core.package_identification:_identify(service_client_cpp) by extension 'ignore_ament_install'
[0.201s] Level 1:colcon.colcon_core.package_identification:_identify(service_client_cpp) by extensions ['colcon_pkg']
[0.201s] Level 1:colcon.colcon_core.package_identification:_identify(service_client_cpp) by extension 'colcon_pkg'
[0.201s] Level 1:colcon.colcon_core.package_identification:_identify(service_client_cpp) by extensions ['colcon_meta']
[0.201s] Level 1:colcon.colcon_core.package_identification:_identify(service_client_cpp) by extension 'colcon_meta'
[0.201s] Level 1:colcon.colcon_core.package_identification:_identify(service_client_cpp) by extensions ['ros']
[0.201s] Level 1:colcon.colcon_core.package_identification:_identify(service_client_cpp) by extension 'ros'
[0.202s] DEBUG:colcon.colcon_core.package_identification:Package 'service_client_cpp' with type 'ros.ament_cmake' and name 'service_client_cpp'
[0.202s] Level 1:colcon.colcon_core.package_identification:_identify(src) by extensions ['ignore', 'ignore_ament_install']
[0.202s] Level 1:colcon.colcon_core.package_identification:_identify(src) by extension 'ignore'
[0.202s] Level 1:colcon.colcon_core.package_identification:_identify(src) by extension 'ignore_ament_install'
[0.202s] Level 1:colcon.colcon_core.package_identification:_identify(src) by extensions ['colcon_pkg']
[0.202s] Level 1:colcon.colcon_core.package_identification:_identify(src) by extension 'colcon_pkg'
[0.202s] Level 1:colcon.colcon_core.package_identification:_identify(src) by extensions ['colcon_meta']
[0.202s] Level 1:colcon.colcon_core.package_identification:_identify(src) by extension 'colcon_meta'
[0.202s] Level 1:colcon.colcon_core.package_identification:_identify(src) by extensions ['ros']
[0.202s] Level 1:colcon.colcon_core.package_identification:_identify(src) by extension 'ros'
[0.202s] Level 1:colcon.colcon_core.package_identification:_identify(src) by extensions ['cmake', 'python']
[0.202s] Level 1:colcon.colcon_core.package_identification:_identify(src) by extension 'cmake'
[0.202s] Level 1:colcon.colcon_core.package_identification:_identify(src) by extension 'python'
[0.203s] Level 1:colcon.colcon_core.package_identification:_identify(src) by extensions ['python_setup_py']
[0.203s] Level 1:colcon.colcon_core.package_identification:_identify(src) by extension 'python_setup_py'
[0.203s] Level 1:colcon.colcon_core.package_identification:_identify(temperature) by extensions ['ignore', 'ignore_ament_install']
[0.203s] Level 1:colcon.colcon_core.package_identification:_identify(temperature) by extension 'ignore'
[0.203s] Level 1:colcon.colcon_core.package_identification:_identify(temperature) by extension 'ignore_ament_install'
[0.203s] Level 1:colcon.colcon_core.package_identification:_identify(temperature) by extensions ['colcon_pkg']
[0.203s] Level 1:colcon.colcon_core.package_identification:_identify(temperature) by extension 'colcon_pkg'
[0.203s] Level 1:colcon.colcon_core.package_identification:_identify(temperature) by extensions ['colcon_meta']
[0.203s] Level 1:colcon.colcon_core.package_identification:_identify(temperature) by extension 'colcon_meta'
[0.203s] Level 1:colcon.colcon_core.package_identification:_identify(temperature) by extensions ['ros']
[0.203s] Level 1:colcon.colcon_core.package_identification:_identify(temperature) by extension 'ros'
[0.204s] DEBUG:colcon.colcon_core.package_identification:Package 'temperature' with type 'ros.ament_python' and name 'temperature'
[0.204s] Level 1:colcon.colcon_core.package_identification:_identify(turtle_challenge_cpp) by extensions ['ignore', 'ignore_ament_install']
[0.204s] Level 1:colcon.colcon_core.package_identification:_identify(turtle_challenge_cpp) by extension 'ignore'
[0.204s] Level 1:colcon.colcon_core.package_identification:_identify(turtle_challenge_cpp) by extension 'ignore_ament_install'
[0.204s] Level 1:colcon.colcon_core.package_identification:_identify(turtle_challenge_cpp) by extensions ['colcon_pkg']
[0.204s] Level 1:colcon.colcon_core.package_identification:_identify(turtle_challenge_cpp) by extension 'colcon_pkg'
[0.204s] Level 1:colcon.colcon_core.package_identification:_identify(turtle_challenge_cpp) by extensions ['colcon_meta']
[0.204s] Level 1:colcon.colcon_core.package_identification:_identify(turtle_challenge_cpp) by extension 'colcon_meta'
[0.204s] Level 1:colcon.colcon_core.package_identification:_identify(turtle_challenge_cpp) by extensions ['ros']
[0.204s] Level 1:colcon.colcon_core.package_identification:_identify(turtle_challenge_cpp) by extension 'ros'
[0.205s] DEBUG:colcon.colcon_core.package_identification:Package 'turtle_challenge_cpp' with type 'ros.ament_cmake' and name 'turtle_challenge_cpp'
[0.205s] Level 1:colcon.colcon_core.package_discovery:discover_packages(recursive) using defaults
[0.205s] Level 1:colcon.colcon_core.package_discovery:discover_packages(ignore) discover
[0.205s] Level 1:colcon.colcon_core.package_discovery:discover_packages(ignore) using defaults
[0.205s] Level 1:colcon.colcon_core.package_discovery:discover_packages(path) discover
[0.205s] Level 1:colcon.colcon_core.package_discovery:discover_packages(path) using defaults
[0.222s] INFO:colcon.colcon_core.package_selection:Skipping not selected package 'my_robot_interfaces' in 'my_robot_interfaces'
[0.222s] INFO:colcon.colcon_core.package_selection:Skipping not selected package 'temperature' in 'temperature'
[0.222s] INFO:colcon.colcon_core.package_selection:Skipping not selected package 'number_counter_py' in 'number_counter_py'
[0.222s] INFO:colcon.colcon_core.package_selection:Skipping not selected package 'number_publisher' in 'number_publisher'
[0.222s] INFO:colcon.colcon_core.package_selection:Skipping not selected package 'service_client_cpp' in 'service_client_cpp'
[0.222s] Level 1:colcon.colcon_core.package_discovery:discover_packages(prefix_path) check parameters
[0.222s] Level 1:colcon.colcon_core.package_discovery:discover_packages(prefix_path) discover
[0.224s] DEBUG:colcon.colcon_installed_package_information.package_discovery:Found 6 installed packages in /home/tommi/ros2/ws/install
[0.226s] DEBUG:colcon.colcon_installed_package_information.package_discovery:Found 327 installed packages in /opt/ros/jazzy
[0.227s] Level 1:colcon.colcon_core.package_discovery:discover_packages(prefix_path) using defaults
[0.278s] Level 5:colcon.colcon_core.verb:set package 'turtle_challenge_cpp' build argument 'cmake_args' from command line to 'None'
[0.278s] Level 5:colcon.colcon_core.verb:set package 'turtle_challenge_cpp' build argument 'cmake_target' from command line to 'None'
[0.278s] Level 5:colcon.colcon_core.verb:set package 'turtle_challenge_cpp' build argument 'cmake_target_skip_unavailable' from command line to 'False'
[0.278s] Level 5:colcon.colcon_core.verb:set package 'turtle_challenge_cpp' build argument 'cmake_clean_cache' from command line to 'False'
[0.278s] Level 5:colcon.colcon_core.verb:set package 'turtle_challenge_cpp' build argument 'cmake_clean_first' from command line to 'False'
[0.278s] Level 5:colcon.colcon_core.verb:set package 'turtle_challenge_cpp' build argument 'cmake_force_configure' from command line to 'False'
[0.278s] Level 5:colcon.colcon_core.verb:set package 'turtle_challenge_cpp' build argument 'ament_cmake_args' from command line to 'None'
[0.278s] Level 5:colcon.colcon_core.verb:set package 'turtle_challenge_cpp' build argument 'catkin_cmake_args' from command line to 'None'
[0.278s] Level 5:colcon.colcon_core.verb:set package 'turtle_challenge_cpp' build argument 'catkin_skip_building_tests' from command line to 'False'
[0.278s] DEBUG:colcon.colcon_core.verb:Building package 'turtle_challenge_cpp' with the following arguments: {'ament_cmake_args': None, 'build_base': '/home/tommi/ros2/ws/build/turtle_challenge_cpp', 'catkin_cmake_args': None, 'catkin_skip_building_tests': False, 'cmake_args': None, 'cmake_clean_cache': False, 'cmake_clean_first': False, 'cmake_force_configure': False, 'cmake_target': None, 'cmake_target_skip_unavailable': False, 'install_base': '/home/tommi/ros2/ws/install/turtle_challenge_cpp', 'merge_install': False, 'path': '/home/tommi/ros2/ws/turtle_challenge_cpp', 'symlink_install': False, 'test_result_base': None}
[0.278s] INFO:colcon.colcon_core.executor:Executing jobs using 'parallel' executor
[0.279s] DEBUG:colcon.colcon_parallel_executor.executor.parallel:run_until_complete
[0.279s] INFO:colcon.colcon_ros.task.ament_cmake.build:Building ROS package in '/home/tommi/ros2/ws/turtle_challenge_cpp' with build type 'ament_cmake'
[0.279s] INFO:colcon.colcon_cmake.task.cmake.build:Building CMake package in '/home/tommi/ros2/ws/turtle_challenge_cpp'
[0.281s] INFO:colcon.colcon_core.plugin_system:Skipping extension 'colcon_core.shell.bat': Not used on non-Windows systems
[0.281s] INFO:colcon.colcon_core.shell:Skip shell extension 'powershell' for command environment: Not usable outside of PowerShell
[0.282s] DEBUG:colcon.colcon_core.shell:Skip shell extension 'dsv' for command environment
[0.292s] DEBUG:colcon.colcon_core.event_handler.log_command:Invoking command in '/home/tommi/ros2/ws/build/turtle_challenge_cpp': CMAKE_PREFIX_PATH=${CMAKE_PREFIX_PATH}:/home/tommi/ros2/ws/install/number_publisher:/home/tommi/ros2/ws/install/number_counter_py:/home/tommi/ros2/ws/install/temperature:/opt/ros/jazzy DEBUGINFOD_URLS=https://debuginfod.ubuntu.com /usr/bin/cmake /home/tommi/ros2/ws/turtle_challenge_cpp -DCMAKE_INSTALL_PREFIX=/home/tommi/ros2/ws/install/turtle_challenge_cpp
[0.992s] DEBUG:colcon.colcon_core.event_handler.log_command:Invoked command in '/home/tommi/ros2/ws/build/turtle_challenge_cpp' returned '0': CMAKE_PREFIX_PATH=${CMAKE_PREFIX_PATH}:/home/tommi/ros2/ws/install/number_publisher:/home/tommi/ros2/ws/install/number_counter_py:/home/tommi/ros2/ws/install/temperature:/opt/ros/jazzy DEBUGINFOD_URLS=https://debuginfod.ubuntu.com /usr/bin/cmake /home/tommi/ros2/ws/turtle_challenge_cpp -DCMAKE_INSTALL_PREFIX=/home/tommi/ros2/ws/install/turtle_challenge_cpp
[0.994s] DEBUG:colcon.colcon_core.event_handler.log_command:Invoking command in '/home/tommi/ros2/ws/build/turtle_challenge_cpp': CMAKE_PREFIX_PATH=${CMAKE_PREFIX_PATH}:/home/tommi/ros2/ws/install/number_publisher:/home/tommi/ros2/ws/install/number_counter_py:/home/tommi/ros2/ws/install/temperature:/opt/ros/jazzy DEBUGINFOD_URLS=https://debuginfod.ubuntu.com /usr/bin/cmake --build /home/tommi/ros2/ws/build/turtle_challenge_cpp -- -j8 -l8
[1.397s] DEBUG:colcon.colcon_core.event_handler.log_command:Invoked command in '/home/tommi/ros2/ws/build/turtle_challenge_cpp' returned '2': CMAKE_PREFIX_PATH=${CMAKE_PREFIX_PATH}:/home/tommi/ros2/ws/install/number_publisher:/home/tommi/ros2/ws/install/number_counter_py:/home/tommi/ros2/ws/install/temperature:/opt/ros/jazzy DEBUGINFOD_URLS=https://debuginfod.ubuntu.com /usr/bin/cmake --build /home/tommi/ros2/ws/build/turtle_challenge_cpp -- -j8 -l8
[1.397s] Level 1:colcon.colcon_core.environment:create_environment_scripts_only(turtle_challenge_cpp)
[1.399s] Level 1:colcon.colcon_core.environment:checking '/home/tommi/ros2/ws/install/turtle_challenge_cpp' for CMake module files
[1.400s] Level 1:colcon.colcon_core.environment:checking '/home/tommi/ros2/ws/install/turtle_challenge_cpp' for CMake config files
[1.400s] Level 1:colcon.colcon_core.environment:checking '/home/tommi/ros2/ws/install/turtle_challenge_cpp/bin'
[1.400s] Level 1:colcon.colcon_core.environment:checking '/home/tommi/ros2/ws/install/turtle_challenge_cpp/lib/pkgconfig/turtle_challenge_cpp.pc'
[1.401s] Level 1:colcon.colcon_core.environment:checking '/home/tommi/ros2/ws/install/turtle_challenge_cpp/lib/python3.12/site-packages'
[1.401s] Level 1:colcon.colcon_core.environment:checking '/home/tommi/ros2/ws/install/turtle_challenge_cpp/bin'
[1.401s] INFO:colcon.colcon_core.shell:Creating package script '/home/tommi/ros2/ws/install/turtle_challenge_cpp/share/turtle_challenge_cpp/package.ps1'
[1.402s] INFO:colcon.colcon_core.shell:Creating package descriptor '/home/tommi/ros2/ws/install/turtle_challenge_cpp/share/turtle_challenge_cpp/package.dsv'
[1.402s] INFO:colcon.colcon_core.shell:Creating package script '/home/tommi/ros2/ws/install/turtle_challenge_cpp/share/turtle_challenge_cpp/package.sh'
[1.403s] INFO:colcon.colcon_core.shell:Creating package script '/home/tommi/ros2/ws/install/turtle_challenge_cpp/share/turtle_challenge_cpp/package.bash'
[1.404s] INFO:colcon.colcon_core.shell:Creating package script '/home/tommi/ros2/ws/install/turtle_challenge_cpp/share/turtle_challenge_cpp/package.zsh'
[1.404s] Level 1:colcon.colcon_core.environment:create_file_with_runtime_dependencies(/home/tommi/ros2/ws/install/turtle_challenge_cpp/share/colcon-core/packages/turtle_challenge_cpp)
[1.415s] DEBUG:colcon.colcon_parallel_executor.executor.parallel:closing loop
[1.415s] DEBUG:colcon.colcon_parallel_executor.executor.parallel:loop closed
[1.415s] DEBUG:colcon.colcon_parallel_executor.executor.parallel:run_until_complete finished with '2'
[1.415s] DEBUG:colcon.colcon_core.event_reactor:joining thread
[1.421s] INFO:colcon.colcon_core.plugin_system:Skipping extension 'colcon_notification.desktop_notification.terminal_notifier': Not used on non-Darwin systems
[1.422s] INFO:colcon.colcon_core.plugin_system:Skipping extension 'colcon_notification.desktop_notification.win32': Not used on non-Windows systems
[1.422s] INFO:colcon.colcon_notification.desktop_notification:Sending desktop notification using 'notify2'
[1.436s] DEBUG:colcon.colcon_core.event_reactor:joined thread
[1.436s] INFO:colcon.colcon_core.shell:Creating prefix script '/home/tommi/ros2/ws/install/local_setup.ps1'
[1.437s] INFO:colcon.colcon_core.shell:Creating prefix util module '/home/tommi/ros2/ws/install/_local_setup_util_ps1.py'
[1.438s] INFO:colcon.colcon_core.shell:Creating prefix chain script '/home/tommi/ros2/ws/install/setup.ps1'
[1.440s] INFO:colcon.colcon_core.shell:Creating prefix script '/home/tommi/ros2/ws/install/local_setup.sh'
[1.440s] INFO:colcon.colcon_core.shell:Creating prefix util module '/home/tommi/ros2/ws/install/_local_setup_util_sh.py'
[1.441s] INFO:colcon.colcon_core.shell:Creating prefix chain script '/home/tommi/ros2/ws/install/setup.sh'
[1.442s] INFO:colcon.colcon_core.shell:Creating prefix script '/home/tommi/ros2/ws/install/local_setup.bash'
[1.442s] INFO:colcon.colcon_core.shell:Creating prefix chain script '/home/tommi/ros2/ws/install/setup.bash'
[1.444s] INFO:colcon.colcon_core.shell:Creating prefix script '/home/tommi/ros2/ws/install/local_setup.zsh'
[1.444s] INFO:colcon.colcon_core.shell:Creating prefix chain script '/home/tommi/ros2/ws/install/setup.zsh'
