[0.014s] Invoking command in '/home/tommi/ros2/ws/build/service_client_cpp': CMAKE_PREFIX_PATH=/home/tommi/ros2/ws/install/my_robot_interfaces:/home/tommi/ros2/ws/install/service_client_cpp:/opt/ros/jazzy/opt/gz_sim_vendor:/opt/ros/jazzy/opt/gz_sensors_vendor:/opt/ros/jazzy/opt/gz_physics_vendor:/opt/ros/jazzy/opt/sdformat_vendor:/opt/ros/jazzy/opt/gz_gui_vendor:/opt/ros/jazzy/opt/gz_transport_vendor:/opt/ros/jazzy/opt/gz_rendering_vendor:/opt/ros/jazzy/opt/gz_plugin_vendor:/opt/ros/jazzy/opt/gz_fuel_tools_vendor:/opt/ros/jazzy/opt/gz_msgs_vendor:/opt/ros/jazzy/opt/gz_common_vendor:/opt/ros/jazzy/opt/gz_math_vendor:/opt/ros/jazzy/opt/gz_utils_vendor:/opt/ros/jazzy/opt/gz_tools_vendor:/opt/ros/jazzy/opt/gz_ogre_next_vendor:/opt/ros/jazzy/opt/gz_dartsim_vendor:/opt/ros/jazzy/opt/gz_cmake_vendor:/home/tommi/ros2/ws/install/temperature:/home/tommi/ros2/ws/install/number_publisher:/home/tommi/ros2/ws/install/number_counter_py:/opt/ros/jazzy DEBUGINFOD_URLS=https://debuginfod.ubuntu.com PYTHONPATH=/home/tommi/ros2/ws/install/my_robot_interfaces/lib/python3.12/site-packages:/home/tommi/ros2/ws/build/temperature:/home/tommi/ros2/ws/install/temperature/lib/python3.12/site-packages:/home/tommi/ros2/ws/install/number_publisher/lib/python3.12/site-packages:/home/tommi/ros2/ws/install/number_counter_py/lib/python3.12/site-packages:/opt/ros/jazzy/lib/python3.12/site-packages /usr/bin/cmake --build /home/tommi/ros2/ws/build/service_client_cpp -- -j8 -l8
[0.045s] -- Found ament_cmake: 2.5.2 (/opt/ros/jazzy/share/ament_cmake/cmake)
[0.326s] -- Found rclcpp: 28.1.5 (/opt/ros/jazzy/share/rclcpp/cmake)
[0.362s] -- Found rosidl_generator_c: 4.6.4 (/opt/ros/jazzy/share/rosidl_generator_c/cmake)
[0.374s] -- Found rosidl_generator_cpp: 4.6.4 (/opt/ros/jazzy/share/rosidl_generator_cpp/cmake)
[0.389s] -- Using all available rosidl_typesupport_c: rosidl_typesupport_fastrtps_c;rosidl_typesupport_introspection_c
[0.407s] -- Using all available rosidl_typesupport_cpp: rosidl_typesupport_fastrtps_cpp;rosidl_typesupport_introspection_cpp
[0.496s] -- Found rmw_implementation_cmake: 7.3.1 (/opt/ros/jazzy/share/rmw_implementation_cmake/cmake)
[0.498s] -- Found rmw_cyclonedds_cpp: 2.2.2 (/opt/ros/jazzy/share/rmw_cyclonedds_cpp/cmake)
[0.533s] -- Using RMW implementation 'rmw_cyclonedds_cpp' as default
[0.613s] -- Found my_robot_interfaces: 0.0.0 (/home/tommi/ros2/ws/install/my_robot_interfaces/share/my_robot_interfaces/cmake)
[0.632s] -- Found ament_lint_auto: 0.17.1 (/opt/ros/jazzy/share/ament_lint_auto/cmake)
[0.730s] -- Added test 'cppcheck' to perform static code analysis on C / C++ code
[0.730s] -- Configured cppcheck include dirs: $<BUILD_INTERFACE:/home/tommi/ros2/ws/service_client_cpp/include>
[0.730s] -- Configured cppcheck exclude dirs and/or files: 
[0.730s] -- Added test 'lint_cmake' to check CMake code style
[0.732s] -- Added test 'uncrustify' to check C / C++ code style
[0.732s] -- Configured uncrustify additional arguments: 
[0.732s] -- Added test 'xmllint' to check XML markup files
[0.733s] -- Configuring done (0.7s)
[0.746s] -- Generating done (0.0s)
[0.751s] -- Build files have been written to: /home/tommi/ros2/ws/build/service_client_cpp
[0.804s] [ 50%] [32mBuilding CXX object CMakeFiles/call_client.dir/src/call_client.cpp.o[0m
[4.610s] [100%] [32m[1mLinking CXX executable call_client[0m
[4.787s] [100%] Built target call_client
[4.801s] Invoked command in '/home/tommi/ros2/ws/build/service_client_cpp' returned '0': CMAKE_PREFIX_PATH=/home/tommi/ros2/ws/install/my_robot_interfaces:/home/tommi/ros2/ws/install/service_client_cpp:/opt/ros/jazzy/opt/gz_sim_vendor:/opt/ros/jazzy/opt/gz_sensors_vendor:/opt/ros/jazzy/opt/gz_physics_vendor:/opt/ros/jazzy/opt/sdformat_vendor:/opt/ros/jazzy/opt/gz_gui_vendor:/opt/ros/jazzy/opt/gz_transport_vendor:/opt/ros/jazzy/opt/gz_rendering_vendor:/opt/ros/jazzy/opt/gz_plugin_vendor:/opt/ros/jazzy/opt/gz_fuel_tools_vendor:/opt/ros/jazzy/opt/gz_msgs_vendor:/opt/ros/jazzy/opt/gz_common_vendor:/opt/ros/jazzy/opt/gz_math_vendor:/opt/ros/jazzy/opt/gz_utils_vendor:/opt/ros/jazzy/opt/gz_tools_vendor:/opt/ros/jazzy/opt/gz_ogre_next_vendor:/opt/ros/jazzy/opt/gz_dartsim_vendor:/opt/ros/jazzy/opt/gz_cmake_vendor:/home/tommi/ros2/ws/install/temperature:/home/tommi/ros2/ws/install/number_publisher:/home/tommi/ros2/ws/install/number_counter_py:/opt/ros/jazzy DEBUGINFOD_URLS=https://debuginfod.ubuntu.com PYTHONPATH=/home/tommi/ros2/ws/install/my_robot_interfaces/lib/python3.12/site-packages:/home/tommi/ros2/ws/build/temperature:/home/tommi/ros2/ws/install/temperature/lib/python3.12/site-packages:/home/tommi/ros2/ws/install/number_publisher/lib/python3.12/site-packages:/home/tommi/ros2/ws/install/number_counter_py/lib/python3.12/site-packages:/opt/ros/jazzy/lib/python3.12/site-packages /usr/bin/cmake --build /home/tommi/ros2/ws/build/service_client_cpp -- -j8 -l8
[4.813s] Invoking command in '/home/tommi/ros2/ws/build/service_client_cpp': CMAKE_PREFIX_PATH=/home/tommi/ros2/ws/install/my_robot_interfaces:/home/tommi/ros2/ws/install/service_client_cpp:/opt/ros/jazzy/opt/gz_sim_vendor:/opt/ros/jazzy/opt/gz_sensors_vendor:/opt/ros/jazzy/opt/gz_physics_vendor:/opt/ros/jazzy/opt/sdformat_vendor:/opt/ros/jazzy/opt/gz_gui_vendor:/opt/ros/jazzy/opt/gz_transport_vendor:/opt/ros/jazzy/opt/gz_rendering_vendor:/opt/ros/jazzy/opt/gz_plugin_vendor:/opt/ros/jazzy/opt/gz_fuel_tools_vendor:/opt/ros/jazzy/opt/gz_msgs_vendor:/opt/ros/jazzy/opt/gz_common_vendor:/opt/ros/jazzy/opt/gz_math_vendor:/opt/ros/jazzy/opt/gz_utils_vendor:/opt/ros/jazzy/opt/gz_tools_vendor:/opt/ros/jazzy/opt/gz_ogre_next_vendor:/opt/ros/jazzy/opt/gz_dartsim_vendor:/opt/ros/jazzy/opt/gz_cmake_vendor:/home/tommi/ros2/ws/install/temperature:/home/tommi/ros2/ws/install/number_publisher:/home/tommi/ros2/ws/install/number_counter_py:/opt/ros/jazzy DEBUGINFOD_URLS=https://debuginfod.ubuntu.com PYTHONPATH=/home/tommi/ros2/ws/install/my_robot_interfaces/lib/python3.12/site-packages:/home/tommi/ros2/ws/build/temperature:/home/tommi/ros2/ws/install/temperature/lib/python3.12/site-packages:/home/tommi/ros2/ws/install/number_publisher/lib/python3.12/site-packages:/home/tommi/ros2/ws/install/number_counter_py/lib/python3.12/site-packages:/opt/ros/jazzy/lib/python3.12/site-packages /usr/bin/cmake --install /home/tommi/ros2/ws/build/service_client_cpp
[4.824s] -- Install configuration: ""
[4.824s] -- Installing: /home/tommi/ros2/ws/install/service_client_cpp/lib/service_client_cpp/call_client
[4.826s] -- Set non-toolchain portion of runtime path of "/home/tommi/ros2/ws/install/service_client_cpp/lib/service_client_cpp/call_client" to ""
[4.826s] -- Up-to-date: /home/tommi/ros2/ws/install/service_client_cpp/share/ament_index/resource_index/package_run_dependencies/service_client_cpp
[4.826s] -- Installing: /home/tommi/ros2/ws/install/service_client_cpp/share/ament_index/resource_index/parent_prefix_path/service_client_cpp
[4.826s] -- Up-to-date: /home/tommi/ros2/ws/install/service_client_cpp/share/service_client_cpp/environment/ament_prefix_path.sh
[4.826s] -- Up-to-date: /home/tommi/ros2/ws/install/service_client_cpp/share/service_client_cpp/environment/ament_prefix_path.dsv
[4.827s] -- Up-to-date: /home/tommi/ros2/ws/install/service_client_cpp/share/service_client_cpp/environment/path.sh
[4.827s] -- Up-to-date: /home/tommi/ros2/ws/install/service_client_cpp/share/service_client_cpp/environment/path.dsv
[4.827s] -- Up-to-date: /home/tommi/ros2/ws/install/service_client_cpp/share/service_client_cpp/local_setup.bash
[4.827s] -- Up-to-date: /home/tommi/ros2/ws/install/service_client_cpp/share/service_client_cpp/local_setup.sh
[4.827s] -- Up-to-date: /home/tommi/ros2/ws/install/service_client_cpp/share/service_client_cpp/local_setup.zsh
[4.827s] -- Up-to-date: /home/tommi/ros2/ws/install/service_client_cpp/share/service_client_cpp/local_setup.dsv
[4.827s] -- Installing: /home/tommi/ros2/ws/install/service_client_cpp/share/service_client_cpp/package.dsv
[4.827s] -- Up-to-date: /home/tommi/ros2/ws/install/service_client_cpp/share/ament_index/resource_index/packages/service_client_cpp
[4.828s] -- Up-to-date: /home/tommi/ros2/ws/install/service_client_cpp/share/service_client_cpp/cmake/service_client_cppConfig.cmake
[4.828s] -- Up-to-date: /home/tommi/ros2/ws/install/service_client_cpp/share/service_client_cpp/cmake/service_client_cppConfig-version.cmake
[4.828s] -- Up-to-date: /home/tommi/ros2/ws/install/service_client_cpp/share/service_client_cpp/package.xml
[4.829s] Invoked command in '/home/tommi/ros2/ws/build/service_client_cpp' returned '0': CMAKE_PREFIX_PATH=/home/tommi/ros2/ws/install/my_robot_interfaces:/home/tommi/ros2/ws/install/service_client_cpp:/opt/ros/jazzy/opt/gz_sim_vendor:/opt/ros/jazzy/opt/gz_sensors_vendor:/opt/ros/jazzy/opt/gz_physics_vendor:/opt/ros/jazzy/opt/sdformat_vendor:/opt/ros/jazzy/opt/gz_gui_vendor:/opt/ros/jazzy/opt/gz_transport_vendor:/opt/ros/jazzy/opt/gz_rendering_vendor:/opt/ros/jazzy/opt/gz_plugin_vendor:/opt/ros/jazzy/opt/gz_fuel_tools_vendor:/opt/ros/jazzy/opt/gz_msgs_vendor:/opt/ros/jazzy/opt/gz_common_vendor:/opt/ros/jazzy/opt/gz_math_vendor:/opt/ros/jazzy/opt/gz_utils_vendor:/opt/ros/jazzy/opt/gz_tools_vendor:/opt/ros/jazzy/opt/gz_ogre_next_vendor:/opt/ros/jazzy/opt/gz_dartsim_vendor:/opt/ros/jazzy/opt/gz_cmake_vendor:/home/tommi/ros2/ws/install/temperature:/home/tommi/ros2/ws/install/number_publisher:/home/tommi/ros2/ws/install/number_counter_py:/opt/ros/jazzy DEBUGINFOD_URLS=https://debuginfod.ubuntu.com PYTHONPATH=/home/tommi/ros2/ws/install/my_robot_interfaces/lib/python3.12/site-packages:/home/tommi/ros2/ws/build/temperature:/home/tommi/ros2/ws/install/temperature/lib/python3.12/site-packages:/home/tommi/ros2/ws/install/number_publisher/lib/python3.12/site-packages:/home/tommi/ros2/ws/install/number_counter_py/lib/python3.12/site-packages:/opt/ros/jazzy/lib/python3.12/site-packages /usr/bin/cmake --install /home/tommi/ros2/ws/build/service_client_cpp
