[0.013s] Invoking command in '/home/tommi/ros2/ws/build/my_robot_interfaces': CMAKE_PREFIX_PATH=${CMAKE_PREFIX_PATH}:/home/tommi/ros2/ws/install/number_publisher:/home/tommi/ros2/ws/install/number_counter_py:/home/tommi/ros2/ws/install/temperature:/opt/ros/jazzy DEBUGINFOD_URLS=https://debuginfod.ubuntu.com /usr/bin/cmake --build /home/tommi/ros2/ws/build/my_robot_interfaces -- -j8 -l8
[0.080s] [  1%] Built target my_robot_interfaces__rosidl_generator_type_description
[0.092s] [  1%] Built target ament_cmake_python_copy_my_robot_interfaces
[0.108s] [  3%] Built target my_robot_interfaces__cpp
[0.123s] [ 24%] Built target my_robot_interfaces__rosidl_generator_c
[0.173s] [ 33%] Built target my_robot_interfaces__rosidl_typesupport_introspection_c
[0.174s] [ 51%] Built target my_robot_interfaces__rosidl_typesupport_fastrtps_cpp
[0.174s] [ 50%] Built target my_robot_interfaces__rosidl_typesupport_cpp
[0.175s] [ 61%] Built target my_robot_interfaces__rosidl_typesupport_c
[0.178s] [ 70%] Built target my_robot_interfaces__rosidl_typesupport_introspection_cpp
[0.181s] [ 79%] Built target my_robot_interfaces__rosidl_typesupport_fastrtps_c
[0.208s] [ 79%] Built target my_robot_interfaces
[0.237s] [ 81%] Built target my_robot_interfaces__py
[0.273s] [ 88%] Built target my_robot_interfaces__rosidl_generator_py
[0.306s] [ 92%] Built target my_robot_interfaces_s__rosidl_typesupport_fastrtps_c
[0.315s] [100%] Built target my_robot_interfaces_s__rosidl_typesupport_introspection_c
[0.315s] [100%] Built target my_robot_interfaces_s__rosidl_typesupport_c
[0.389s] running egg_info
[0.414s] writing my_robot_interfaces.egg-info/PKG-INFO
[0.415s] writing dependency_links to my_robot_interfaces.egg-info/dependency_links.txt
[0.415s] writing top-level names to my_robot_interfaces.egg-info/top_level.txt
[0.492s] reading manifest file 'my_robot_interfaces.egg-info/SOURCES.txt'
[0.493s] writing manifest file 'my_robot_interfaces.egg-info/SOURCES.txt'
[0.526s] [100%] Built target ament_cmake_python_build_my_robot_interfaces_egg
[0.542s] Invoked command in '/home/tommi/ros2/ws/build/my_robot_interfaces' returned '0': CMAKE_PREFIX_PATH=${CMAKE_PREFIX_PATH}:/home/tommi/ros2/ws/install/number_publisher:/home/tommi/ros2/ws/install/number_counter_py:/home/tommi/ros2/ws/install/temperature:/opt/ros/jazzy DEBUGINFOD_URLS=https://debuginfod.ubuntu.com /usr/bin/cmake --build /home/tommi/ros2/ws/build/my_robot_interfaces -- -j8 -l8
[0.555s] Invoking command in '/home/tommi/ros2/ws/build/my_robot_interfaces': CMAKE_PREFIX_PATH=${CMAKE_PREFIX_PATH}:/home/tommi/ros2/ws/install/number_publisher:/home/tommi/ros2/ws/install/number_counter_py:/home/tommi/ros2/ws/install/temperature:/opt/ros/jazzy DEBUGINFOD_URLS=https://debuginfod.ubuntu.com /usr/bin/cmake --install /home/tommi/ros2/ws/build/my_robot_interfaces
[0.570s] -- Install configuration: ""
[0.570s] -- Up-to-date: /home/tommi/ros2/ws/install/my_robot_interfaces/share/ament_index/resource_index/rosidl_interfaces/my_robot_interfaces
[0.570s] -- Up-to-date: /home/tommi/ros2/ws/install/my_robot_interfaces/share/my_robot_interfaces/msg/Int64.json
[0.570s] -- Up-to-date: /home/tommi/ros2/ws/install/my_robot_interfaces/share/my_robot_interfaces/srv/ResetCounter.json
[0.571s] -- Up-to-date: /home/tommi/ros2/ws/install/my_robot_interfaces/share/my_robot_interfaces/srv/StopTurtle.json
[0.571s] -- Up-to-date: /home/tommi/ros2/ws/install/my_robot_interfaces/include/my_robot_interfaces/my_robot_interfaces
[0.571s] -- Up-to-date: /home/tommi/ros2/ws/install/my_robot_interfaces/include/my_robot_interfaces/my_robot_interfaces/srv
[0.571s] -- Up-to-date: /home/tommi/ros2/ws/install/my_robot_interfaces/include/my_robot_interfaces/my_robot_interfaces/srv/reset_counter.h
[0.571s] -- Up-to-date: /home/tommi/ros2/ws/install/my_robot_interfaces/include/my_robot_interfaces/my_robot_interfaces/srv/detail
[0.571s] -- Up-to-date: /home/tommi/ros2/ws/install/my_robot_interfaces/include/my_robot_interfaces/my_robot_interfaces/srv/detail/stop_turtle__type_support.c
[0.572s] -- Up-to-date: /home/tommi/ros2/ws/install/my_robot_interfaces/include/my_robot_interfaces/my_robot_interfaces/srv/detail/reset_counter__type_support.c
[0.572s] -- Up-to-date: /home/tommi/ros2/ws/install/my_robot_interfaces/include/my_robot_interfaces/my_robot_interfaces/srv/detail/reset_counter__description.c
[0.572s] -- Up-to-date: /home/tommi/ros2/ws/install/my_robot_interfaces/include/my_robot_interfaces/my_robot_interfaces/srv/detail/stop_turtle__description.c
[0.572s] -- Up-to-date: /home/tommi/ros2/ws/install/my_robot_interfaces/include/my_robot_interfaces/my_robot_interfaces/srv/detail/stop_turtle__type_support.h
[0.572s] -- Up-to-date: /home/tommi/ros2/ws/install/my_robot_interfaces/include/my_robot_interfaces/my_robot_interfaces/srv/detail/stop_turtle__struct.h
[0.572s] -- Up-to-date: /home/tommi/ros2/ws/install/my_robot_interfaces/include/my_robot_interfaces/my_robot_interfaces/srv/detail/stop_turtle__functions.c
[0.572s] -- Up-to-date: /home/tommi/ros2/ws/install/my_robot_interfaces/include/my_robot_interfaces/my_robot_interfaces/srv/detail/reset_counter__struct.h
[0.573s] -- Up-to-date: /home/tommi/ros2/ws/install/my_robot_interfaces/include/my_robot_interfaces/my_robot_interfaces/srv/detail/reset_counter__functions.c
[0.573s] -- Up-to-date: /home/tommi/ros2/ws/install/my_robot_interfaces/include/my_robot_interfaces/my_robot_interfaces/srv/detail/reset_counter__functions.h
[0.573s] -- Up-to-date: /home/tommi/ros2/ws/install/my_robot_interfaces/include/my_robot_interfaces/my_robot_interfaces/srv/detail/stop_turtle__functions.h
[0.573s] -- Up-to-date: /home/tommi/ros2/ws/install/my_robot_interfaces/include/my_robot_interfaces/my_robot_interfaces/srv/detail/reset_counter__type_support.h
[0.573s] -- Up-to-date: /home/tommi/ros2/ws/install/my_robot_interfaces/include/my_robot_interfaces/my_robot_interfaces/srv/stop_turtle.h
[0.573s] -- Up-to-date: /home/tommi/ros2/ws/install/my_robot_interfaces/include/my_robot_interfaces/my_robot_interfaces/msg
[0.573s] -- Up-to-date: /home/tommi/ros2/ws/install/my_robot_interfaces/include/my_robot_interfaces/my_robot_interfaces/msg/int64.h
[0.574s] -- Up-to-date: /home/tommi/ros2/ws/install/my_robot_interfaces/include/my_robot_interfaces/my_robot_interfaces/msg/detail
[0.574s] -- Up-to-date: /home/tommi/ros2/ws/install/my_robot_interfaces/include/my_robot_interfaces/my_robot_interfaces/msg/detail/int64__functions.h
[0.574s] -- Up-to-date: /home/tommi/ros2/ws/install/my_robot_interfaces/include/my_robot_interfaces/my_robot_interfaces/msg/detail/int64__type_support.c
[0.574s] -- Up-to-date: /home/tommi/ros2/ws/install/my_robot_interfaces/include/my_robot_interfaces/my_robot_interfaces/msg/detail/int64__struct.h
[0.574s] -- Up-to-date: /home/tommi/ros2/ws/install/my_robot_interfaces/include/my_robot_interfaces/my_robot_interfaces/msg/detail/int64__type_support.h
[0.574s] -- Up-to-date: /home/tommi/ros2/ws/install/my_robot_interfaces/include/my_robot_interfaces/my_robot_interfaces/msg/detail/int64__description.c
[0.574s] -- Up-to-date: /home/tommi/ros2/ws/install/my_robot_interfaces/include/my_robot_interfaces/my_robot_interfaces/msg/detail/int64__functions.c
[0.575s] -- Up-to-date: /home/tommi/ros2/ws/install/my_robot_interfaces/include/my_robot_interfaces/my_robot_interfaces/msg/rosidl_generator_c__visibility_control.h
[0.575s] -- Up-to-date: /home/tommi/ros2/ws/install/my_robot_interfaces/share/my_robot_interfaces/environment/library_path.sh
[0.575s] -- Up-to-date: /home/tommi/ros2/ws/install/my_robot_interfaces/share/my_robot_interfaces/environment/library_path.dsv
[0.575s] -- Up-to-date: /home/tommi/ros2/ws/install/my_robot_interfaces/lib/libmy_robot_interfaces__rosidl_generator_c.so
[0.575s] -- Up-to-date: /home/tommi/ros2/ws/install/my_robot_interfaces/include/my_robot_interfaces/my_robot_interfaces
[0.575s] -- Up-to-date: /home/tommi/ros2/ws/install/my_robot_interfaces/include/my_robot_interfaces/my_robot_interfaces/srv
[0.575s] -- Up-to-date: /home/tommi/ros2/ws/install/my_robot_interfaces/include/my_robot_interfaces/my_robot_interfaces/srv/detail
[0.576s] -- Up-to-date: /home/tommi/ros2/ws/install/my_robot_interfaces/include/my_robot_interfaces/my_robot_interfaces/srv/detail/reset_counter__rosidl_typesupport_fastrtps_c.h
[0.576s] -- Up-to-date: /home/tommi/ros2/ws/install/my_robot_interfaces/include/my_robot_interfaces/my_robot_interfaces/srv/detail/stop_turtle__rosidl_typesupport_fastrtps_c.h
[0.576s] -- Up-to-date: /home/tommi/ros2/ws/install/my_robot_interfaces/include/my_robot_interfaces/my_robot_interfaces/msg
[0.576s] -- Up-to-date: /home/tommi/ros2/ws/install/my_robot_interfaces/include/my_robot_interfaces/my_robot_interfaces/msg/detail
[0.576s] -- Up-to-date: /home/tommi/ros2/ws/install/my_robot_interfaces/include/my_robot_interfaces/my_robot_interfaces/msg/detail/int64__rosidl_typesupport_fastrtps_c.h
[0.576s] -- Up-to-date: /home/tommi/ros2/ws/install/my_robot_interfaces/include/my_robot_interfaces/my_robot_interfaces/msg/rosidl_typesupport_fastrtps_c__visibility_control.h
[0.576s] -- Up-to-date: /home/tommi/ros2/ws/install/my_robot_interfaces/lib/libmy_robot_interfaces__rosidl_typesupport_fastrtps_c.so
[0.577s] -- Up-to-date: /home/tommi/ros2/ws/install/my_robot_interfaces/include/my_robot_interfaces/my_robot_interfaces
[0.577s] -- Up-to-date: /home/tommi/ros2/ws/install/my_robot_interfaces/include/my_robot_interfaces/my_robot_interfaces/srv
[0.577s] -- Up-to-date: /home/tommi/ros2/ws/install/my_robot_interfaces/include/my_robot_interfaces/my_robot_interfaces/srv/detail
[0.577s] -- Up-to-date: /home/tommi/ros2/ws/install/my_robot_interfaces/include/my_robot_interfaces/my_robot_interfaces/srv/detail/stop_turtle__type_support.c
[0.577s] -- Up-to-date: /home/tommi/ros2/ws/install/my_robot_interfaces/include/my_robot_interfaces/my_robot_interfaces/srv/detail/stop_turtle__rosidl_typesupport_introspection_c.h
[0.577s] -- Up-to-date: /home/tommi/ros2/ws/install/my_robot_interfaces/include/my_robot_interfaces/my_robot_interfaces/srv/detail/reset_counter__type_support.c
[0.577s] -- Up-to-date: /home/tommi/ros2/ws/install/my_robot_interfaces/include/my_robot_interfaces/my_robot_interfaces/srv/detail/reset_counter__rosidl_typesupport_introspection_c.h
[0.578s] -- Up-to-date: /home/tommi/ros2/ws/install/my_robot_interfaces/include/my_robot_interfaces/my_robot_interfaces/msg
[0.578s] -- Up-to-date: /home/tommi/ros2/ws/install/my_robot_interfaces/include/my_robot_interfaces/my_robot_interfaces/msg/detail
[0.578s] -- Up-to-date: /home/tommi/ros2/ws/install/my_robot_interfaces/include/my_robot_interfaces/my_robot_interfaces/msg/detail/int64__type_support.c
[0.578s] -- Up-to-date: /home/tommi/ros2/ws/install/my_robot_interfaces/include/my_robot_interfaces/my_robot_interfaces/msg/detail/int64__rosidl_typesupport_introspection_c.h
[0.578s] -- Up-to-date: /home/tommi/ros2/ws/install/my_robot_interfaces/include/my_robot_interfaces/my_robot_interfaces/msg/rosidl_typesupport_introspection_c__visibility_control.h
[0.578s] -- Up-to-date: /home/tommi/ros2/ws/install/my_robot_interfaces/lib/libmy_robot_interfaces__rosidl_typesupport_introspection_c.so
[0.579s] -- Up-to-date: /home/tommi/ros2/ws/install/my_robot_interfaces/lib/libmy_robot_interfaces__rosidl_typesupport_c.so
[0.579s] -- Up-to-date: /home/tommi/ros2/ws/install/my_robot_interfaces/include/my_robot_interfaces/my_robot_interfaces
[0.579s] -- Up-to-date: /home/tommi/ros2/ws/install/my_robot_interfaces/include/my_robot_interfaces/my_robot_interfaces/srv
[0.579s] -- Up-to-date: /home/tommi/ros2/ws/install/my_robot_interfaces/include/my_robot_interfaces/my_robot_interfaces/srv/detail
[0.579s] -- Up-to-date: /home/tommi/ros2/ws/install/my_robot_interfaces/include/my_robot_interfaces/my_robot_interfaces/srv/detail/reset_counter__struct.hpp
[0.579s] -- Up-to-date: /home/tommi/ros2/ws/install/my_robot_interfaces/include/my_robot_interfaces/my_robot_interfaces/srv/detail/stop_turtle__traits.hpp
[0.579s] -- Up-to-date: /home/tommi/ros2/ws/install/my_robot_interfaces/include/my_robot_interfaces/my_robot_interfaces/srv/detail/reset_counter__builder.hpp
[0.580s] -- Up-to-date: /home/tommi/ros2/ws/install/my_robot_interfaces/include/my_robot_interfaces/my_robot_interfaces/srv/detail/reset_counter__type_support.hpp
[0.580s] -- Up-to-date: /home/tommi/ros2/ws/install/my_robot_interfaces/include/my_robot_interfaces/my_robot_interfaces/srv/detail/stop_turtle__struct.hpp
[0.580s] -- Up-to-date: /home/tommi/ros2/ws/install/my_robot_interfaces/include/my_robot_interfaces/my_robot_interfaces/srv/detail/reset_counter__traits.hpp
[0.580s] -- Up-to-date: /home/tommi/ros2/ws/install/my_robot_interfaces/include/my_robot_interfaces/my_robot_interfaces/srv/detail/stop_turtle__builder.hpp
[0.580s] -- Up-to-date: /home/tommi/ros2/ws/install/my_robot_interfaces/include/my_robot_interfaces/my_robot_interfaces/srv/detail/stop_turtle__type_support.hpp
[0.580s] -- Up-to-date: /home/tommi/ros2/ws/install/my_robot_interfaces/include/my_robot_interfaces/my_robot_interfaces/srv/stop_turtle.hpp
[0.581s] -- Up-to-date: /home/tommi/ros2/ws/install/my_robot_interfaces/include/my_robot_interfaces/my_robot_interfaces/srv/reset_counter.hpp
[0.581s] -- Up-to-date: /home/tommi/ros2/ws/install/my_robot_interfaces/include/my_robot_interfaces/my_robot_interfaces/msg
[0.581s] -- Up-to-date: /home/tommi/ros2/ws/install/my_robot_interfaces/include/my_robot_interfaces/my_robot_interfaces/msg/rosidl_generator_cpp__visibility_control.hpp
[0.581s] -- Up-to-date: /home/tommi/ros2/ws/install/my_robot_interfaces/include/my_robot_interfaces/my_robot_interfaces/msg/detail
[0.581s] -- Up-to-date: /home/tommi/ros2/ws/install/my_robot_interfaces/include/my_robot_interfaces/my_robot_interfaces/msg/detail/int64__builder.hpp
[0.581s] -- Up-to-date: /home/tommi/ros2/ws/install/my_robot_interfaces/include/my_robot_interfaces/my_robot_interfaces/msg/detail/int64__traits.hpp
[0.581s] -- Up-to-date: /home/tommi/ros2/ws/install/my_robot_interfaces/include/my_robot_interfaces/my_robot_interfaces/msg/detail/int64__struct.hpp
[0.581s] -- Up-to-date: /home/tommi/ros2/ws/install/my_robot_interfaces/include/my_robot_interfaces/my_robot_interfaces/msg/detail/int64__type_support.hpp
[0.582s] -- Up-to-date: /home/tommi/ros2/ws/install/my_robot_interfaces/include/my_robot_interfaces/my_robot_interfaces/msg/int64.hpp
[0.582s] -- Up-to-date: /home/tommi/ros2/ws/install/my_robot_interfaces/include/my_robot_interfaces/my_robot_interfaces
[0.582s] -- Up-to-date: /home/tommi/ros2/ws/install/my_robot_interfaces/include/my_robot_interfaces/my_robot_interfaces/srv
[0.582s] -- Up-to-date: /home/tommi/ros2/ws/install/my_robot_interfaces/include/my_robot_interfaces/my_robot_interfaces/srv/detail
[0.582s] -- Up-to-date: /home/tommi/ros2/ws/install/my_robot_interfaces/include/my_robot_interfaces/my_robot_interfaces/srv/detail/dds_fastrtps
[0.583s] -- Up-to-date: /home/tommi/ros2/ws/install/my_robot_interfaces/include/my_robot_interfaces/my_robot_interfaces/srv/detail/stop_turtle__rosidl_typesupport_fastrtps_cpp.hpp
[0.583s] -- Up-to-date: /home/tommi/ros2/ws/install/my_robot_interfaces/include/my_robot_interfaces/my_robot_interfaces/srv/detail/reset_counter__rosidl_typesupport_fastrtps_cpp.hpp
[0.583s] -- Up-to-date: /home/tommi/ros2/ws/install/my_robot_interfaces/include/my_robot_interfaces/my_robot_interfaces/msg
[0.583s] -- Up-to-date: /home/tommi/ros2/ws/install/my_robot_interfaces/include/my_robot_interfaces/my_robot_interfaces/msg/detail
[0.583s] -- Up-to-date: /home/tommi/ros2/ws/install/my_robot_interfaces/include/my_robot_interfaces/my_robot_interfaces/msg/detail/dds_fastrtps
[0.583s] -- Up-to-date: /home/tommi/ros2/ws/install/my_robot_interfaces/include/my_robot_interfaces/my_robot_interfaces/msg/detail/int64__rosidl_typesupport_fastrtps_cpp.hpp
[0.583s] -- Up-to-date: /home/tommi/ros2/ws/install/my_robot_interfaces/include/my_robot_interfaces/my_robot_interfaces/msg/rosidl_typesupport_fastrtps_cpp__visibility_control.h
[0.584s] -- Up-to-date: /home/tommi/ros2/ws/install/my_robot_interfaces/lib/libmy_robot_interfaces__rosidl_typesupport_fastrtps_cpp.so
[0.584s] -- Up-to-date: /home/tommi/ros2/ws/install/my_robot_interfaces/include/my_robot_interfaces/my_robot_interfaces
[0.584s] -- Up-to-date: /home/tommi/ros2/ws/install/my_robot_interfaces/include/my_robot_interfaces/my_robot_interfaces/srv
[0.584s] -- Up-to-date: /home/tommi/ros2/ws/install/my_robot_interfaces/include/my_robot_interfaces/my_robot_interfaces/srv/detail
[0.584s] -- Up-to-date: /home/tommi/ros2/ws/install/my_robot_interfaces/include/my_robot_interfaces/my_robot_interfaces/srv/detail/stop_turtle__type_support.cpp
[0.584s] -- Up-to-date: /home/tommi/ros2/ws/install/my_robot_interfaces/include/my_robot_interfaces/my_robot_interfaces/srv/detail/reset_counter__type_support.cpp
[0.584s] -- Up-to-date: /home/tommi/ros2/ws/install/my_robot_interfaces/include/my_robot_interfaces/my_robot_interfaces/srv/detail/reset_counter__rosidl_typesupport_introspection_cpp.hpp
[0.585s] -- Up-to-date: /home/tommi/ros2/ws/install/my_robot_interfaces/include/my_robot_interfaces/my_robot_interfaces/srv/detail/stop_turtle__rosidl_typesupport_introspection_cpp.hpp
[0.585s] -- Up-to-date: /home/tommi/ros2/ws/install/my_robot_interfaces/include/my_robot_interfaces/my_robot_interfaces/msg
[0.585s] -- Up-to-date: /home/tommi/ros2/ws/install/my_robot_interfaces/include/my_robot_interfaces/my_robot_interfaces/msg/detail
[0.585s] -- Up-to-date: /home/tommi/ros2/ws/install/my_robot_interfaces/include/my_robot_interfaces/my_robot_interfaces/msg/detail/int64__type_support.cpp
[0.585s] -- Up-to-date: /home/tommi/ros2/ws/install/my_robot_interfaces/include/my_robot_interfaces/my_robot_interfaces/msg/detail/int64__rosidl_typesupport_introspection_cpp.hpp
[0.585s] -- Up-to-date: /home/tommi/ros2/ws/install/my_robot_interfaces/lib/libmy_robot_interfaces__rosidl_typesupport_introspection_cpp.so
[0.586s] -- Up-to-date: /home/tommi/ros2/ws/install/my_robot_interfaces/lib/libmy_robot_interfaces__rosidl_typesupport_cpp.so
[0.586s] -- Up-to-date: /home/tommi/ros2/ws/install/my_robot_interfaces/share/my_robot_interfaces/environment/pythonpath.sh
[0.586s] -- Up-to-date: /home/tommi/ros2/ws/install/my_robot_interfaces/share/my_robot_interfaces/environment/pythonpath.dsv
[0.586s] -- Up-to-date: /home/tommi/ros2/ws/install/my_robot_interfaces/lib/python3.12/site-packages/my_robot_interfaces-0.0.0-py3.12.egg-info
[0.586s] -- Installing: /home/tommi/ros2/ws/install/my_robot_interfaces/lib/python3.12/site-packages/my_robot_interfaces-0.0.0-py3.12.egg-info/PKG-INFO
[0.586s] -- Installing: /home/tommi/ros2/ws/install/my_robot_interfaces/lib/python3.12/site-packages/my_robot_interfaces-0.0.0-py3.12.egg-info/dependency_links.txt
[0.587s] -- Installing: /home/tommi/ros2/ws/install/my_robot_interfaces/lib/python3.12/site-packages/my_robot_interfaces-0.0.0-py3.12.egg-info/SOURCES.txt
[0.587s] -- Installing: /home/tommi/ros2/ws/install/my_robot_interfaces/lib/python3.12/site-packages/my_robot_interfaces-0.0.0-py3.12.egg-info/top_level.txt
[0.587s] -- Up-to-date: /home/tommi/ros2/ws/install/my_robot_interfaces/lib/python3.12/site-packages/my_robot_interfaces
[0.587s] -- Up-to-date: /home/tommi/ros2/ws/install/my_robot_interfaces/lib/python3.12/site-packages/my_robot_interfaces/srv
[0.588s] -- Up-to-date: /home/tommi/ros2/ws/install/my_robot_interfaces/lib/python3.12/site-packages/my_robot_interfaces/srv/_reset_counter_s.c
[0.588s] -- Up-to-date: /home/tommi/ros2/ws/install/my_robot_interfaces/lib/python3.12/site-packages/my_robot_interfaces/srv/__init__.py
[0.588s] -- Up-to-date: /home/tommi/ros2/ws/install/my_robot_interfaces/lib/python3.12/site-packages/my_robot_interfaces/srv/_reset_counter.py
[0.588s] -- Up-to-date: /home/tommi/ros2/ws/install/my_robot_interfaces/lib/python3.12/site-packages/my_robot_interfaces/srv/_stop_turtle_s.c
[0.588s] -- Up-to-date: /home/tommi/ros2/ws/install/my_robot_interfaces/lib/python3.12/site-packages/my_robot_interfaces/srv/_stop_turtle.py
[0.588s] -- Up-to-date: /home/tommi/ros2/ws/install/my_robot_interfaces/lib/python3.12/site-packages/my_robot_interfaces/_my_robot_interfaces_s.ep.rosidl_typesupport_introspection_c.c
[0.589s] -- Up-to-date: /home/tommi/ros2/ws/install/my_robot_interfaces/lib/python3.12/site-packages/my_robot_interfaces/__init__.py
[0.589s] -- Up-to-date: /home/tommi/ros2/ws/install/my_robot_interfaces/lib/python3.12/site-packages/my_robot_interfaces/_my_robot_interfaces_s.ep.rosidl_typesupport_c.c
[0.589s] -- Up-to-date: /home/tommi/ros2/ws/install/my_robot_interfaces/lib/python3.12/site-packages/my_robot_interfaces/my_robot_interfaces_s__rosidl_typesupport_c.so
[0.589s] -- Up-to-date: /home/tommi/ros2/ws/install/my_robot_interfaces/lib/python3.12/site-packages/my_robot_interfaces/my_robot_interfaces_s__rosidl_typesupport_fastrtps_c.so
[0.589s] -- Up-to-date: /home/tommi/ros2/ws/install/my_robot_interfaces/lib/python3.12/site-packages/my_robot_interfaces/msg
[0.589s] -- Up-to-date: /home/tommi/ros2/ws/install/my_robot_interfaces/lib/python3.12/site-packages/my_robot_interfaces/msg/_int64.py
[0.589s] -- Up-to-date: /home/tommi/ros2/ws/install/my_robot_interfaces/lib/python3.12/site-packages/my_robot_interfaces/msg/__init__.py
[0.590s] -- Up-to-date: /home/tommi/ros2/ws/install/my_robot_interfaces/lib/python3.12/site-packages/my_robot_interfaces/msg/_int64_s.c
[0.590s] -- Up-to-date: /home/tommi/ros2/ws/install/my_robot_interfaces/lib/python3.12/site-packages/my_robot_interfaces/my_robot_interfaces_s__rosidl_typesupport_introspection_c.so
[0.590s] -- Up-to-date: /home/tommi/ros2/ws/install/my_robot_interfaces/lib/python3.12/site-packages/my_robot_interfaces/_my_robot_interfaces_s.ep.rosidl_typesupport_fastrtps_c.c
[0.627s] Listing '/home/tommi/ros2/ws/install/my_robot_interfaces/lib/python3.12/site-packages/my_robot_interfaces'...
[0.628s] Listing '/home/tommi/ros2/ws/install/my_robot_interfaces/lib/python3.12/site-packages/my_robot_interfaces/msg'...
[0.628s] Listing '/home/tommi/ros2/ws/install/my_robot_interfaces/lib/python3.12/site-packages/my_robot_interfaces/srv'...
[0.633s] -- Up-to-date: /home/tommi/ros2/ws/install/my_robot_interfaces/lib/python3.12/site-packages/my_robot_interfaces/my_robot_interfaces_s__rosidl_typesupport_fastrtps_c.so
[0.634s] -- Up-to-date: /home/tommi/ros2/ws/install/my_robot_interfaces/lib/python3.12/site-packages/my_robot_interfaces/my_robot_interfaces_s__rosidl_typesupport_introspection_c.so
[0.634s] -- Up-to-date: /home/tommi/ros2/ws/install/my_robot_interfaces/lib/python3.12/site-packages/my_robot_interfaces/my_robot_interfaces_s__rosidl_typesupport_c.so
[0.635s] -- Up-to-date: /home/tommi/ros2/ws/install/my_robot_interfaces/lib/libmy_robot_interfaces__rosidl_generator_py.so
[0.635s] -- Up-to-date: /home/tommi/ros2/ws/install/my_robot_interfaces/share/my_robot_interfaces/msg/Int64.idl
[0.636s] -- Up-to-date: /home/tommi/ros2/ws/install/my_robot_interfaces/share/my_robot_interfaces/srv/ResetCounter.idl
[0.636s] -- Up-to-date: /home/tommi/ros2/ws/install/my_robot_interfaces/share/my_robot_interfaces/srv/StopTurtle.idl
[0.636s] -- Up-to-date: /home/tommi/ros2/ws/install/my_robot_interfaces/share/my_robot_interfaces/msg/Int64.msg
[0.636s] -- Up-to-date: /home/tommi/ros2/ws/install/my_robot_interfaces/share/my_robot_interfaces/srv/ResetCounter.srv
[0.636s] -- Up-to-date: /home/tommi/ros2/ws/install/my_robot_interfaces/share/my_robot_interfaces/srv/StopTurtle.srv
[0.636s] -- Up-to-date: /home/tommi/ros2/ws/install/my_robot_interfaces/share/ament_index/resource_index/package_run_dependencies/my_robot_interfaces
[0.636s] -- Up-to-date: /home/tommi/ros2/ws/install/my_robot_interfaces/share/ament_index/resource_index/parent_prefix_path/my_robot_interfaces
[0.636s] -- Up-to-date: /home/tommi/ros2/ws/install/my_robot_interfaces/share/my_robot_interfaces/environment/ament_prefix_path.sh
[0.636s] -- Up-to-date: /home/tommi/ros2/ws/install/my_robot_interfaces/share/my_robot_interfaces/environment/ament_prefix_path.dsv
[0.637s] -- Up-to-date: /home/tommi/ros2/ws/install/my_robot_interfaces/share/my_robot_interfaces/environment/path.sh
[0.637s] -- Up-to-date: /home/tommi/ros2/ws/install/my_robot_interfaces/share/my_robot_interfaces/environment/path.dsv
[0.637s] -- Up-to-date: /home/tommi/ros2/ws/install/my_robot_interfaces/share/my_robot_interfaces/local_setup.bash
[0.637s] -- Up-to-date: /home/tommi/ros2/ws/install/my_robot_interfaces/share/my_robot_interfaces/local_setup.sh
[0.637s] -- Up-to-date: /home/tommi/ros2/ws/install/my_robot_interfaces/share/my_robot_interfaces/local_setup.zsh
[0.637s] -- Up-to-date: /home/tommi/ros2/ws/install/my_robot_interfaces/share/my_robot_interfaces/local_setup.dsv
[0.637s] -- Installing: /home/tommi/ros2/ws/install/my_robot_interfaces/share/my_robot_interfaces/package.dsv
[0.637s] -- Up-to-date: /home/tommi/ros2/ws/install/my_robot_interfaces/share/ament_index/resource_index/packages/my_robot_interfaces
[0.637s] -- Up-to-date: /home/tommi/ros2/ws/install/my_robot_interfaces/share/my_robot_interfaces/cmake/export_my_robot_interfaces__rosidl_generator_cExport.cmake
[0.638s] -- Up-to-date: /home/tommi/ros2/ws/install/my_robot_interfaces/share/my_robot_interfaces/cmake/export_my_robot_interfaces__rosidl_generator_cExport-noconfig.cmake
[0.638s] -- Up-to-date: /home/tommi/ros2/ws/install/my_robot_interfaces/share/my_robot_interfaces/cmake/export_my_robot_interfaces__rosidl_typesupport_fastrtps_cExport.cmake
[0.638s] -- Up-to-date: /home/tommi/ros2/ws/install/my_robot_interfaces/share/my_robot_interfaces/cmake/export_my_robot_interfaces__rosidl_typesupport_fastrtps_cExport-noconfig.cmake
[0.638s] -- Up-to-date: /home/tommi/ros2/ws/install/my_robot_interfaces/share/my_robot_interfaces/cmake/my_robot_interfaces__rosidl_typesupport_introspection_cExport.cmake
[0.638s] -- Up-to-date: /home/tommi/ros2/ws/install/my_robot_interfaces/share/my_robot_interfaces/cmake/my_robot_interfaces__rosidl_typesupport_introspection_cExport-noconfig.cmake
[0.638s] -- Up-to-date: /home/tommi/ros2/ws/install/my_robot_interfaces/share/my_robot_interfaces/cmake/my_robot_interfaces__rosidl_typesupport_cExport.cmake
[0.638s] -- Up-to-date: /home/tommi/ros2/ws/install/my_robot_interfaces/share/my_robot_interfaces/cmake/my_robot_interfaces__rosidl_typesupport_cExport-noconfig.cmake
[0.638s] -- Up-to-date: /home/tommi/ros2/ws/install/my_robot_interfaces/share/my_robot_interfaces/cmake/export_my_robot_interfaces__rosidl_generator_cppExport.cmake
[0.639s] -- Up-to-date: /home/tommi/ros2/ws/install/my_robot_interfaces/share/my_robot_interfaces/cmake/export_my_robot_interfaces__rosidl_typesupport_fastrtps_cppExport.cmake
[0.639s] -- Up-to-date: /home/tommi/ros2/ws/install/my_robot_interfaces/share/my_robot_interfaces/cmake/export_my_robot_interfaces__rosidl_typesupport_fastrtps_cppExport-noconfig.cmake
[0.639s] -- Up-to-date: /home/tommi/ros2/ws/install/my_robot_interfaces/share/my_robot_interfaces/cmake/my_robot_interfaces__rosidl_typesupport_introspection_cppExport.cmake
[0.639s] -- Up-to-date: /home/tommi/ros2/ws/install/my_robot_interfaces/share/my_robot_interfaces/cmake/my_robot_interfaces__rosidl_typesupport_introspection_cppExport-noconfig.cmake
[0.639s] -- Up-to-date: /home/tommi/ros2/ws/install/my_robot_interfaces/share/my_robot_interfaces/cmake/my_robot_interfaces__rosidl_typesupport_cppExport.cmake
[0.639s] -- Up-to-date: /home/tommi/ros2/ws/install/my_robot_interfaces/share/my_robot_interfaces/cmake/my_robot_interfaces__rosidl_typesupport_cppExport-noconfig.cmake
[0.640s] -- Up-to-date: /home/tommi/ros2/ws/install/my_robot_interfaces/share/my_robot_interfaces/cmake/export_my_robot_interfaces__rosidl_generator_pyExport.cmake
[0.640s] -- Up-to-date: /home/tommi/ros2/ws/install/my_robot_interfaces/share/my_robot_interfaces/cmake/export_my_robot_interfaces__rosidl_generator_pyExport-noconfig.cmake
[0.640s] -- Up-to-date: /home/tommi/ros2/ws/install/my_robot_interfaces/share/my_robot_interfaces/cmake/rosidl_cmake-extras.cmake
[0.640s] -- Up-to-date: /home/tommi/ros2/ws/install/my_robot_interfaces/share/my_robot_interfaces/cmake/ament_cmake_export_dependencies-extras.cmake
[0.640s] -- Up-to-date: /home/tommi/ros2/ws/install/my_robot_interfaces/share/my_robot_interfaces/cmake/ament_cmake_export_include_directories-extras.cmake
[0.640s] -- Up-to-date: /home/tommi/ros2/ws/install/my_robot_interfaces/share/my_robot_interfaces/cmake/ament_cmake_export_libraries-extras.cmake
[0.640s] -- Up-to-date: /home/tommi/ros2/ws/install/my_robot_interfaces/share/my_robot_interfaces/cmake/ament_cmake_export_targets-extras.cmake
[0.640s] -- Up-to-date: /home/tommi/ros2/ws/install/my_robot_interfaces/share/my_robot_interfaces/cmake/rosidl_cmake_export_typesupport_targets-extras.cmake
[0.640s] -- Up-to-date: /home/tommi/ros2/ws/install/my_robot_interfaces/share/my_robot_interfaces/cmake/rosidl_cmake_export_typesupport_libraries-extras.cmake
[0.640s] -- Up-to-date: /home/tommi/ros2/ws/install/my_robot_interfaces/share/my_robot_interfaces/cmake/my_robot_interfacesConfig.cmake
[0.641s] -- Up-to-date: /home/tommi/ros2/ws/install/my_robot_interfaces/share/my_robot_interfaces/cmake/my_robot_interfacesConfig-version.cmake
[0.641s] -- Up-to-date: /home/tommi/ros2/ws/install/my_robot_interfaces/share/my_robot_interfaces/package.xml
[0.643s] Invoked command in '/home/tommi/ros2/ws/build/my_robot_interfaces' returned '0': CMAKE_PREFIX_PATH=${CMAKE_PREFIX_PATH}:/home/tommi/ros2/ws/install/number_publisher:/home/tommi/ros2/ws/install/number_counter_py:/home/tommi/ros2/ws/install/temperature:/opt/ros/jazzy DEBUGINFOD_URLS=https://debuginfod.ubuntu.com /usr/bin/cmake --install /home/tommi/ros2/ws/build/my_robot_interfaces
