[0.123s] DEBUG:colcon:Command line arguments: ['/usr/bin/colcon', 'build', '--packages-select', 'temperature', '--symlink-install']
[0.123s] DEBUG:colcon:Parsed command line arguments: Namespace(log_base=None, log_level=None, verb_name='build', build_base='build', install_base='install', merge_install=False, symlink_install=True, test_result_base=None, continue_on_error=False, executor='parallel', parallel_workers=8, event_handlers=None, ignore_user_meta=False, metas=['./colcon.meta'], base_paths=['.'], packages_ignore=None, packages_ignore_regex=None, paths=None, packages_up_to=None, packages_up_to_regex=None, packages_above=None, packages_above_and_dependencies=None, packages_above_depth=None, packages_select_by_dep=None, packages_skip_by_dep=None, packages_skip_up_to=None, packages_select_build_failed=False, packages_skip_build_finished=False, packages_select_test_failures=False, packages_skip_test_passed=False, packages_select=['temperature'], packages_skip=None, packages_select_regex=None, packages_skip_regex=None, packages_start=None, packages_end=None, allow_overriding=[], cmake_args=None, cmake_target=None, cmake_target_skip_unavailable=False, cmake_clean_cache=False, cmake_clean_first=False, cmake_force_configure=False, ament_cmake_args=None, catkin_cmake_args=None, catkin_skip_building_tests=False, mixin_files=None, mixin=None, verb_parser=<colcon_mixin.mixin.mixin_argument.MixinArgumentDecorator object at 0x741cea1983e0>, verb_extension=<colcon_core.verb.build.BuildVerb object at 0x741cea2c8590>, main=<bound method BuildVerb.main of <colcon_core.verb.build.BuildVerb object at 0x741cea2c8590>>, mixin_verb=('build',))
[0.166s] Level 1:colcon.colcon_core.package_discovery:discover_packages(colcon_meta) check parameters
[0.166s] Level 1:colcon.colcon_core.package_discovery:discover_packages(recursive) check parameters
[0.166s] Level 1:colcon.colcon_core.package_discovery:discover_packages(ignore) check parameters
[0.166s] Level 1:colcon.colcon_core.package_discovery:discover_packages(path) check parameters
[0.166s] Level 1:colcon.colcon_core.package_discovery:discover_packages(colcon_meta) discover
[0.166s] Level 1:colcon.colcon_core.package_discovery:discover_packages(recursive) discover
[0.166s] INFO:colcon.colcon_core.package_discovery:Crawling recursively for packages in '/home/tommi/ros2/ws'
[0.166s] Level 1:colcon.colcon_core.package_identification:_identify(.) by extensions ['ignore', 'ignore_ament_install']
[0.166s] Level 1:colcon.colcon_core.package_identification:_identify(.) by extension 'ignore'
[0.166s] Level 1:colcon.colcon_core.package_identification:_identify(.) by extension 'ignore_ament_install'
[0.166s] Level 1:colcon.colcon_core.package_identification:_identify(.) by extensions ['colcon_pkg']
[0.166s] Level 1:colcon.colcon_core.package_identification:_identify(.) by extension 'colcon_pkg'
[0.166s] Level 1:colcon.colcon_core.package_identification:_identify(.) by extensions ['colcon_meta']
[0.167s] Level 1:colcon.colcon_core.package_identification:_identify(.) by extension 'colcon_meta'
[0.167s] Level 1:colcon.colcon_core.package_identification:_identify(.) by extensions ['ros']
[0.167s] Level 1:colcon.colcon_core.package_identification:_identify(.) by extension 'ros'
[0.196s] Level 1:colcon.colcon_core.package_identification:_identify(.) by extensions ['cmake', 'python']
[0.196s] Level 1:colcon.colcon_core.package_identification:_identify(.) by extension 'cmake'
[0.196s] Level 1:colcon.colcon_core.package_identification:_identify(.) by extension 'python'
[0.196s] Level 1:colcon.colcon_core.package_identification:_identify(.) by extensions ['python_setup_py']
[0.196s] Level 1:colcon.colcon_core.package_identification:_identify(.) by extension 'python_setup_py'
[0.196s] Level 1:colcon.colcon_core.package_identification:_identify(build) by extensions ['ignore', 'ignore_ament_install']
[0.196s] Level 1:colcon.colcon_core.package_identification:_identify(build) by extension 'ignore'
[0.196s] Level 1:colcon.colcon_core.package_identification:_identify(build) ignored
[0.197s] Level 1:colcon.colcon_core.package_identification:_identify(install) by extensions ['ignore', 'ignore_ament_install']
[0.197s] Level 1:colcon.colcon_core.package_identification:_identify(install) by extension 'ignore'
[0.197s] Level 1:colcon.colcon_core.package_identification:_identify(install) ignored
[0.197s] Level 1:colcon.colcon_core.package_identification:_identify(log) by extensions ['ignore', 'ignore_ament_install']
[0.197s] Level 1:colcon.colcon_core.package_identification:_identify(log) by extension 'ignore'
[0.197s] Level 1:colcon.colcon_core.package_identification:_identify(log) ignored
[0.197s] Level 1:colcon.colcon_core.package_identification:_identify(src) by extensions ['ignore', 'ignore_ament_install']
[0.197s] Level 1:colcon.colcon_core.package_identification:_identify(src) by extension 'ignore'
[0.197s] Level 1:colcon.colcon_core.package_identification:_identify(src) by extension 'ignore_ament_install'
[0.197s] Level 1:colcon.colcon_core.package_identification:_identify(src) by extensions ['colcon_pkg']
[0.197s] Level 1:colcon.colcon_core.package_identification:_identify(src) by extension 'colcon_pkg'
[0.197s] Level 1:colcon.colcon_core.package_identification:_identify(src) by extensions ['colcon_meta']
[0.197s] Level 1:colcon.colcon_core.package_identification:_identify(src) by extension 'colcon_meta'
[0.197s] Level 1:colcon.colcon_core.package_identification:_identify(src) by extensions ['ros']
[0.197s] Level 1:colcon.colcon_core.package_identification:_identify(src) by extension 'ros'
[0.197s] Level 1:colcon.colcon_core.package_identification:_identify(src) by extensions ['cmake', 'python']
[0.198s] Level 1:colcon.colcon_core.package_identification:_identify(src) by extension 'cmake'
[0.198s] Level 1:colcon.colcon_core.package_identification:_identify(src) by extension 'python'
[0.198s] Level 1:colcon.colcon_core.package_identification:_identify(src) by extensions ['python_setup_py']
[0.198s] Level 1:colcon.colcon_core.package_identification:_identify(src) by extension 'python_setup_py'
[0.198s] Level 1:colcon.colcon_core.package_identification:_identify(temperature) by extensions ['ignore', 'ignore_ament_install']
[0.198s] Level 1:colcon.colcon_core.package_identification:_identify(temperature) by extension 'ignore'
[0.198s] Level 1:colcon.colcon_core.package_identification:_identify(temperature) by extension 'ignore_ament_install'
[0.198s] Level 1:colcon.colcon_core.package_identification:_identify(temperature) by extensions ['colcon_pkg']
[0.198s] Level 1:colcon.colcon_core.package_identification:_identify(temperature) by extension 'colcon_pkg'
[0.198s] Level 1:colcon.colcon_core.package_identification:_identify(temperature) by extensions ['colcon_meta']
[0.198s] Level 1:colcon.colcon_core.package_identification:_identify(temperature) by extension 'colcon_meta'
[0.198s] Level 1:colcon.colcon_core.package_identification:_identify(temperature) by extensions ['ros']
[0.198s] Level 1:colcon.colcon_core.package_identification:_identify(temperature) by extension 'ros'
[0.201s] DEBUG:colcon.colcon_core.package_identification:Package 'temperature' with type 'ros.ament_python' and name 'temperature'
[0.201s] Level 1:colcon.colcon_core.package_discovery:discover_packages(recursive) using defaults
[0.201s] Level 1:colcon.colcon_core.package_discovery:discover_packages(ignore) discover
[0.201s] Level 1:colcon.colcon_core.package_discovery:discover_packages(ignore) using defaults
[0.201s] Level 1:colcon.colcon_core.package_discovery:discover_packages(path) discover
[0.201s] Level 1:colcon.colcon_core.package_discovery:discover_packages(path) using defaults
[0.222s] Level 1:colcon.colcon_core.package_discovery:discover_packages(prefix_path) check parameters
[0.222s] Level 1:colcon.colcon_core.package_discovery:discover_packages(prefix_path) discover
[0.225s] DEBUG:colcon.colcon_installed_package_information.package_discovery:Found 1 installed packages in /home/tommi/ros2/ws/install
[0.228s] DEBUG:colcon.colcon_installed_package_information.package_discovery:Found 327 installed packages in /opt/ros/jazzy
[0.230s] Level 1:colcon.colcon_core.package_discovery:discover_packages(prefix_path) using defaults
[0.297s] Level 5:colcon.colcon_core.verb:set package 'temperature' build argument 'cmake_args' from command line to 'None'
[0.297s] Level 5:colcon.colcon_core.verb:set package 'temperature' build argument 'cmake_target' from command line to 'None'
[0.297s] Level 5:colcon.colcon_core.verb:set package 'temperature' build argument 'cmake_target_skip_unavailable' from command line to 'False'
[0.297s] Level 5:colcon.colcon_core.verb:set package 'temperature' build argument 'cmake_clean_cache' from command line to 'False'
[0.297s] Level 5:colcon.colcon_core.verb:set package 'temperature' build argument 'cmake_clean_first' from command line to 'False'
[0.297s] Level 5:colcon.colcon_core.verb:set package 'temperature' build argument 'cmake_force_configure' from command line to 'False'
[0.297s] Level 5:colcon.colcon_core.verb:set package 'temperature' build argument 'ament_cmake_args' from command line to 'None'
[0.297s] Level 5:colcon.colcon_core.verb:set package 'temperature' build argument 'catkin_cmake_args' from command line to 'None'
[0.297s] Level 5:colcon.colcon_core.verb:set package 'temperature' build argument 'catkin_skip_building_tests' from command line to 'False'
[0.297s] DEBUG:colcon.colcon_core.verb:Building package 'temperature' with the following arguments: {'ament_cmake_args': None, 'build_base': '/home/tommi/ros2/ws/build/temperature', 'catkin_cmake_args': None, 'catkin_skip_building_tests': False, 'cmake_args': None, 'cmake_clean_cache': False, 'cmake_clean_first': False, 'cmake_force_configure': False, 'cmake_target': None, 'cmake_target_skip_unavailable': False, 'install_base': '/home/tommi/ros2/ws/install/temperature', 'merge_install': False, 'path': '/home/tommi/ros2/ws/temperature', 'symlink_install': True, 'test_result_base': None}
[0.297s] INFO:colcon.colcon_core.executor:Executing jobs using 'parallel' executor
[0.298s] DEBUG:colcon.colcon_parallel_executor.executor.parallel:run_until_complete
[0.298s] INFO:colcon.colcon_ros.task.ament_python.build:Building ROS package in '/home/tommi/ros2/ws/temperature' with build type 'ament_python'
[0.299s] Level 1:colcon.colcon_core.shell:create_environment_hook('temperature', 'ament_prefix_path')
[0.301s] INFO:colcon.colcon_core.plugin_system:Skipping extension 'colcon_core.shell.bat': Not used on non-Windows systems
[0.301s] INFO:colcon.colcon_core.shell:Creating environment hook '/home/tommi/ros2/ws/install/temperature/share/temperature/hook/ament_prefix_path.ps1'
[0.302s] INFO:colcon.colcon_core.shell:Creating environment descriptor '/home/tommi/ros2/ws/install/temperature/share/temperature/hook/ament_prefix_path.dsv'
[0.302s] INFO:colcon.colcon_core.shell:Creating environment hook '/home/tommi/ros2/ws/install/temperature/share/temperature/hook/ament_prefix_path.sh'
[0.302s] INFO:colcon.colcon_core.shell:Skip shell extension 'powershell' for command environment: Not usable outside of PowerShell
[0.303s] DEBUG:colcon.colcon_core.shell:Skip shell extension 'dsv' for command environment
[0.567s] INFO:colcon.colcon_core.task.python.build:Building Python package in '/home/tommi/ros2/ws/temperature'
[0.567s] INFO:colcon.colcon_core.shell:Skip shell extension 'powershell' for command environment: Not usable outside of PowerShell
[0.567s] DEBUG:colcon.colcon_core.shell:Skip shell extension 'dsv' for command environment
[1.255s] DEBUG:colcon.colcon_core.event_handler.log_command:Invoking command in '/home/tommi/ros2/ws/build/temperature': DEBUGINFOD_URLS=https://debuginfod.ubuntu.com PYTHONPATH=/home/tommi/ros2/ws/build/temperature/prefix_override:/usr/lib/python3/dist-packages/colcon_core/task/python/colcon_distutils_commands:/home/tommi/ros2/ws/install/temperature/lib/python3.12/site-packages:${PYTHONPATH} /usr/bin/python3 -W ignore:setup.py install is deprecated -W ignore:easy_install command is deprecated setup.py develop --editable --build-directory /home/tommi/ros2/ws/build/temperature/build --no-deps symlink_data
[2.043s] Level 1:colcon.colcon_core.shell:create_environment_hook('temperature', 'pythonpath_develop')
[2.043s] INFO:colcon.colcon_core.shell:Creating environment hook '/home/tommi/ros2/ws/build/temperature/share/temperature/hook/pythonpath_develop.ps1'
[2.044s] DEBUG:colcon.colcon_core.event_handler.log_command:Invoked command in '/home/tommi/ros2/ws/build/temperature' returned '0': DEBUGINFOD_URLS=https://debuginfod.ubuntu.com PYTHONPATH=/home/tommi/ros2/ws/build/temperature/prefix_override:/usr/lib/python3/dist-packages/colcon_core/task/python/colcon_distutils_commands:/home/tommi/ros2/ws/install/temperature/lib/python3.12/site-packages:${PYTHONPATH} /usr/bin/python3 -W ignore:setup.py install is deprecated -W ignore:easy_install command is deprecated setup.py develop --editable --build-directory /home/tommi/ros2/ws/build/temperature/build --no-deps symlink_data
[2.044s] INFO:colcon.colcon_core.shell:Creating environment descriptor '/home/tommi/ros2/ws/build/temperature/share/temperature/hook/pythonpath_develop.dsv'
[2.045s] INFO:colcon.colcon_core.shell:Creating environment hook '/home/tommi/ros2/ws/build/temperature/share/temperature/hook/pythonpath_develop.sh'
[2.048s] Level 1:colcon.colcon_core.environment:checking '/home/tommi/ros2/ws/install/temperature' for CMake module files
[2.049s] Level 1:colcon.colcon_core.environment:checking '/home/tommi/ros2/ws/install/temperature' for CMake config files
[2.050s] Level 1:colcon.colcon_core.environment:checking '/home/tommi/ros2/ws/install/temperature/lib'
[2.050s] Level 1:colcon.colcon_core.environment:checking '/home/tommi/ros2/ws/install/temperature/bin'
[2.050s] Level 1:colcon.colcon_core.environment:checking '/home/tommi/ros2/ws/install/temperature/lib/pkgconfig/temperature.pc'
[2.051s] Level 1:colcon.colcon_core.environment:checking '/home/tommi/ros2/ws/install/temperature/lib/python3.12/site-packages'
[2.051s] Level 1:colcon.colcon_core.shell:create_environment_hook('temperature', 'pythonpath')
[2.051s] INFO:colcon.colcon_core.shell:Creating environment hook '/home/tommi/ros2/ws/install/temperature/share/temperature/hook/pythonpath.ps1'
[2.052s] INFO:colcon.colcon_core.shell:Creating environment descriptor '/home/tommi/ros2/ws/install/temperature/share/temperature/hook/pythonpath.dsv'
[2.052s] INFO:colcon.colcon_core.shell:Creating environment hook '/home/tommi/ros2/ws/install/temperature/share/temperature/hook/pythonpath.sh'
[2.053s] Level 1:colcon.colcon_core.environment:checking '/home/tommi/ros2/ws/install/temperature/bin'
[2.053s] Level 1:colcon.colcon_core.environment:create_environment_scripts_only(temperature)
[2.053s] INFO:colcon.colcon_core.shell:Creating package script '/home/tommi/ros2/ws/install/temperature/share/temperature/package.ps1'
[2.054s] INFO:colcon.colcon_core.shell:Creating package descriptor '/home/tommi/ros2/ws/install/temperature/share/temperature/package.dsv'
[2.055s] INFO:colcon.colcon_core.shell:Creating package script '/home/tommi/ros2/ws/install/temperature/share/temperature/package.sh'
[2.056s] INFO:colcon.colcon_core.shell:Creating package script '/home/tommi/ros2/ws/install/temperature/share/temperature/package.bash'
[2.056s] INFO:colcon.colcon_core.shell:Creating package script '/home/tommi/ros2/ws/install/temperature/share/temperature/package.zsh'
[2.057s] Level 1:colcon.colcon_core.environment:create_file_with_runtime_dependencies(/home/tommi/ros2/ws/install/temperature/share/colcon-core/packages/temperature)
[2.057s] DEBUG:colcon.colcon_parallel_executor.executor.parallel:closing loop
[2.057s] DEBUG:colcon.colcon_parallel_executor.executor.parallel:loop closed
[2.057s] DEBUG:colcon.colcon_parallel_executor.executor.parallel:run_until_complete finished with '0'
[2.057s] DEBUG:colcon.colcon_core.event_reactor:joining thread
[2.063s] INFO:colcon.colcon_core.plugin_system:Skipping extension 'colcon_notification.desktop_notification.terminal_notifier': Not used on non-Darwin systems
[2.063s] INFO:colcon.colcon_core.plugin_system:Skipping extension 'colcon_notification.desktop_notification.win32': Not used on non-Windows systems
[2.063s] INFO:colcon.colcon_notification.desktop_notification:Sending desktop notification using 'notify2'
[2.077s] DEBUG:colcon.colcon_core.event_reactor:joined thread
[2.077s] INFO:colcon.colcon_core.shell:Creating prefix script '/home/tommi/ros2/ws/install/local_setup.ps1'
[2.078s] INFO:colcon.colcon_core.shell:Creating prefix util module '/home/tommi/ros2/ws/install/_local_setup_util_ps1.py'
[2.080s] INFO:colcon.colcon_core.shell:Creating prefix chain script '/home/tommi/ros2/ws/install/setup.ps1'
[2.081s] INFO:colcon.colcon_core.shell:Creating prefix script '/home/tommi/ros2/ws/install/local_setup.sh'
[2.081s] INFO:colcon.colcon_core.shell:Creating prefix util module '/home/tommi/ros2/ws/install/_local_setup_util_sh.py'
[2.082s] INFO:colcon.colcon_core.shell:Creating prefix chain script '/home/tommi/ros2/ws/install/setup.sh'
[2.083s] INFO:colcon.colcon_core.shell:Creating prefix script '/home/tommi/ros2/ws/install/local_setup.bash'
[2.083s] INFO:colcon.colcon_core.shell:Creating prefix chain script '/home/tommi/ros2/ws/install/setup.bash'
[2.084s] INFO:colcon.colcon_core.shell:Creating prefix script '/home/tommi/ros2/ws/install/local_setup.zsh'
[2.085s] INFO:colcon.colcon_core.shell:Creating prefix chain script '/home/tommi/ros2/ws/install/setup.zsh'
