[0.934s] Invoking command in '/home/tommi/ros2/ws/number_publisher': CMAKE_PREFIX_PATH=/home/tommi/ros2/ws/install/my_robot_interfaces:/home/tommi/ros2/ws/install/turtle_challenge_cpp:/home/tommi/ros2/ws/install/service_client_cpp:/opt/ros/jazzy/opt/gz_sim_vendor:/opt/ros/jazzy/opt/gz_sensors_vendor:/opt/ros/jazzy/opt/gz_physics_vendor:/opt/ros/jazzy/opt/sdformat_vendor:/opt/ros/jazzy/opt/gz_gui_vendor:/opt/ros/jazzy/opt/gz_transport_vendor:/opt/ros/jazzy/opt/gz_rendering_vendor:/opt/ros/jazzy/opt/gz_plugin_vendor:/opt/ros/jazzy/opt/gz_fuel_tools_vendor:/opt/ros/jazzy/opt/gz_msgs_vendor:/opt/ros/jazzy/opt/gz_common_vendor:/opt/ros/jazzy/opt/gz_math_vendor:/opt/ros/jazzy/opt/gz_utils_vendor:/opt/ros/jazzy/opt/gz_tools_vendor:/opt/ros/jazzy/opt/gz_ogre_next_vendor:/opt/ros/jazzy/opt/gz_dartsim_vendor:/opt/ros/jazzy/opt/gz_cmake_vendor DEBUGINFOD_URLS=https://debuginfod.ubuntu.com PYTHONPATH=/home/tommi/ros2/ws/build/number_publisher/prefix_override:/usr/lib/python3/dist-packages/colcon_core/task/python/colcon_distutils_commands:/home/tommi/ros2/ws/install/number_publisher/lib/python3.12/site-packages:/home/tommi/ros2/ws/install/my_robot_interfaces/lib/python3.12/site-packages:/home/tommi/ros2/ws/install/my_py_pkg/lib/python3.12/site-packages:/home/tommi/ros2/ws/install/number_publisher/lib/python3.12/site-packages:/home/tommi/ros2/ws/install/number_counter_py/lib/python3.12/site-packages:/home/tommi/ros2/ws/build/temperature:/home/tommi/ros2/ws/install/temperature/lib/python3.12/site-packages:/opt/ros/jazzy/lib/python3.12/site-packages /usr/bin/python3 -W ignore:setup.py install is deprecated -W ignore:easy_install command is deprecated setup.py egg_info --egg-base ../build/number_publisher build --build-base /home/tommi/ros2/ws/build/number_publisher/build install --record /home/tommi/ros2/ws/build/number_publisher/install.log --single-version-externally-managed install_data
[1.270s] running egg_info
[1.292s] writing ../build/number_publisher/number_publisher.egg-info/PKG-INFO
[1.292s] writing dependency_links to ../build/number_publisher/number_publisher.egg-info/dependency_links.txt
[1.293s] writing entry points to ../build/number_publisher/number_publisher.egg-info/entry_points.txt
[1.293s] writing requirements to ../build/number_publisher/number_publisher.egg-info/requires.txt
[1.293s] writing top-level names to ../build/number_publisher/number_publisher.egg-info/top_level.txt
[1.343s] reading manifest file '../build/number_publisher/number_publisher.egg-info/SOURCES.txt'
[1.344s] adding license file 'LICENSE'
[1.344s] writing manifest file '../build/number_publisher/number_publisher.egg-info/SOURCES.txt'
[1.345s] running build
[1.345s] running build_py
[1.345s] copying number_publisher/number_publisher.py -> /home/tommi/ros2/ws/build/number_publisher/build/lib/number_publisher
[1.345s] running install
[1.351s] running install_lib
[1.375s] copying /home/tommi/ros2/ws/build/number_publisher/build/lib/number_publisher/number_publisher.py -> /home/tommi/ros2/ws/install/number_publisher/lib/python3.12/site-packages/number_publisher
[1.375s] byte-compiling /home/tommi/ros2/ws/install/number_publisher/lib/python3.12/site-packages/number_publisher/number_publisher.py to number_publisher.cpython-312.pyc
[1.376s] running install_data
[1.377s] running install_egg_info
[1.400s] removing '/home/tommi/ros2/ws/install/number_publisher/lib/python3.12/site-packages/number_publisher-0.0.0-py3.12.egg-info' (and everything under it)
[1.401s] Copying ../build/number_publisher/number_publisher.egg-info to /home/tommi/ros2/ws/install/number_publisher/lib/python3.12/site-packages/number_publisher-0.0.0-py3.12.egg-info
[1.402s] running install_scripts
[1.565s] Installing number_publisher script to /home/tommi/ros2/ws/install/number_publisher/lib/number_publisher
[1.565s] writing list of installed files to '/home/tommi/ros2/ws/build/number_publisher/install.log'
[1.592s] Invoked command in '/home/tommi/ros2/ws/number_publisher' returned '0': CMAKE_PREFIX_PATH=/home/tommi/ros2/ws/install/my_robot_interfaces:/home/tommi/ros2/ws/install/turtle_challenge_cpp:/home/tommi/ros2/ws/install/service_client_cpp:/opt/ros/jazzy/opt/gz_sim_vendor:/opt/ros/jazzy/opt/gz_sensors_vendor:/opt/ros/jazzy/opt/gz_physics_vendor:/opt/ros/jazzy/opt/sdformat_vendor:/opt/ros/jazzy/opt/gz_gui_vendor:/opt/ros/jazzy/opt/gz_transport_vendor:/opt/ros/jazzy/opt/gz_rendering_vendor:/opt/ros/jazzy/opt/gz_plugin_vendor:/opt/ros/jazzy/opt/gz_fuel_tools_vendor:/opt/ros/jazzy/opt/gz_msgs_vendor:/opt/ros/jazzy/opt/gz_common_vendor:/opt/ros/jazzy/opt/gz_math_vendor:/opt/ros/jazzy/opt/gz_utils_vendor:/opt/ros/jazzy/opt/gz_tools_vendor:/opt/ros/jazzy/opt/gz_ogre_next_vendor:/opt/ros/jazzy/opt/gz_dartsim_vendor:/opt/ros/jazzy/opt/gz_cmake_vendor DEBUGINFOD_URLS=https://debuginfod.ubuntu.com PYTHONPATH=/home/tommi/ros2/ws/build/number_publisher/prefix_override:/usr/lib/python3/dist-packages/colcon_core/task/python/colcon_distutils_commands:/home/tommi/ros2/ws/install/number_publisher/lib/python3.12/site-packages:/home/tommi/ros2/ws/install/my_robot_interfaces/lib/python3.12/site-packages:/home/tommi/ros2/ws/install/my_py_pkg/lib/python3.12/site-packages:/home/tommi/ros2/ws/install/number_publisher/lib/python3.12/site-packages:/home/tommi/ros2/ws/install/number_counter_py/lib/python3.12/site-packages:/home/tommi/ros2/ws/build/temperature:/home/tommi/ros2/ws/install/temperature/lib/python3.12/site-packages:/opt/ros/jazzy/lib/python3.12/site-packages /usr/bin/python3 -W ignore:setup.py install is deprecated -W ignore:easy_install command is deprecated setup.py egg_info --egg-base ../build/number_publisher build --build-base /home/tommi/ros2/ws/build/number_publisher/build install --record /home/tommi/ros2/ws/build/number_publisher/install.log --single-version-externally-managed install_data
