running develop
running egg_info
writing my_py_pkg.egg-info/PKG-INFO
writing dependency_links to my_py_pkg.egg-info/dependency_links.txt
writing entry points to my_py_pkg.egg-info/entry_points.txt
writing requirements to my_py_pkg.egg-info/requires.txt
writing top-level names to my_py_pkg.egg-info/top_level.txt
reading manifest file 'my_py_pkg.egg-info/SOURCES.txt'
writing manifest file 'my_py_pkg.egg-info/SOURCES.txt'
running build_ext
Creating /home/tommi/ros2/ws/install/my_py_pkg/lib/python3.12/site-packages/my-py-pkg.egg-link (link to .)
Installing count_until_client_minimal script to /home/tommi/ros2/ws/install/my_py_pkg/lib/my_py_pkg
Installing count_until_server_minimal script to /home/tommi/ros2/ws/install/my_py_pkg/lib/my_py_pkg
Installing number_counter script to /home/tommi/ros2/ws/install/my_py_pkg/lib/my_py_pkg
Installing number_publisher script to /home/tommi/ros2/ws/install/my_py_pkg/lib/my_py_pkg
Installing reset_counter_client script to /home/tommi/ros2/ws/install/my_py_pkg/lib/my_py_pkg
Installing test_node script to /home/tommi/ros2/ws/install/my_py_pkg/lib/my_py_pkg

Installed /home/tommi/ros2/ws/build/my_py_pkg
running symlink_data
symbolically linking /home/tommi/ros2/ws/build/my_py_pkg/resource/my_py_pkg -> /home/tommi/ros2/ws/install/my_py_pkg/share/ament_index/resource_index/packages
symbolically linking /home/tommi/ros2/ws/build/my_py_pkg/package.xml -> /home/tommi/ros2/ws/install/my_py_pkg/share/my_py_pkg
