[0.015s] Invoking command in '/home/tommi/ros2/ws/build/service_client_cpp': CMAKE_PREFIX_PATH=${CMAKE_PREFIX_PATH}:/home/tommi/ros2/ws/install/temperature:/home/tommi/ros2/ws/install/number_publisher:/home/tommi/ros2/ws/install/number_counter_py:/opt/ros/jazzy DEBUGINFOD_URLS=https://debuginfod.ubuntu.com PYTHONPATH=/home/tommi/ros2/ws/install/my_robot_interfaces/lib/python3.12/site-packages:/home/tommi/ros2/ws/build/temperature:/home/tommi/ros2/ws/install/temperature/lib/python3.12/site-packages:/home/tommi/ros2/ws/install/number_publisher/lib/python3.12/site-packages:/home/tommi/ros2/ws/install/number_counter_py/lib/python3.12/site-packages:/opt/ros/jazzy/lib/python3.12/site-packages /usr/bin/cmake --build /home/tommi/ros2/ws/build/service_client_cpp -- -j8 -l8
[0.092s] [ 50%] [32mBuilding CXX object CMakeFiles/call_client.dir/src/call_client.cpp.o[0m
[0.426s] [01m[K/home/tommi/ros2/ws/service_client_cpp/src/call_client.cpp:14:51:[m[K [01;35m[Kwarning: [m[Kcharacter constant too long for its type
[0.426s]    14 |       client_ = this->create_client<ResetCounter>([01;35m[K'reset_counter'[m[K);
[0.427s]       |                                                   [01;35m[K^~~~~~~~~~~~~~~[m[K
[2.340s] [01m[K/home/tommi/ros2/ws/service_client_cpp/src/call_client.cpp:7:12:[m[K [01;31m[Kerror: [m[Kusing-declaration may not name namespace ‘[01m[Kstd::placeholders[m[K’
[2.340s]     7 | using std::[01;31m[Kplaceholders[m[K;
[2.340s]       |            [01;31m[K^~~~~~~~~~~~[m[K
[2.340s] [01m[K/home/tommi/ros2/ws/service_client_cpp/src/call_client.cpp:8:22:[m[K [01;31m[Kerror: [m[Kusing-declaration may not name namespace ‘[01m[Kstd::literals::chrono_literals[m[K’
[2.341s]     8 | using std::literals::[01;31m[Kchrono_literals[m[K;
[2.341s]       |                      [01;31m[K^~~~~~~~~~~~~~~[m[K
[2.348s] [01m[K/home/tommi/ros2/ws/service_client_cpp/src/call_client.cpp:35:2:[m[K [01;31m[Kerror: [m[Kexpected ‘[01m[K;[m[K’ after class definition
[2.349s]    35 | }
[2.349s]       |  [01;31m[K^[m[K
[2.349s]       |  [32m[K;[m[K
[2.349s] [01m[K/home/tommi/ros2/ws/service_client_cpp/src/call_client.cpp:[m[K In constructor ‘[01m[KCallClient::[01;32m[KCallClient[m[K()[m[K’:
[2.349s] [01m[K/home/tommi/ros2/ws/service_client_cpp/src/call_client.cpp:14:50:[m[K [01;31m[Kerror: [m[Kno matching function for call to ‘[01m[KCallClient::create_client<ResetCounter>(int)[m[K’
[2.349s]    14 |       client_ = [01;31m[Kthis->create_client<ResetCounter>('reset_counter')[m[K;
[2.350s]       |                 [01;31m[K~~~~~~~~~~~~~~~~~~~~~~~~~~~~~~~~~^~~~~~~~~~~~~~~~~[m[K
[2.350s] In file included from [01m[K/opt/ros/jazzy/include/rclcpp/rclcpp/executors/single_threaded_executor.hpp:28[m[K,
[2.350s]                  from [01m[K/opt/ros/jazzy/include/rclcpp/rclcpp/executors.hpp:22[m[K,
[2.350s]                  from [01m[K/opt/ros/jazzy/include/rclcpp/rclcpp/rclcpp.hpp:172[m[K,
[2.350s]                  from [01m[K/home/tommi/ros2/ws/service_client_cpp/src/call_client.cpp:2[m[K:
[2.350s] [01m[K/opt/ros/jazzy/include/rclcpp/rclcpp/node.hpp:271:3:[m[K [01;36m[Knote: [m[Kcandidate: ‘[01m[Ktemplate<class ServiceT> typename rclcpp::Client<ServiceT>::SharedPtr rclcpp::Node::[01;32m[Kcreate_client[m[K(const std::string&, const rmw_qos_profile_t&, rclcpp::CallbackGroup::SharedPtr)[m[K’
[2.350s]   271 |   [01;36m[Kcreate_client[m[K(
[2.350s]       |   [01;36m[K^~~~~~~~~~~~~[m[K
[2.351s] [01m[K/opt/ros/jazzy/include/rclcpp/rclcpp/node.hpp:271:3:[m[K [01;36m[Knote: [m[K  candidate expects 2 arguments, 1 provided
[2.351s] In file included from [01m[K/opt/ros/jazzy/include/rclcpp/rclcpp/node.hpp:1663[m[K:
[2.351s] [01m[K/opt/ros/jazzy/include/rclcpp/rclcpp/node_impl.hpp:143:1:[m[K [01;36m[Knote: [m[Kcandidate: ‘[01m[Ktypename rclcpp::Client<ServiceT>::SharedPtr rclcpp::Node::[01;32m[Kcreate_client[m[K(const std::string&, const rclcpp::QoS&, rclcpp::CallbackGroup::SharedPtr) [35m[K[with ServiceT = my_robot_interfaces::srv::ResetCounter; typename rclcpp::Client<ServiceT>::SharedPtr = std::shared_ptr<rclcpp::Client<my_robot_interfaces::srv::ResetCounter> >; std::string = std::__cxx11::basic_string<char>; rclcpp::CallbackGroup::SharedPtr = std::shared_ptr<rclcpp::CallbackGroup>][m[K[m[K’
[2.351s]   143 | [01;36m[KNode[m[K::create_client(
[2.351s]       | [01;36m[K^~~~[m[K
[2.351s] [01m[K/opt/ros/jazzy/include/rclcpp/rclcpp/node_impl.hpp:144:23:[m[K [01;36m[Knote: [m[K  no known conversion for argument 1 from ‘[01m[Kint[m[K’ to ‘[01m[Kconst std::string&[m[K’ {aka ‘[01m[Kconst std::__cxx11::basic_string<char>&[m[K’}
[2.351s]   144 |   [01;36m[Kconst std::string & service_name[m[K,
[2.352s]       |   [01;36m[K~~~~~~~~~~~~~~~~~~~~^~~~~~~~~~~~[m[K
[2.363s] [01m[K/home/tommi/ros2/ws/service_client_cpp/src/call_client.cpp:[m[K At global scope:
[2.364s] [01m[K/home/tommi/ros2/ws/service_client_cpp/src/call_client.cpp:46:1:[m[K [01;31m[Kerror: [m[Kexpected declaration before ‘[01m[K}[m[K’ token
[2.364s]    46 | [01;31m[K}[m[K
[2.364s]       | [01;31m[K^[m[K
[3.160s] gmake[2]: *** [CMakeFiles/call_client.dir/build.make:76: CMakeFiles/call_client.dir/src/call_client.cpp.o] Error 1
[3.161s] gmake[1]: *** [CMakeFiles/Makefile2:137: CMakeFiles/call_client.dir/all] Error 2
[3.161s] gmake: *** [Makefile:146: all] Error 2
[3.163s] Invoked command in '/home/tommi/ros2/ws/build/service_client_cpp' returned '2': CMAKE_PREFIX_PATH=${CMAKE_PREFIX_PATH}:/home/tommi/ros2/ws/install/temperature:/home/tommi/ros2/ws/install/number_publisher:/home/tommi/ros2/ws/install/number_counter_py:/opt/ros/jazzy DEBUGINFOD_URLS=https://debuginfod.ubuntu.com PYTHONPATH=/home/tommi/ros2/ws/install/my_robot_interfaces/lib/python3.12/site-packages:/home/tommi/ros2/ws/build/temperature:/home/tommi/ros2/ws/install/temperature/lib/python3.12/site-packages:/home/tommi/ros2/ws/install/number_publisher/lib/python3.12/site-packages:/home/tommi/ros2/ws/install/number_counter_py/lib/python3.12/site-packages:/opt/ros/jazzy/lib/python3.12/site-packages /usr/bin/cmake --build /home/tommi/ros2/ws/build/service_client_cpp -- -j8 -l8
